Log file open, 12/01/21 00:18:19
LogWindows: Failed to load 'aqProf.dll' (GetLastError=126)
LogWindows: File 'aqProf.dll' does not exist
LogWindows: Failed to load 'VtuneApi.dll' (GetLastError=126)
LogWindows: File 'VtuneApi.dll' does not exist
LogWindows: Failed to load 'VtuneApi32e.dll' (GetLastError=126)
LogWindows: File 'VtuneApi32e.dll' does not exist
LogConsoleResponse: Display: Failed to find resolution value strings in scalability ini. Falling back to default.
LogConsoleResponse: Display: Failed to find resolution value strings in scalability ini. Falling back to default.
LogInit: Display: Running engine for game: FighterFlight
LogPlatformFile: Not using cached read wrapper
LogTaskGraph: Started task graph with 5 named threads and 23 total threads with 3 sets of task threads.
LogStats: Stats thread started at 0.345552
LogICUInternationalization: ICU TimeZone Detection - Raw Offset: -6:00, Platform Override: ''
LogInit: Display: Loading text-based GConfig....
LogPluginManager: Mounting plugin MeshPainting
LogPluginManager: Mounting plugin XGEController
LogPluginManager: Mounting plugin AISupport
LogPluginManager: Mounting plugin LiveLink
LogPluginManager: Mounting plugin Paper2D
LogPluginManager: Mounting plugin EnvironmentQueryEditor
LogPluginManager: Mounting plugin GameplayCameras
LogPluginManager: Mounting plugin CameraShakePreviewer
LogPluginManager: Mounting plugin OodleData
LogPluginManager: Mounting plugin OodleNetwork
LogPluginManager: Mounting plugin LightPropagationVolume
LogPluginManager: Mounting plugin AnimationSharing
LogPluginManager: Mounting plugin CLionSourceCodeAccess
LogPluginManager: Mounting plugin GitSourceControl
LogPluginManager: Mounting plugin CodeLiteSourceCodeAccess
LogPluginManager: Mounting plugin KDevelopSourceCodeAccess
LogPluginManager: Mounting plugin PerforceSourceControl
LogPluginManager: Mounting plugin NullSourceCodeAccess
LogPluginManager: Mounting plugin PixWinPlugin
LogPluginManager: Mounting plugin PlasticSourceControl
LogPluginManager: Mounting plugin PropertyAccessNode
LogPluginManager: Mounting plugin PluginUtils
LogPluginManager: Mounting plugin RiderSourceCodeAccess
LogPluginManager: Mounting plugin SubversionSourceControl
LogPluginManager: Mounting plugin TextureFormatOodle
LogPluginManager: Mounting plugin UObjectPlugin
LogPluginManager: Mounting plugin XCodeSourceCodeAccess
LogPluginManager: Mounting plugin DatasmithContent
LogPluginManager: Mounting plugin VisualStudioCodeSourceCodeAccess
LogPluginManager: Mounting plugin VisualStudioSourceCodeAccess
LogPluginManager: Mounting plugin LuminPlatformFeatures
LogPluginManager: Mounting plugin MagicLeap
LogPluginManager: Mounting plugin VariantManagerContent
LogPluginManager: Mounting plugin MagicLeapPassableWorld
LogPluginManager: Mounting plugin MagicLeapLightEstimation
LogPluginManager: Mounting plugin MagicLeapMedia
LogPluginManager: Mounting plugin AssetManagerEditor
LogPluginManager: Mounting plugin MLSDK
LogPluginManager: Mounting plugin CryptoKeys
LogPluginManager: Mounting plugin DataValidation
LogPluginManager: Mounting plugin CurveEditorTools
LogPluginManager: Mounting plugin FacialAnimation
LogPluginManager: Mounting plugin GameplayTagsEditor
LogPluginManager: Mounting plugin GeometryMode
LogPluginManager: Mounting plugin MacGraphicsSwitching
LogPluginManager: Mounting plugin MaterialAnalyzer
LogPluginManager: Mounting plugin MobileLauncherProfileWizard
LogPluginManager: Mounting plugin PluginBrowser
LogPluginManager: Mounting plugin AndroidMedia
LogPluginManager: Mounting plugin SpeedTreeImporter
LogPluginManager: Mounting plugin AvfMedia
LogPluginManager: Mounting plugin ImgMedia
LogPluginManager: Mounting plugin MediaPlayerEditor
LogPluginManager: Mounting plugin MediaCompositing
LogPluginManager: Mounting plugin WebMMedia
LogPluginManager: Mounting plugin WmfMedia
LogPluginManager: Mounting plugin ActorSequence
LogPluginManager: Mounting plugin LevelSequenceEditor
LogPluginManager: Mounting plugin MatineeToLevelSequence
LogPluginManager: Mounting plugin TcpMessaging
LogPluginManager: Mounting plugin TemplateSequence
LogPluginManager: Mounting plugin AlembicImporter
LogPluginManager: Mounting plugin UdpMessaging
LogPluginManager: Mounting plugin AutomationUtils
LogPluginManager: Mounting plugin BackChannel
LogPluginManager: Mounting plugin ChaosClothEditor
LogPluginManager: Mounting plugin ChaosCloth
LogPluginManager: Mounting plugin ChaosNiagara
LogPluginManager: Mounting plugin ChaosSolverPlugin
LogPluginManager: Mounting plugin ChaosEditor
LogPluginManager: Mounting plugin CharacterAI
LogPluginManager: Mounting plugin GeometryCache
LogPluginManager: Mounting plugin GeometryProcessing
LogPluginManager: Mounting plugin GeometryCollectionPlugin
LogPluginManager: Mounting plugin MotoSynth
LogPluginManager: Mounting plugin OpenImageDenoise
LogPluginManager: Mounting plugin PlanarCut
LogPluginManager: Mounting plugin PlatformCrypto
LogPluginManager: Mounting plugin ProxyLODPlugin
LogPluginManager: Mounting plugin PythonScriptPlugin
LogPluginManager: Mounting plugin SkeletalReduction
LogPluginManager: Mounting plugin OnlineSubsystem
LogPluginManager: Mounting plugin OnlineSubsystemNull
LogPluginManager: Mounting plugin OnlineSubsystemSteam
LogPluginManager: Mounting plugin OnlineSubsystemUtils
LogPluginManager: Mounting plugin Niagara
LogPluginManager: Mounting plugin LauncherChunkInstaller
LogPluginManager: Mounting plugin ActorLayerUtilities
LogPluginManager: Mounting plugin AndroidDeviceProfileSelector
LogPluginManager: Mounting plugin AndroidMoviePlayer
LogPluginManager: Mounting plugin AndroidPermission
LogPluginManager: Mounting plugin AppleMoviePlayer
LogPluginManager: Mounting plugin AppleImageUtils
LogPluginManager: Mounting plugin AssetTags
LogPluginManager: Mounting plugin AudioSynesthesia
LogPluginManager: Mounting plugin AudioCapture
LogPluginManager: Mounting plugin CustomMeshComponent
LogPluginManager: Mounting plugin ChunkDownloader
LogPluginManager: Mounting plugin ArchVisCharacter
LogPluginManager: Mounting plugin EditableMesh
LogPluginManager: Mounting plugin GoogleCloudMessaging
LogPluginManager: Mounting plugin GooglePAD
LogPluginManager: Mounting plugin ExampleDeviceProfileSelector
LogPluginManager: Mounting plugin CableComponent
LogPluginManager: Mounting plugin Takes
LogPluginManager: Mounting plugin ScreenshotTools
LogPluginManager: Mounting plugin LinuxDeviceProfileSelector
LogPluginManager: Mounting plugin IOSDeviceProfileSelector
LogPluginManager: Mounting plugin LocationServicesBPLibrary
LogPluginManager: Mounting plugin MobilePatchingUtils
LogPluginManager: Mounting plugin OpenXR
LogPluginManager: Mounting plugin OpenXRHandTracking
LogPluginManager: Mounting plugin OpenXREyeTracker
LogPluginManager: Mounting plugin PostSplashScreen
LogPluginManager: Mounting plugin ProceduralMeshComponent
LogPluginManager: Mounting plugin PropertyAccessEditor
LogPluginManager: Mounting plugin PhysXVehicles
LogPluginManager: Mounting plugin ResonanceAudio
LogPluginManager: Mounting plugin SignificanceManager
LogPluginManager: Mounting plugin RuntimePhysXCooking
LogPluginManager: Mounting plugin SoundFields
LogPluginManager: Mounting plugin WebMMoviePlayer
LogPluginManager: Mounting plugin WindowsMoviePlayer
LogPluginManager: Mounting plugin Synthesis
LogPluginManager: Mounting plugin ContentBrowserAssetDataSource
LogPluginManager: Mounting plugin ContentBrowserClassDataSource
LogPluginManager: Mounting plugin ContentBrowserFileDataSource
LogPluginManager: Mounting plugin OnlineSubsystemGooglePlay
LogPluginManager: Mounting plugin OnlineSubsystemIOS
LogPluginManager: Mounting plugin OculusOpenXR
LogPluginManager: Mounting plugin SteamShared
LogPluginManager: Mounting plugin AdvancedSessions
LogPluginManager: Mounting plugin AdvancedSteamSessions
LogPluginManager: Mounting plugin OpenVRExpansionPlugin
LogPluginManager: Mounting plugin VRExpansionPlugin
LogPluginManager: Mounting plugin OpenXRExpansionPlugin
PixWinPlugin: PIX capture plugin failed to initialize! Check that the process is launched from PIX.
LogInit: Using libcurl 7.55.1-DEV
LogInit:  - built for x86_64-pc-win32
LogInit:  - supports SSL with OpenSSL/1.1.1
LogInit:  - supports HTTP deflate (compression) using libz 1.2.8
LogInit:  - other features:
LogInit:      CURL_VERSION_SSL
LogInit:      CURL_VERSION_LIBZ
LogInit:      CURL_VERSION_IPV6
LogInit:      CURL_VERSION_ASYNCHDNS
LogInit:      CURL_VERSION_LARGEFILE
LogInit:      CURL_VERSION_IDN
LogInit:  CurlRequestOptions (configurable via config and command line):
LogInit:  - bVerifyPeer = true  - Libcurl will verify peer certificate
LogInit:  - bUseHttpProxy = false  - Libcurl will NOT use HTTP proxy
LogInit:  - bDontReuseConnections = false  - Libcurl will reuse connections
LogInit:  - MaxHostConnections = 16  - Libcurl will limit the number of connections to a host
LogInit:  - LocalHostAddr = Default
LogInit:  - BufferSize = 65536
LogSteamShared: Display: Loading Steam SDK 1.51
LogSteamShared: Steam SDK Loaded!
LogOnline: OSS: Creating online subsystem instance for: Steam
LogOnline: STEAM: Steam User is subscribed 1
LogOnline: STEAM: [AppId: 480] Client API initialized 1
LogOnline: STEAM: Initializing SteamNetworking Layer
LogOnline: STEAM: Missing P2PCleanupTimeout key in OnlineSubsystemSteam of DefaultEngine.ini, using default
LogInit: WinSock: version 1.1 (2.2), MaxSocks=32767, MaxUdp=65467
LogOnline: OSS: TryLoadSubsystemAndSetDefault: Loaded subsystem for module [Steam]
LogInit: Build: ++UE4+Release-4.27-CL-17735300
LogInit: Engine Version: 4.27.1-17735300+++UE4+Release-4.27
LogInit: Compatible Engine Version: 4.27.0-17155196+++UE4+Release-4.27
LogInit: Net CL: 17155196
LogInit: OS: Windows 10 (Release 2009) (), CPU: Intel(R) Core(TM) i7-6700K CPU @ 4.00GHz, GPU: NVIDIA GeForce GTX 1080
LogInit: Compiled (64-bit): Oct  6 2021 14:42:51
LogInit: Compiled with Visual C++: 19.24.28315.00
LogInit: Build Configuration: Development
LogInit: Branch Name: ++UE4+Release-4.27
LogInit: Command Line:  /Game/Maps/DemoMap?Listen -game -PIEVIACONSOLE -Multiprocess GameUserSettingsINI=C:/Users/judgementine/Documents/GitHub/VR-Flight-Fighter/FighterFlight/Saved/Config/Windows/PIEGameUserSettings0.ini -MultiprocessSaveConfig -forcepassthrough -messaging -SessionName="Play in Standalone Game" -port=17777 -windowed -WinX=2 -WinY=24 SAVEWINPOS=1 -ResX=640 -ResY=480
LogInit: Base Directory: G:/UE_4.27/Engine/Binaries/Win64/
LogInit: Allocator: TBB
LogInit: Installed Engine Build: 1
LogDevObjectVersion: Number of dev versions registered: 29
LogDevObjectVersion:   Dev-Blueprints (B0D832E4-1F89-4F0D-ACCF-7EB736FD4AA2): 10
LogDevObjectVersion:   Dev-Build (E1C64328-A22C-4D53-A36C-8E866417BD8C): 0
LogDevObjectVersion:   Dev-Core (375EC13C-06E4-48FB-B500-84F0262A717E): 4
LogDevObjectVersion:   Dev-Editor (E4B068ED-F494-42E9-A231-DA0B2E46BB41): 40
LogDevObjectVersion:   Dev-Framework (CFFC743F-43B0-4480-9391-14DF171D2073): 37
LogDevObjectVersion:   Dev-Mobile (B02B49B5-BB20-44E9-A304-32B752E40360): 3
LogDevObjectVersion:   Dev-Networking (A4E4105C-59A1-49B5-A7C5-40C4547EDFEE): 0
LogDevObjectVersion:   Dev-Online (39C831C9-5AE6-47DC-9A44-9C173E1C8E7C): 0
LogDevObjectVersion:   Dev-Physics (78F01B33-EBEA-4F98-B9B4-84EACCB95AA2): 14
LogDevObjectVersion:   Dev-Platform (6631380F-2D4D-43E0-8009-CF276956A95A): 0
LogDevObjectVersion:   Dev-Rendering (12F88B9F-8875-4AFC-A67C-D90C383ABD29): 45
LogDevObjectVersion:   Dev-Sequencer (7B5AE74C-D270-4C10-A958-57980B212A5A): 13
LogDevObjectVersion:   Dev-VR (D7296918-1DD6-4BDD-9DE2-64A83CC13884): 3
LogDevObjectVersion:   Dev-LoadTimes (C2A15278-BFE7-4AFE-6C17-90FF531DF755): 1
LogDevObjectVersion:   Private-Geometry (6EACA3D4-40EC-4CC1-B786-8BED09428FC5): 3
LogDevObjectVersion:   Dev-AnimPhys (29E575DD-E0A3-4627-9D10-D276232CDCEA): 17
LogDevObjectVersion:   Dev-Anim (AF43A65D-7FD3-4947-9873-3E8ED9C1BB05): 15
LogDevObjectVersion:   Dev-ReflectionCapture (6B266CEC-1EC7-4B8F-A30B-E4D90942FC07): 1
LogDevObjectVersion:   Dev-Automation (0DF73D61-A23F-47EA-B727-89E90C41499A): 1
LogDevObjectVersion:   FortniteMain (601D1886-AC64-4F84-AA16-D3DE0DEAC7D6): 47
LogDevObjectVersion:   FortniteRelease (E7086368-6B23-4C58-8439-1B7016265E91): 1
LogDevObjectVersion:   Dev-Enterprise (9DFFBCD6-494F-0158-E221-12823C92A888): 10
LogDevObjectVersion:   Dev-Niagara (F2AED0AC-9AFE-416F-8664-AA7FFA26D6FC): 1
LogDevObjectVersion:   Dev-Destruction (174F1F0B-B4C6-45A5-B13F-2EE8D0FB917D): 10
LogDevObjectVersion:   Dev-Physics-Ext (35F94A83-E258-406C-A318-09F59610247C): 41
LogDevObjectVersion:   Dev-PhysicsMaterial-Chaos (B68FC16E-8B1B-42E2-B453-215C058844FE): 1
LogDevObjectVersion:   Dev-CineCamera (B2E18506-4273-CFC2-A54E-F4BB758BBA07): 1
LogDevObjectVersion:   Dev-VirtualProduction (64F58936-FD1B-42BA-BA96-7289D5D0FA4E): 1
LogDevObjectVersion:   Dev-MediaFramework (6F0ED827-A609-4895-9C91-998D90180EA4): 2
LogInit: Presizing for max 25165824 objects, including 0 objects not considered by GC, pre-allocating 0 bytes for permanent pool.
LogConfig: Applying CVar settings from Section [/Script/Engine.StreamingSettings] File [C:/Users/judgementine/Documents/GitHub/VR-Flight-Fighter/FighterFlight/Saved/Config/Windows/Engine.ini]
LogConfig: Setting CVar [[s.MinBulkDataSizeForAsyncLoading:131072]]
LogConfig: Setting CVar [[s.AsyncLoadingThreadEnabled:0]]
LogConfig: Setting CVar [[s.EventDrivenLoaderEnabled:1]]
LogConfig: Setting CVar [[s.WarnIfTimeLimitExceeded:0]]
LogConfig: Setting CVar [[s.TimeLimitExceededMultiplier:1.5]]
LogConfig: Setting CVar [[s.TimeLimitExceededMinTime:0.005]]
LogConfig: Setting CVar [[s.UseBackgroundLevelStreaming:1]]
LogConfig: Setting CVar [[s.PriorityAsyncLoadingExtraTime:15.0]]
LogConfig: Setting CVar [[s.LevelStreamingActorsUpdateTimeLimit:5.0]]
LogConfig: Setting CVar [[s.PriorityLevelStreamingActorsUpdateExtraTime:5.0]]
LogConfig: Setting CVar [[s.LevelStreamingComponentsRegistrationGranularity:10]]
LogConfig: Setting CVar [[s.UnregisterComponentsTimeLimit:1.0]]
LogConfig: Setting CVar [[s.LevelStreamingComponentsUnregistrationGranularity:5]]
LogConfig: Setting CVar [[s.FlushStreamingOnExit:1]]
LogInit: Object subsystem initialized
LogConfig: Setting CVar [[con.DebugEarlyDefault:1]]
LogConfig: Setting CVar [[r.setres:1280x720]]
[2021.12.01-06.18.20:396][  0]LogConfig: Setting CVar [[con.DebugEarlyDefault:1]]
[2021.12.01-06.18.20:396][  0]LogConfig: Setting CVar [[r.setres:1280x720]]
[2021.12.01-06.18.20:396][  0]LogConfig: Applying CVar settings from Section [/Script/Engine.RendererSettings] File [C:/Users/judgementine/Documents/GitHub/VR-Flight-Fighter/FighterFlight/Saved/Config/Windows/Engine.ini]
[2021.12.01-06.18.20:396][  0]LogConfig: Setting CVar [[r.GPUCrashDebugging:0]]
[2021.12.01-06.18.20:396][  0]LogConfig: Setting CVar [[r.Mobile.DisableVertexFog:1]]
[2021.12.01-06.18.20:396][  0]LogConfig: Setting CVar [[r.Shadow.CSM.MaxMobileCascades:2]]
[2021.12.01-06.18.20:397][  0]LogConfig: Setting CVar [[r.MobileMSAA:4]]
[2021.12.01-06.18.20:397][  0]LogConfig: Setting CVar [[r.Mobile.AllowDitheredLODTransition:0]]
[2021.12.01-06.18.20:397][  0]LogConfig: Setting CVar [[r.Mobile.AllowSoftwareOcclusion:0]]
[2021.12.01-06.18.20:397][  0]LogConfig: Setting CVar [[r.Mobile.VirtualTextures:0]]
[2021.12.01-06.18.20:397][  0]LogConfig: Setting CVar [[r.DiscardUnusedQuality:0]]
[2021.12.01-06.18.20:397][  0]LogConfig: Setting CVar [[r.AllowOcclusionQueries:1]]
[2021.12.01-06.18.20:397][  0]LogConfig: Setting CVar [[r.MinScreenRadiusForLights:0.030000]]
[2021.12.01-06.18.20:397][  0]LogConfig: Setting CVar [[r.MinScreenRadiusForDepthPrepass:0.030000]]
[2021.12.01-06.18.20:397][  0]LogConfig: Setting CVar [[r.MinScreenRadiusForCSMDepth:0.010000]]
[2021.12.01-06.18.20:397][  0]LogConfig: Setting CVar [[r.PrecomputedVisibilityWarning:0]]
[2021.12.01-06.18.20:397][  0]LogConfig: Setting CVar [[r.TextureStreaming:1]]
[2021.12.01-06.18.20:397][  0]LogConfig: Setting CVar [[Compat.UseDXT5NormalMaps:0]]
[2021.12.01-06.18.20:397][  0]LogConfig: Setting CVar [[r.VirtualTextures:0]]
[2021.12.01-06.18.20:397][  0]LogConfig: Setting CVar [[r.VirtualTexturedLightmaps:0]]
[2021.12.01-06.18.20:397][  0]LogConfig: Setting CVar [[r.VT.TileSize:128]]
[2021.12.01-06.18.20:397][  0]LogConfig: Setting CVar [[r.VT.TileBorderSize:4]]
[2021.12.01-06.18.20:397][  0]LogConfig: Setting CVar [[r.vt.FeedbackFactor:16]]
[2021.12.01-06.18.20:397][  0]LogConfig: Setting CVar [[r.VT.EnableCompressZlib:1]]
[2021.12.01-06.18.20:397][  0]LogConfig: Setting CVar [[r.VT.EnableCompressCrunch:0]]
[2021.12.01-06.18.20:397][  0]LogConfig: Setting CVar [[r.ClearCoatNormal:0]]
[2021.12.01-06.18.20:397][  0]LogConfig: Setting CVar [[r.ReflectionCaptureResolution:128]]
[2021.12.01-06.18.20:397][  0]LogConfig: Setting CVar [[r.Mobile.ReflectionCaptureCompression:0]]
[2021.12.01-06.18.20:397][  0]LogConfig: Setting CVar [[r.ReflectionEnvironmentLightmapMixBasedOnRoughness:1]]
[2021.12.01-06.18.20:397][  0]LogConfig: Setting CVar [[r.ForwardShading:1]]
[2021.12.01-06.18.20:397][  0]LogConfig: Setting CVar [[r.VertexFoggingForOpaque:1]]
[2021.12.01-06.18.20:397][  0]LogConfig: Setting CVar [[r.AllowStaticLighting:1]]
[2021.12.01-06.18.20:397][  0]LogConfig: Setting CVar [[r.NormalMapsForStaticLighting:0]]
[2021.12.01-06.18.20:397][  0]LogConfig: Setting CVar [[r.GenerateMeshDistanceFields:0]]
[2021.12.01-06.18.20:397][  0]LogConfig: Setting CVar [[r.DistanceFieldBuild.EightBit:0]]
[2021.12.01-06.18.20:397][  0]LogConfig: Setting CVar [[r.GenerateLandscapeGIData:0]]
[2021.12.01-06.18.20:397][  0]LogConfig: Setting CVar [[r.DistanceFieldBuild.Compress:0]]
[2021.12.01-06.18.20:397][  0]LogConfig: Setting CVar [[r.TessellationAdaptivePixelsPerTriangle:48.000000]]
[2021.12.01-06.18.20:397][  0]LogConfig: Setting CVar [[r.SeparateTranslucency:0]]
[2021.12.01-06.18.20:397][  0]LogConfig: Setting CVar [[r.TranslucentSortPolicy:0]]
[2021.12.01-06.18.20:397][  0]LogConfig: Setting CVar [[r.CustomDepth:1]]
[2021.12.01-06.18.20:397][  0]LogConfig: Setting CVar [[r.CustomDepthTemporalAAJitter:1]]
[2021.12.01-06.18.20:397][  0]LogConfig: Setting CVar [[r.PostProcessing.PropagateAlpha:0]]
[2021.12.01-06.18.20:397][  0]LogConfig: Setting CVar [[r.DefaultFeature.Bloom:0]]
[2021.12.01-06.18.20:397][  0]LogConfig: Setting CVar [[r.DefaultFeature.AmbientOcclusion:0]]
[2021.12.01-06.18.20:397][  0]LogConfig: Setting CVar [[r.DefaultFeature.AmbientOcclusionStaticFraction:1]]
[2021.12.01-06.18.20:397][  0]LogConfig: Setting CVar [[r.DefaultFeature.AutoExposure:0]]
[2021.12.01-06.18.20:397][  0]LogConfig: Setting CVar [[r.DefaultFeature.AutoExposure.Method:0]]
[2021.12.01-06.18.20:397][  0]LogConfig: Setting CVar [[r.DefaultFeature.AutoExposure.Bias:1.000000]]
[2021.12.01-06.18.20:397][  0]LogConfig: Setting CVar [[r.DefaultFeature.AutoExposure.ExtendDefaultLuminanceRange:1]]
[2021.12.01-06.18.20:397][  0]LogConfig: Setting CVar [[r.UsePreExposure:1]]
[2021.12.01-06.18.20:398][  0]LogConfig: Setting CVar [[r.EyeAdaptation.EditorOnly:0]]
[2021.12.01-06.18.20:398][  0]LogConfig: Setting CVar [[r.DefaultFeature.MotionBlur:0]]
[2021.12.01-06.18.20:398][  0]LogConfig: Setting CVar [[r.DefaultFeature.LensFlare:0]]
[2021.12.01-06.18.20:398][  0]LogConfig: Setting CVar [[r.TemporalAA.Upsampling:0]]
[2021.12.01-06.18.20:398][  0]LogConfig: Setting CVar [[r.SSGI.Enable:0]]
[2021.12.01-06.18.20:398][  0]LogConfig: Setting CVar [[r.DefaultFeature.AntiAliasing:3]]
[2021.12.01-06.18.20:398][  0]LogConfig: Setting CVar [[r.DefaultFeature.LightUnits:1]]
[2021.12.01-06.18.20:398][  0]LogConfig: Setting CVar [[r.DefaultBackBufferPixelFormat:4]]
[2021.12.01-06.18.20:398][  0]LogConfig: Setting CVar [[r.Shadow.UnbuiltPreviewInGame:1]]
[2021.12.01-06.18.20:398][  0]LogConfig: Setting CVar [[r.StencilForLODDither:0]]
[2021.12.01-06.18.20:398][  0]LogConfig: Setting CVar [[r.EarlyZPass:3]]
[2021.12.01-06.18.20:398][  0]LogConfig: Setting CVar [[r.EarlyZPassOnlyMaterialMasking:0]]
[2021.12.01-06.18.20:398][  0]LogConfig: Setting CVar [[r.DBuffer:1]]
[2021.12.01-06.18.20:398][  0]LogConfig: Setting CVar [[r.ClearSceneMethod:1]]
[2021.12.01-06.18.20:398][  0]LogConfig: Setting CVar [[r.BasePassOutputsVelocity:0]]
[2021.12.01-06.18.20:398][  0]LogConfig: Setting CVar [[r.VertexDeformationOutputsVelocity:0]]
[2021.12.01-06.18.20:398][  0]LogConfig: Setting CVar [[r.SelectiveBasePassOutputs:0]]
[2021.12.01-06.18.20:398][  0]LogConfig: Setting CVar [[fx.GPUSimulationTextureSizeX:1024]]
[2021.12.01-06.18.20:398][  0]LogConfig: Setting CVar [[fx.GPUSimulationTextureSizeY:1024]]
[2021.12.01-06.18.20:398][  0]LogConfig: Setting CVar [[r.AllowGlobalClipPlane:0]]
[2021.12.01-06.18.20:398][  0]LogConfig: Setting CVar [[r.GBufferFormat:1]]
[2021.12.01-06.18.20:398][  0]LogConfig: Setting CVar [[r.MorphTarget.Mode:1]]
[2021.12.01-06.18.20:398][  0]LogConfig: Setting CVar [[vr.InstancedStereo:1]]
[2021.12.01-06.18.20:398][  0]LogConfig: Setting CVar [[r.MobileHDR:0]]
[2021.12.01-06.18.20:398][  0]LogConfig: Setting CVar [[vr.MobileMultiView:1]]
[2021.12.01-06.18.20:398][  0]LogConfig: Setting CVar [[r.Mobile.UseHWsRGBEncoding:1]]
[2021.12.01-06.18.20:399][  0]LogConfig: Setting CVar [[vr.RoundRobinOcclusion:0]]
[2021.12.01-06.18.20:399][  0]LogConfig: Setting CVar [[vr.ODSCapture:0]]
[2021.12.01-06.18.20:399][  0]LogConfig: Setting CVar [[r.MeshStreaming:0]]
[2021.12.01-06.18.20:399][  0]LogConfig: Setting CVar [[r.WireframeCullThreshold:5.000000]]
[2021.12.01-06.18.20:399][  0]LogConfig: Setting CVar [[r.RayTracing:0]]
[2021.12.01-06.18.20:399][  0]LogConfig: Setting CVar [[r.RayTracing.UseTextureLod:0]]
[2021.12.01-06.18.20:399][  0]LogConfig: Setting CVar [[r.SupportStationarySkylight:1]]
[2021.12.01-06.18.20:399][  0]LogConfig: Setting CVar [[r.SupportLowQualityLightmaps:1]]
[2021.12.01-06.18.20:399][  0]LogConfig: Setting CVar [[r.SupportPointLightWholeSceneShadows:1]]
[2021.12.01-06.18.20:399][  0]LogConfig: Setting CVar [[r.SupportAtmosphericFog:1]]
[2021.12.01-06.18.20:399][  0]LogConfig: Setting CVar [[r.SupportSkyAtmosphere:1]]
[2021.12.01-06.18.20:399][  0]LogConfig: Setting CVar [[r.SupportSkyAtmosphereAffectsHeightFog:0]]
[2021.12.01-06.18.20:399][  0]LogConfig: Setting CVar [[r.SkinCache.CompileShaders:0]]
[2021.12.01-06.18.20:399][  0]LogConfig: Setting CVar [[r.SkinCache.DefaultBehavior:1]]
[2021.12.01-06.18.20:399][  0]LogConfig: Setting CVar [[r.SkinCache.SceneMemoryLimitInMB:128.000000]]
[2021.12.01-06.18.20:399][  0]LogConfig: Setting CVar [[r.Mobile.EnableStaticAndCSMShadowReceivers:1]]
[2021.12.01-06.18.20:399][  0]LogConfig: Setting CVar [[r.Mobile.EnableMovableLightCSMShaderCulling:1]]
[2021.12.01-06.18.20:399][  0]LogConfig: Setting CVar [[r.Mobile.AllowDistanceFieldShadows:1]]
[2021.12.01-06.18.20:399][  0]LogConfig: Setting CVar [[r.Mobile.AllowMovableDirectionalLights:1]]
[2021.12.01-06.18.20:400][  0]LogConfig: Setting CVar [[r.MobileNumDynamicPointLights:4]]
[2021.12.01-06.18.20:400][  0]LogConfig: Setting CVar [[r.MobileDynamicPointLightsUseStaticBranch:1]]
[2021.12.01-06.18.20:400][  0]LogConfig: Setting CVar [[r.Mobile.EnableMovableSpotlights:0]]
[2021.12.01-06.18.20:400][  0]LogConfig: Setting CVar [[r.Mobile.EnableMovableSpotlightsShadow:0]]
[2021.12.01-06.18.20:400][  0]LogConfig: Setting CVar [[r.GPUSkin.Support16BitBoneIndex:0]]
[2021.12.01-06.18.20:400][  0]LogConfig: Setting CVar [[r.GPUSkin.Limit2BoneInfluences:0]]
[2021.12.01-06.18.20:400][  0]LogConfig: Setting CVar [[r.SupportDepthOnlyIndexBuffers:1]]
[2021.12.01-06.18.20:400][  0]LogConfig: Setting CVar [[r.SupportReversedIndexBuffers:1]]
[2021.12.01-06.18.20:400][  0]LogConfig: Setting CVar [[r.LightPropagationVolume:0]]
[2021.12.01-06.18.20:400][  0]LogConfig: Setting CVar [[r.Mobile.AmbientOcclusion:0]]
[2021.12.01-06.18.20:400][  0]LogConfig: Setting CVar [[r.GPUSkin.UnlimitedBoneInfluences:0]]
[2021.12.01-06.18.20:400][  0]LogConfig: Setting CVar [[r.GPUSkin.UnlimitedBoneInfluencesThreshold:8]]
[2021.12.01-06.18.20:400][  0]LogConfig: Setting CVar [[r.Mobile.PlanarReflectionMode:0]]
[2021.12.01-06.18.20:400][  0]LogConfig: Setting CVar [[r.Mobile.SupportGPUScene:1]]
[2021.12.01-06.18.20:400][  0]LogConfig: Applying CVar settings from Section [/Script/Engine.RendererOverrideSettings] File [C:/Users/judgementine/Documents/GitHub/VR-Flight-Fighter/FighterFlight/Saved/Config/Windows/Engine.ini]
[2021.12.01-06.18.20:400][  0]LogConfig: Applying CVar settings from Section [/Script/Engine.StreamingSettings] File [C:/Users/judgementine/Documents/GitHub/VR-Flight-Fighter/FighterFlight/Saved/Config/Windows/Engine.ini]
[2021.12.01-06.18.20:400][  0]LogConfig: Setting CVar [[s.MinBulkDataSizeForAsyncLoading:131072]]
[2021.12.01-06.18.20:400][  0]LogConfig: Setting CVar [[s.AsyncLoadingThreadEnabled:0]]
[2021.12.01-06.18.20:400][  0]LogConfig: Setting CVar [[s.EventDrivenLoaderEnabled:1]]
[2021.12.01-06.18.20:400][  0]LogConfig: Setting CVar [[s.WarnIfTimeLimitExceeded:0]]
[2021.12.01-06.18.20:400][  0]LogConfig: Setting CVar [[s.TimeLimitExceededMultiplier:1.5]]
[2021.12.01-06.18.20:400][  0]LogConfig: Setting CVar [[s.TimeLimitExceededMinTime:0.005]]
[2021.12.01-06.18.20:400][  0]LogConfig: Setting CVar [[s.UseBackgroundLevelStreaming:1]]
[2021.12.01-06.18.20:400][  0]LogConfig: Setting CVar [[s.PriorityAsyncLoadingExtraTime:15.0]]
[2021.12.01-06.18.20:400][  0]LogConfig: Setting CVar [[s.LevelStreamingActorsUpdateTimeLimit:5.0]]
[2021.12.01-06.18.20:400][  0]LogConfig: Setting CVar [[s.PriorityLevelStreamingActorsUpdateExtraTime:5.0]]
[2021.12.01-06.18.20:400][  0]LogConfig: Setting CVar [[s.LevelStreamingComponentsRegistrationGranularity:10]]
[2021.12.01-06.18.20:400][  0]LogConfig: Setting CVar [[s.UnregisterComponentsTimeLimit:1.0]]
[2021.12.01-06.18.20:400][  0]LogConfig: Setting CVar [[s.LevelStreamingComponentsUnregistrationGranularity:5]]
[2021.12.01-06.18.20:400][  0]LogConfig: Setting CVar [[s.FlushStreamingOnExit:1]]
[2021.12.01-06.18.20:400][  0]LogConfig: Applying CVar settings from Section [/Script/Engine.GarbageCollectionSettings] File [C:/Users/judgementine/Documents/GitHub/VR-Flight-Fighter/FighterFlight/Saved/Config/Windows/Engine.ini]
[2021.12.01-06.18.20:400][  0]LogConfig: Setting CVar [[gc.MaxObjectsNotConsideredByGC:1]]
[2021.12.01-06.18.20:400][  0]LogConfig: Setting CVar [[gc.SizeOfPermanentObjectPool:0]]
[2021.12.01-06.18.20:400][  0]LogConfig: Setting CVar [[gc.FlushStreamingOnGC:0]]
[2021.12.01-06.18.20:400][  0]LogConfig: Setting CVar [[gc.NumRetriesBeforeForcingGC:10]]
[2021.12.01-06.18.20:400][  0]LogConfig: Setting CVar [[gc.AllowParallelGC:1]]
[2021.12.01-06.18.20:400][  0]LogConfig: Setting CVar [[gc.TimeBetweenPurgingPendingKillObjects:61.1]]
[2021.12.01-06.18.20:400][  0]LogConfig: Setting CVar [[gc.MaxObjectsInEditor:25165824]]
[2021.12.01-06.18.20:400][  0]LogConfig: Setting CVar [[gc.IncrementalBeginDestroyEnabled:1]]
[2021.12.01-06.18.20:400][  0]LogConfig: Setting CVar [[gc.CreateGCClusters:1]]
[2021.12.01-06.18.20:400][  0]LogConfig: Setting CVar [[gc.MinGCClusterSize:5]]
[2021.12.01-06.18.20:400][  0]LogConfig: Setting CVar [[gc.ActorClusteringEnabled:0]]
[2021.12.01-06.18.20:401][  0]LogConfig: Setting CVar [[gc.BlueprintClusteringEnabled:0]]
[2021.12.01-06.18.20:401][  0]LogConfig: Setting CVar [[gc.UseDisregardForGCOnDedicatedServers:0]]
[2021.12.01-06.18.20:401][  0]LogConfig: Setting CVar [[gc.MultithreadedDestructionEnabled:1]]
[2021.12.01-06.18.20:401][  0]LogConfig: Applying CVar settings from Section [/Script/Engine.NetworkSettings] File [C:/Users/judgementine/Documents/GitHub/VR-Flight-Fighter/FighterFlight/Saved/Config/Windows/Engine.ini]
[2021.12.01-06.18.20:401][  0]LogConfig: Applying CVar settings from Section [/Script/UnrealEd.CookerSettings] File [C:/Users/judgementine/Documents/GitHub/VR-Flight-Fighter/FighterFlight/Saved/Config/Windows/Engine.ini]
[2021.12.01-06.18.20:463][  0]LogConfig: Applying CVar settings from Section [ViewDistanceQuality@3] File [C:/Users/judgementine/Documents/GitHub/VR-Flight-Fighter/FighterFlight/Saved/Config/Windows/Scalability.ini]
[2021.12.01-06.18.20:463][  0]LogConfig: Setting CVar [[r.SkeletalMeshLODBias:0]]
[2021.12.01-06.18.20:463][  0]LogConfig: Setting CVar [[r.ViewDistanceScale:1.0]]
[2021.12.01-06.18.20:463][  0]LogConfig: Applying CVar settings from Section [AntiAliasingQuality@3] File [C:/Users/judgementine/Documents/GitHub/VR-Flight-Fighter/FighterFlight/Saved/Config/Windows/Scalability.ini]
[2021.12.01-06.18.20:463][  0]LogConfig: Setting CVar [[r.PostProcessAAQuality:4]]
[2021.12.01-06.18.20:463][  0]LogConfig: Applying CVar settings from Section [ShadowQuality@3] File [C:/Users/judgementine/Documents/GitHub/VR-Flight-Fighter/FighterFlight/Saved/Config/Windows/Scalability.ini]
[2021.12.01-06.18.20:463][  0]LogConfig: Setting CVar [[r.LightFunctionQuality:1]]
[2021.12.01-06.18.20:463][  0]LogConfig: Setting CVar [[r.ShadowQuality:5]]
[2021.12.01-06.18.20:463][  0]LogConfig: Setting CVar [[r.Shadow.CSM.MaxCascades:10]]
[2021.12.01-06.18.20:463][  0]LogConfig: Setting CVar [[r.Shadow.MaxResolution:2048]]
[2021.12.01-06.18.20:463][  0]LogConfig: Setting CVar [[r.Shadow.MaxCSMResolution:2048]]
[2021.12.01-06.18.20:463][  0]LogConfig: Setting CVar [[r.Shadow.RadiusThreshold:0.01]]
[2021.12.01-06.18.20:463][  0]LogConfig: Setting CVar [[r.Shadow.DistanceScale:1.0]]
[2021.12.01-06.18.20:463][  0]LogConfig: Setting CVar [[r.Shadow.CSM.TransitionScale:1.0]]
[2021.12.01-06.18.20:463][  0]LogConfig: Setting CVar [[r.Shadow.PreShadowResolutionFactor:1.0]]
[2021.12.01-06.18.20:463][  0]LogConfig: Setting CVar [[r.DistanceFieldShadowing:1]]
[2021.12.01-06.18.20:463][  0]LogConfig: Setting CVar [[r.DistanceFieldAO:1]]
[2021.12.01-06.18.20:463][  0]LogConfig: Setting CVar [[r.AOQuality:2]]
[2021.12.01-06.18.20:463][  0]LogConfig: Setting CVar [[r.VolumetricFog:1]]
[2021.12.01-06.18.20:463][  0]LogConfig: Setting CVar [[r.VolumetricFog.GridPixelSize:8]]
[2021.12.01-06.18.20:463][  0]LogConfig: Setting CVar [[r.VolumetricFog.GridSizeZ:128]]
[2021.12.01-06.18.20:463][  0]LogConfig: Setting CVar [[r.VolumetricFog.HistoryMissSupersampleCount:4]]
[2021.12.01-06.18.20:463][  0]LogConfig: Setting CVar [[r.LightMaxDrawDistanceScale:1]]
[2021.12.01-06.18.20:463][  0]LogConfig: Setting CVar [[r.CapsuleShadows:1]]
[2021.12.01-06.18.20:463][  0]LogConfig: Applying CVar settings from Section [PostProcessQuality@3] File [C:/Users/judgementine/Documents/GitHub/VR-Flight-Fighter/FighterFlight/Saved/Config/Windows/Scalability.ini]
[2021.12.01-06.18.20:463][  0]LogConfig: Setting CVar [[r.MotionBlurQuality:4]]
[2021.12.01-06.18.20:463][  0]LogConfig: Setting CVar [[r.AmbientOcclusionMipLevelFactor:0.4]]
[2021.12.01-06.18.20:463][  0]LogConfig: Setting CVar [[r.AmbientOcclusionMaxQuality:100]]
[2021.12.01-06.18.20:463][  0]LogConfig: Setting CVar [[r.AmbientOcclusionLevels:-1]]
[2021.12.01-06.18.20:464][  0]LogConfig: Setting CVar [[r.AmbientOcclusionRadiusScale:1.0]]
[2021.12.01-06.18.20:464][  0]LogConfig: Setting CVar [[r.DepthOfFieldQuality:2]]
[2021.12.01-06.18.20:464][  0]LogConfig: Setting CVar [[r.RenderTargetPoolMin:400]]
[2021.12.01-06.18.20:464][  0]LogConfig: Setting CVar [[r.LensFlareQuality:2]]
[2021.12.01-06.18.20:464][  0]LogConfig: Setting CVar [[r.SceneColorFringeQuality:1]]
[2021.12.01-06.18.20:464][  0]LogConfig: Setting CVar [[r.EyeAdaptationQuality:2]]
[2021.12.01-06.18.20:464][  0]LogConfig: Setting CVar [[r.BloomQuality:5]]
[2021.12.01-06.18.20:464][  0]LogConfig: Setting CVar [[r.FastBlurThreshold:100]]
[2021.12.01-06.18.20:464][  0]LogConfig: Setting CVar [[r.Upscale.Quality:3]]
[2021.12.01-06.18.20:464][  0]LogConfig: Setting CVar [[r.Tonemapper.GrainQuantization:1]]
[2021.12.01-06.18.20:464][  0]LogConfig: Setting CVar [[r.LightShaftQuality:1]]
[2021.12.01-06.18.20:464][  0]LogConfig: Setting CVar [[r.Filter.SizeScale:1]]
[2021.12.01-06.18.20:464][  0]LogConfig: Setting CVar [[r.Tonemapper.Quality:5]]
[2021.12.01-06.18.20:464][  0]LogConfig: Setting CVar [[r.DOF.Gather.AccumulatorQuality:1        ; higher gathering accumulator quality]]
[2021.12.01-06.18.20:464][  0]LogConfig: Setting CVar [[r.DOF.Gather.PostfilterMethod:1          ; Median3x3 postfilering method]]
[2021.12.01-06.18.20:464][  0]LogConfig: Setting CVar [[r.DOF.Gather.EnableBokehSettings:0       ; no bokeh simulation when gathering]]
[2021.12.01-06.18.20:464][  0]LogConfig: Setting CVar [[r.DOF.Gather.RingCount:4                 ; medium number of samples when gathering]]
[2021.12.01-06.18.20:464][  0]LogConfig: Setting CVar [[r.DOF.Scatter.ForegroundCompositing:1    ; additive foreground scattering]]
[2021.12.01-06.18.20:464][  0]LogConfig: Setting CVar [[r.DOF.Scatter.BackgroundCompositing:2    ; additive background scattering]]
[2021.12.01-06.18.20:464][  0]LogConfig: Setting CVar [[r.DOF.Scatter.EnableBokehSettings:1      ; bokeh simulation when scattering]]
[2021.12.01-06.18.20:464][  0]LogConfig: Setting CVar [[r.DOF.Scatter.MaxSpriteRatio:0.1         ; only a maximum of 10% of scattered bokeh]]
[2021.12.01-06.18.20:464][  0]LogConfig: Setting CVar [[r.DOF.Recombine.Quality:1                ; cheap slight out of focus]]
[2021.12.01-06.18.20:464][  0]LogConfig: Setting CVar [[r.DOF.Recombine.EnableBokehSettings:0    ; no bokeh simulation on slight out of focus]]
[2021.12.01-06.18.20:464][  0]LogConfig: Setting CVar [[r.DOF.TemporalAAQuality:1                ; more stable temporal accumulation]]
[2021.12.01-06.18.20:464][  0]LogConfig: Setting CVar [[r.DOF.Kernel.MaxForegroundRadius:0.025]]
[2021.12.01-06.18.20:464][  0]LogConfig: Setting CVar [[r.DOF.Kernel.MaxBackgroundRadius:0.025]]
[2021.12.01-06.18.20:464][  0]LogConfig: Applying CVar settings from Section [TextureQuality@3] File [C:/Users/judgementine/Documents/GitHub/VR-Flight-Fighter/FighterFlight/Saved/Config/Windows/Scalability.ini]
[2021.12.01-06.18.20:464][  0]LogConfig: Setting CVar [[r.Streaming.MipBias:0]]
[2021.12.01-06.18.20:464][  0]LogConfig: Setting CVar [[r.Streaming.AmortizeCPUToGPUCopy:0]]
[2021.12.01-06.18.20:464][  0]LogConfig: Setting CVar [[r.Streaming.MaxNumTexturesToStreamPerFrame:0]]
[2021.12.01-06.18.20:464][  0]LogConfig: Setting CVar [[r.Streaming.Boost:1]]
[2021.12.01-06.18.20:464][  0]LogConfig: Setting CVar [[r.MaxAnisotropy:8]]
[2021.12.01-06.18.20:464][  0]LogConfig: Setting CVar [[r.VT.MaxAnisotropy:8]]
[2021.12.01-06.18.20:464][  0]LogConfig: Setting CVar [[r.Streaming.LimitPoolSizeToVRAM:0]]
[2021.12.01-06.18.20:464][  0]LogConfig: Setting CVar [[r.Streaming.PoolSize:1000]]
[2021.12.01-06.18.20:464][  0]LogConfig: Setting CVar [[r.Streaming.MaxEffectiveScreenSize:0]]
[2021.12.01-06.18.20:464][  0]LogConfig: Applying CVar settings from Section [EffectsQuality@3] File [C:/Users/judgementine/Documents/GitHub/VR-Flight-Fighter/FighterFlight/Saved/Config/Windows/Scalability.ini]
[2021.12.01-06.18.20:464][  0]LogConfig: Setting CVar [[r.TranslucencyLightingVolumeDim:64]]
[2021.12.01-06.18.20:464][  0]LogConfig: Setting CVar [[r.RefractionQuality:2]]
[2021.12.01-06.18.20:464][  0]LogConfig: Setting CVar [[r.SSR.Quality:3]]
[2021.12.01-06.18.20:464][  0]LogConfig: Setting CVar [[r.SSR.HalfResSceneColor:0]]
[2021.12.01-06.18.20:464][  0]LogConfig: Setting CVar [[r.SceneColorFormat:4]]
[2021.12.01-06.18.20:464][  0]LogConfig: Setting CVar [[r.DetailMode:2]]
[2021.12.01-06.18.20:464][  0]LogConfig: Setting CVar [[r.TranslucencyVolumeBlur:1]]
[2021.12.01-06.18.20:464][  0]LogConfig: Setting CVar [[r.MaterialQualityLevel:1 ; High quality]]
[2021.12.01-06.18.20:465][  0]LogConfig: Setting CVar [[r.AnisotropicMaterials:1]]
[2021.12.01-06.18.20:465][  0]LogConfig: Setting CVar [[r.SSS.Scale:1]]
[2021.12.01-06.18.20:465][  0]LogConfig: Setting CVar [[r.SSS.SampleSet:2]]
[2021.12.01-06.18.20:465][  0]LogConfig: Setting CVar [[r.SSS.Quality:1]]
[2021.12.01-06.18.20:465][  0]LogConfig: Setting CVar [[r.SSS.HalfRes:0]]
[2021.12.01-06.18.20:465][  0]LogConfig: Setting CVar [[r.SSGI.Quality:3]]
[2021.12.01-06.18.20:465][  0]LogConfig: Setting CVar [[r.EmitterSpawnRateScale:1.0]]
[2021.12.01-06.18.20:465][  0]LogConfig: Setting CVar [[r.ParticleLightQuality:2]]
[2021.12.01-06.18.20:465][  0]LogConfig: Setting CVar [[r.SkyAtmosphere.AerialPerspectiveLUT.FastApplyOnOpaque:1 ; Always have FastSkyLUT 1 in this case to avoid wrong sky]]
[2021.12.01-06.18.20:465][  0]LogConfig: Setting CVar [[r.SkyAtmosphere.AerialPerspectiveLUT.SampleCountMaxPerSlice:4]]
[2021.12.01-06.18.20:465][  0]LogConfig: Setting CVar [[r.SkyAtmosphere.AerialPerspectiveLUT.DepthResolution:16.0]]
[2021.12.01-06.18.20:465][  0]LogConfig: Setting CVar [[r.SkyAtmosphere.FastSkyLUT:1]]
[2021.12.01-06.18.20:465][  0]LogConfig: Setting CVar [[r.SkyAtmosphere.FastSkyLUT.SampleCountMin:4.0]]
[2021.12.01-06.18.20:465][  0]LogConfig: Setting CVar [[r.SkyAtmosphere.FastSkyLUT.SampleCountMax:128.0]]
[2021.12.01-06.18.20:465][  0]LogConfig: Setting CVar [[r.SkyAtmosphere.SampleCountMin:4.0]]
[2021.12.01-06.18.20:465][  0]LogConfig: Setting CVar [[r.SkyAtmosphere.SampleCountMax:128.0]]
[2021.12.01-06.18.20:465][  0]LogConfig: Setting CVar [[r.SkyAtmosphere.TransmittanceLUT.UseSmallFormat:0]]
[2021.12.01-06.18.20:465][  0]LogConfig: Setting CVar [[r.SkyAtmosphere.TransmittanceLUT.SampleCount:10.0]]
[2021.12.01-06.18.20:465][  0]LogConfig: Setting CVar [[r.SkyAtmosphere.MultiScatteringLUT.SampleCount:15.0]]
[2021.12.01-06.18.20:465][  0]LogConfig: Setting CVar [[r.SkyLight.RealTimeReflectionCapture:1]]
[2021.12.01-06.18.20:465][  0]LogConfig: Applying CVar settings from Section [FoliageQuality@3] File [C:/Users/judgementine/Documents/GitHub/VR-Flight-Fighter/FighterFlight/Saved/Config/Windows/Scalability.ini]
[2021.12.01-06.18.20:465][  0]LogConfig: Setting CVar [[foliage.DensityScale:1.0]]
[2021.12.01-06.18.20:465][  0]LogConfig: Setting CVar [[grass.DensityScale:1.0]]
[2021.12.01-06.18.20:465][  0]LogConfig: Applying CVar settings from Section [ShadingQuality@3] File [C:/Users/judgementine/Documents/GitHub/VR-Flight-Fighter/FighterFlight/Saved/Config/Windows/Scalability.ini]
[2021.12.01-06.18.20:465][  0]LogConfig: Setting CVar [[r.HairStrands.SkyLighting.IntegrationType:2]]
[2021.12.01-06.18.20:465][  0]LogConfig: Setting CVar [[r.HairStrands.SkyAO.SampleCount:4]]
[2021.12.01-06.18.20:465][  0]LogConfig: Setting CVar [[r.HairStrands.Visibility.MSAA.SamplePerPixel:4]]
[2021.12.01-06.18.20:465][  0]LogInit: Selected Device Profile: [Windows]
[2021.12.01-06.18.20:465][  0]LogInit: Applying CVar settings loaded from the selected device profile: [Windows]
[2021.12.01-06.18.20:466][  0]LogHAL: Display: Platform has ~ 32 GB [34295566336 / 34359738368 / 32], which maps to Largest [LargestMinGB=32, LargerMinGB=12, DefaultMinGB=8, SmallerMinGB=6, SmallestMinGB=0)
[2021.12.01-06.18.20:466][  0]LogInit: Going up to parent DeviceProfile []
[2021.12.01-06.18.20:466][  0]LogConfig: Applying CVar settings from Section [ViewDistanceQuality@3] File [C:/Users/judgementine/Documents/GitHub/VR-Flight-Fighter/FighterFlight/Saved/Config/Windows/Scalability.ini]
[2021.12.01-06.18.20:466][  0]LogConfig: Setting CVar [[r.SkeletalMeshLODBias:0]]
[2021.12.01-06.18.20:466][  0]LogConfig: Setting CVar [[r.ViewDistanceScale:1.0]]
[2021.12.01-06.18.20:466][  0]LogConfig: Applying CVar settings from Section [AntiAliasingQuality@3] File [C:/Users/judgementine/Documents/GitHub/VR-Flight-Fighter/FighterFlight/Saved/Config/Windows/Scalability.ini]
[2021.12.01-06.18.20:466][  0]LogConfig: Setting CVar [[r.PostProcessAAQuality:4]]
[2021.12.01-06.18.20:466][  0]LogConfig: Applying CVar settings from Section [ShadowQuality@3] File [C:/Users/judgementine/Documents/GitHub/VR-Flight-Fighter/FighterFlight/Saved/Config/Windows/Scalability.ini]
[2021.12.01-06.18.20:466][  0]LogConfig: Setting CVar [[r.LightFunctionQuality:1]]
[2021.12.01-06.18.20:466][  0]LogConfig: Setting CVar [[r.ShadowQuality:5]]
[2021.12.01-06.18.20:466][  0]LogConfig: Setting CVar [[r.Shadow.CSM.MaxCascades:10]]
[2021.12.01-06.18.20:466][  0]LogConfig: Setting CVar [[r.Shadow.MaxResolution:2048]]
[2021.12.01-06.18.20:466][  0]LogConfig: Setting CVar [[r.Shadow.MaxCSMResolution:2048]]
[2021.12.01-06.18.20:466][  0]LogConfig: Setting CVar [[r.Shadow.RadiusThreshold:0.01]]
[2021.12.01-06.18.20:466][  0]LogConfig: Setting CVar [[r.Shadow.DistanceScale:1.0]]
[2021.12.01-06.18.20:466][  0]LogConfig: Setting CVar [[r.Shadow.CSM.TransitionScale:1.0]]
[2021.12.01-06.18.20:466][  0]LogConfig: Setting CVar [[r.Shadow.PreShadowResolutionFactor:1.0]]
[2021.12.01-06.18.20:466][  0]LogConfig: Setting CVar [[r.DistanceFieldShadowing:1]]
[2021.12.01-06.18.20:466][  0]LogConfig: Setting CVar [[r.DistanceFieldAO:1]]
[2021.12.01-06.18.20:466][  0]LogConfig: Setting CVar [[r.AOQuality:2]]
[2021.12.01-06.18.20:466][  0]LogConfig: Setting CVar [[r.VolumetricFog:1]]
[2021.12.01-06.18.20:466][  0]LogConfig: Setting CVar [[r.VolumetricFog.GridPixelSize:8]]
[2021.12.01-06.18.20:466][  0]LogConfig: Setting CVar [[r.VolumetricFog.GridSizeZ:128]]
[2021.12.01-06.18.20:466][  0]LogConfig: Setting CVar [[r.VolumetricFog.HistoryMissSupersampleCount:4]]
[2021.12.01-06.18.20:466][  0]LogConfig: Setting CVar [[r.LightMaxDrawDistanceScale:1]]
[2021.12.01-06.18.20:466][  0]LogConfig: Setting CVar [[r.CapsuleShadows:1]]
[2021.12.01-06.18.20:467][  0]LogConfig: Applying CVar settings from Section [PostProcessQuality@3] File [C:/Users/judgementine/Documents/GitHub/VR-Flight-Fighter/FighterFlight/Saved/Config/Windows/Scalability.ini]
[2021.12.01-06.18.20:467][  0]LogConfig: Setting CVar [[r.MotionBlurQuality:4]]
[2021.12.01-06.18.20:467][  0]LogConfig: Setting CVar [[r.AmbientOcclusionMipLevelFactor:0.4]]
[2021.12.01-06.18.20:467][  0]LogConfig: Setting CVar [[r.AmbientOcclusionMaxQuality:100]]
[2021.12.01-06.18.20:467][  0]LogConfig: Setting CVar [[r.AmbientOcclusionLevels:-1]]
[2021.12.01-06.18.20:467][  0]LogConfig: Setting CVar [[r.AmbientOcclusionRadiusScale:1.0]]
[2021.12.01-06.18.20:467][  0]LogConfig: Setting CVar [[r.DepthOfFieldQuality:2]]
[2021.12.01-06.18.20:467][  0]LogConfig: Setting CVar [[r.RenderTargetPoolMin:400]]
[2021.12.01-06.18.20:467][  0]LogConfig: Setting CVar [[r.LensFlareQuality:2]]
[2021.12.01-06.18.20:467][  0]LogConfig: Setting CVar [[r.SceneColorFringeQuality:1]]
[2021.12.01-06.18.20:467][  0]LogConfig: Setting CVar [[r.EyeAdaptationQuality:2]]
[2021.12.01-06.18.20:467][  0]LogConfig: Setting CVar [[r.BloomQuality:5]]
[2021.12.01-06.18.20:467][  0]LogConfig: Setting CVar [[r.FastBlurThreshold:100]]
[2021.12.01-06.18.20:467][  0]LogConfig: Setting CVar [[r.Upscale.Quality:3]]
[2021.12.01-06.18.20:467][  0]LogConfig: Setting CVar [[r.Tonemapper.GrainQuantization:1]]
[2021.12.01-06.18.20:467][  0]LogConfig: Setting CVar [[r.LightShaftQuality:1]]
[2021.12.01-06.18.20:467][  0]LogConfig: Setting CVar [[r.Filter.SizeScale:1]]
[2021.12.01-06.18.20:467][  0]LogConfig: Setting CVar [[r.Tonemapper.Quality:5]]
[2021.12.01-06.18.20:467][  0]LogConfig: Setting CVar [[r.DOF.Gather.AccumulatorQuality:1        ; higher gathering accumulator quality]]
[2021.12.01-06.18.20:467][  0]LogConfig: Setting CVar [[r.DOF.Gather.PostfilterMethod:1          ; Median3x3 postfilering method]]
[2021.12.01-06.18.20:467][  0]LogConfig: Setting CVar [[r.DOF.Gather.EnableBokehSettings:0       ; no bokeh simulation when gathering]]
[2021.12.01-06.18.20:467][  0]LogConfig: Setting CVar [[r.DOF.Gather.RingCount:4                 ; medium number of samples when gathering]]
[2021.12.01-06.18.20:467][  0]LogConfig: Setting CVar [[r.DOF.Scatter.ForegroundCompositing:1    ; additive foreground scattering]]
[2021.12.01-06.18.20:467][  0]LogConfig: Setting CVar [[r.DOF.Scatter.BackgroundCompositing:2    ; additive background scattering]]
[2021.12.01-06.18.20:467][  0]LogConfig: Setting CVar [[r.DOF.Scatter.EnableBokehSettings:1      ; bokeh simulation when scattering]]
[2021.12.01-06.18.20:467][  0]LogConfig: Setting CVar [[r.DOF.Scatter.MaxSpriteRatio:0.1         ; only a maximum of 10% of scattered bokeh]]
[2021.12.01-06.18.20:467][  0]LogConfig: Setting CVar [[r.DOF.Recombine.Quality:1                ; cheap slight out of focus]]
[2021.12.01-06.18.20:467][  0]LogConfig: Setting CVar [[r.DOF.Recombine.EnableBokehSettings:0    ; no bokeh simulation on slight out of focus]]
[2021.12.01-06.18.20:467][  0]LogConfig: Setting CVar [[r.DOF.TemporalAAQuality:1                ; more stable temporal accumulation]]
[2021.12.01-06.18.20:467][  0]LogConfig: Setting CVar [[r.DOF.Kernel.MaxForegroundRadius:0.025]]
[2021.12.01-06.18.20:467][  0]LogConfig: Setting CVar [[r.DOF.Kernel.MaxBackgroundRadius:0.025]]
[2021.12.01-06.18.20:467][  0]LogConfig: Applying CVar settings from Section [TextureQuality@3] File [C:/Users/judgementine/Documents/GitHub/VR-Flight-Fighter/FighterFlight/Saved/Config/Windows/Scalability.ini]
[2021.12.01-06.18.20:467][  0]LogConfig: Setting CVar [[r.Streaming.MipBias:0]]
[2021.12.01-06.18.20:467][  0]LogConfig: Setting CVar [[r.Streaming.AmortizeCPUToGPUCopy:0]]
[2021.12.01-06.18.20:467][  0]LogConfig: Setting CVar [[r.Streaming.MaxNumTexturesToStreamPerFrame:0]]
[2021.12.01-06.18.20:467][  0]LogConfig: Setting CVar [[r.Streaming.Boost:1]]
[2021.12.01-06.18.20:467][  0]LogConfig: Setting CVar [[r.MaxAnisotropy:8]]
[2021.12.01-06.18.20:468][  0]LogConfig: Setting CVar [[r.VT.MaxAnisotropy:8]]
[2021.12.01-06.18.20:468][  0]LogConfig: Setting CVar [[r.Streaming.LimitPoolSizeToVRAM:0]]
[2021.12.01-06.18.20:468][  0]LogConfig: Setting CVar [[r.Streaming.PoolSize:1000]]
[2021.12.01-06.18.20:468][  0]LogConfig: Setting CVar [[r.Streaming.MaxEffectiveScreenSize:0]]
[2021.12.01-06.18.20:468][  0]LogConfig: Applying CVar settings from Section [EffectsQuality@3] File [C:/Users/judgementine/Documents/GitHub/VR-Flight-Fighter/FighterFlight/Saved/Config/Windows/Scalability.ini]
[2021.12.01-06.18.20:468][  0]LogConfig: Setting CVar [[r.TranslucencyLightingVolumeDim:64]]
[2021.12.01-06.18.20:468][  0]LogConfig: Setting CVar [[r.RefractionQuality:2]]
[2021.12.01-06.18.20:468][  0]LogConfig: Setting CVar [[r.SSR.Quality:3]]
[2021.12.01-06.18.20:468][  0]LogConfig: Setting CVar [[r.SSR.HalfResSceneColor:0]]
[2021.12.01-06.18.20:468][  0]LogConfig: Setting CVar [[r.SceneColorFormat:4]]
[2021.12.01-06.18.20:468][  0]LogConfig: Setting CVar [[r.DetailMode:2]]
[2021.12.01-06.18.20:468][  0]LogConfig: Setting CVar [[r.TranslucencyVolumeBlur:1]]
[2021.12.01-06.18.20:468][  0]LogConfig: Setting CVar [[r.MaterialQualityLevel:1 ; High quality]]
[2021.12.01-06.18.20:468][  0]LogConfig: Setting CVar [[r.AnisotropicMaterials:1]]
[2021.12.01-06.18.20:468][  0]LogConfig: Setting CVar [[r.SSS.Scale:1]]
[2021.12.01-06.18.20:468][  0]LogConfig: Setting CVar [[r.SSS.SampleSet:2]]
[2021.12.01-06.18.20:468][  0]LogConfig: Setting CVar [[r.SSS.Quality:1]]
[2021.12.01-06.18.20:468][  0]LogConfig: Setting CVar [[r.SSS.HalfRes:0]]
[2021.12.01-06.18.20:468][  0]LogConfig: Setting CVar [[r.SSGI.Quality:3]]
[2021.12.01-06.18.20:468][  0]LogConfig: Setting CVar [[r.EmitterSpawnRateScale:1.0]]
[2021.12.01-06.18.20:468][  0]LogConfig: Setting CVar [[r.ParticleLightQuality:2]]
[2021.12.01-06.18.20:468][  0]LogConfig: Setting CVar [[r.SkyAtmosphere.AerialPerspectiveLUT.FastApplyOnOpaque:1 ; Always have FastSkyLUT 1 in this case to avoid wrong sky]]
[2021.12.01-06.18.20:468][  0]LogConfig: Setting CVar [[r.SkyAtmosphere.AerialPerspectiveLUT.SampleCountMaxPerSlice:4]]
[2021.12.01-06.18.20:468][  0]LogConfig: Setting CVar [[r.SkyAtmosphere.AerialPerspectiveLUT.DepthResolution:16.0]]
[2021.12.01-06.18.20:468][  0]LogConfig: Setting CVar [[r.SkyAtmosphere.FastSkyLUT:1]]
[2021.12.01-06.18.20:468][  0]LogConfig: Setting CVar [[r.SkyAtmosphere.FastSkyLUT.SampleCountMin:4.0]]
[2021.12.01-06.18.20:468][  0]LogConfig: Setting CVar [[r.SkyAtmosphere.FastSkyLUT.SampleCountMax:128.0]]
[2021.12.01-06.18.20:468][  0]LogConfig: Setting CVar [[r.SkyAtmosphere.SampleCountMin:4.0]]
[2021.12.01-06.18.20:468][  0]LogConfig: Setting CVar [[r.SkyAtmosphere.SampleCountMax:128.0]]
[2021.12.01-06.18.20:468][  0]LogConfig: Setting CVar [[r.SkyAtmosphere.TransmittanceLUT.UseSmallFormat:0]]
[2021.12.01-06.18.20:468][  0]LogConfig: Setting CVar [[r.SkyAtmosphere.TransmittanceLUT.SampleCount:10.0]]
[2021.12.01-06.18.20:468][  0]LogConfig: Setting CVar [[r.SkyAtmosphere.MultiScatteringLUT.SampleCount:15.0]]
[2021.12.01-06.18.20:468][  0]LogConfig: Setting CVar [[r.SkyLight.RealTimeReflectionCapture:1]]
[2021.12.01-06.18.20:468][  0]LogConfig: Applying CVar settings from Section [FoliageQuality@3] File [C:/Users/judgementine/Documents/GitHub/VR-Flight-Fighter/FighterFlight/Saved/Config/Windows/Scalability.ini]
[2021.12.01-06.18.20:468][  0]LogConfig: Setting CVar [[foliage.DensityScale:1.0]]
[2021.12.01-06.18.20:468][  0]LogConfig: Setting CVar [[grass.DensityScale:1.0]]
[2021.12.01-06.18.20:468][  0]LogConfig: Applying CVar settings from Section [ShadingQuality@3] File [C:/Users/judgementine/Documents/GitHub/VR-Flight-Fighter/FighterFlight/Saved/Config/Windows/Scalability.ini]
[2021.12.01-06.18.20:468][  0]LogConfig: Setting CVar [[r.HairStrands.SkyLighting.IntegrationType:2]]
[2021.12.01-06.18.20:468][  0]LogConfig: Setting CVar [[r.HairStrands.SkyAO.SampleCount:4]]
[2021.12.01-06.18.20:468][  0]LogConfig: Setting CVar [[r.HairStrands.Visibility.MSAA.SamplePerPixel:4]]
[2021.12.01-06.18.20:468][  0]LogConfig: Applying CVar settings from Section [Startup] File [../../../Engine/Config/ConsoleVariables.ini]
[2021.12.01-06.18.20:469][  0]LogConfig: Setting CVar [[net.UseAdaptiveNetUpdateFrequency:0]]
[2021.12.01-06.18.20:469][  0]LogConfig: Setting CVar [[p.chaos.AllowCreatePhysxBodies:1]]
[2021.12.01-06.18.20:469][  0]LogConfig: Setting CVar [[fx.SkipVectorVMBackendOptimizations:1]]
[2021.12.01-06.18.20:469][  0]LogConfig: Applying CVar settings from Section [ConsoleVariables] File [C:/Users/judgementine/Documents/GitHub/VR-Flight-Fighter/FighterFlight/Saved/Config/Windows/Engine.ini]
[2021.12.01-06.18.20:469][  0]LogConfig: Applying CVar settings from Section [ConsoleVariables] File [C:/Users/judgementine/Documents/GitHub/VR-Flight-Fighter/FighterFlight/Saved/Config/Windows/Editor.ini]
[2021.12.01-06.18.20:469][  0]LogInit: Computer: NOBILIS
[2021.12.01-06.18.20:469][  0]LogInit: User: judgementine
[2021.12.01-06.18.20:469][  0]LogInit: CPU Page size=4096, Cores=4
[2021.12.01-06.18.20:469][  0]LogInit: High frequency timer resolution =10.000000 MHz
[2021.12.01-06.18.20:469][  0]LogMemory: Memory total: Physical=31.9GB (32GB approx)
[2021.12.01-06.18.20:469][  0]LogMemory: Platform Memory Stats for Windows
[2021.12.01-06.18.20:469][  0]LogMemory: Process Physical Memory: 163.94 MB used, 163.94 MB peak
[2021.12.01-06.18.20:469][  0]LogMemory: Process Virtual Memory: 119.48 MB used, 119.48 MB peak
[2021.12.01-06.18.20:469][  0]LogMemory: Physical Memory: 14541.67 MB used,  18165.13 MB free, 32706.80 MB total
[2021.12.01-06.18.20:469][  0]LogMemory: Virtual Memory: 134202160.00 MB used,  15566.29 MB free, 134217728.00 MB total
[2021.12.01-06.18.20:479][  0]LogWindows: WindowsPlatformFeatures enabled
[2021.12.01-06.18.20:685][  0]LogInit: Physics initialised using underlying interface: PhysX
[2021.12.01-06.18.20:685][  0]LogInit: Using OS detected language (en-US).
[2021.12.01-06.18.20:685][  0]LogInit: Using OS detected locale (en-US).
[2021.12.01-06.18.20:690][  0]LogTextLocalizationManager: No specific localization for 'en-US' exists, so the 'en' localization will be used.
[2021.12.01-06.18.21:047][  0]LogWindowsTextInputMethodSystem: Display: IME system deactivated.
[2021.12.01-06.18.21:129][  0]LogSlate: New Slate User Created.  User Index 0, Is Virtual User: 0
[2021.12.01-06.18.21:129][  0]LogSlate: Slate User Registered.  User Index 0, Is Virtual User: 0
[2021.12.01-06.18.21:196][  0]LogD3D11RHI: Loaded GFSDK_Aftermath_Lib.x64.dll
[2021.12.01-06.18.21:250][  0]LogHMD: Optional extension XR_KHR_opengl_enable is not available
[2021.12.01-06.18.21:250][  0]LogHMD: Optional extension XR_KHR_vulkan_enable is not available
[2021.12.01-06.18.21:250][  0]LogHMD: Optional extension XR_VARJO_quad_views is not available
[2021.12.01-06.18.21:280][  0]LogD3D11RHI: D3D11 min allowed feature level: 11_0
[2021.12.01-06.18.21:280][  0]LogD3D11RHI: D3D11 max allowed feature level: 11_0
[2021.12.01-06.18.21:280][  0]LogD3D11RHI: D3D11 adapters:
[2021.12.01-06.18.21:457][  0]LogD3D11RHI:    0. 'NVIDIA GeForce GTX 1080' (Feature Level 11_0)
[2021.12.01-06.18.21:457][  0]LogD3D11RHI:       8079/0/16353 MB DedicatedVideo/DedicatedSystem/SharedSystem, Outputs:4, VendorId:0x10de
[2021.12.01-06.18.21:463][  0]LogD3D11RHI:    1. 'Microsoft Basic Render Driver' (Feature Level 11_0)
[2021.12.01-06.18.21:463][  0]LogD3D11RHI:       0/0/16353 MB DedicatedVideo/DedicatedSystem/SharedSystem, Outputs:0, VendorId:0x1414
[2021.12.01-06.18.21:608][  0]LogD3D11RHI:    2. 'NVIDIA GeForce GTX 1080' (Feature Level 11_0)
[2021.12.01-06.18.21:608][  0]LogD3D11RHI:       8079/0/16353 MB DedicatedVideo/DedicatedSystem/SharedSystem, Outputs:0, VendorId:0x10de
[2021.12.01-06.18.21:608][  0]LogD3D11RHI: Chosen D3D11 Adapter:
[2021.12.01-06.18.21:609][  0]LogD3D11RHI:     Description : NVIDIA GeForce GTX 1080
[2021.12.01-06.18.21:609][  0]LogD3D11RHI:     VendorId    : 10de
[2021.12.01-06.18.21:609][  0]LogD3D11RHI:     DeviceId    : 1b80
[2021.12.01-06.18.21:609][  0]LogD3D11RHI:     SubSysId    : 33631462
[2021.12.01-06.18.21:609][  0]LogD3D11RHI:     Revision    : 00a1
[2021.12.01-06.18.21:609][  0]LogD3D11RHI:     DedicatedVideoMemory : 8471445504 bytes
[2021.12.01-06.18.21:609][  0]LogD3D11RHI:     DedicatedSystemMemory : 0 bytes
[2021.12.01-06.18.21:609][  0]LogD3D11RHI:     SharedSystemMemory : 17147783168 bytes
[2021.12.01-06.18.21:609][  0]LogD3D11RHI:     AdapterLuid : 0 57507
[2021.12.01-06.18.21:618][  0]LogD3D11RHI: Creating new Direct3DDevice
[2021.12.01-06.18.21:618][  0]LogD3D11RHI:     GPU DeviceId: 0x1b80 (for the marketing name, search the web for "GPU Device Id")
[2021.12.01-06.18.21:618][  0]LogWindows: EnumDisplayDevices:
[2021.12.01-06.18.21:618][  0]LogWindows:    0. 'NVIDIA GeForce GTX 1080' (P:1 D:1)
[2021.12.01-06.18.21:619][  0]LogWindows:    1. 'NVIDIA GeForce GTX 1080' (P:0 D:0)
[2021.12.01-06.18.21:619][  0]LogWindows:    2. 'NVIDIA GeForce GTX 1080' (P:0 D:0)
[2021.12.01-06.18.21:620][  0]LogWindows:    3. 'NVIDIA GeForce GTX 1080' (P:0 D:0)
[2021.12.01-06.18.21:620][  0]LogWindows:    4. 'Virtual Display Adapter' (P:0 D:1)
[2021.12.01-06.18.21:621][  0]LogWindows:    5. 'Virtual Display Adapter' (P:0 D:1)
[2021.12.01-06.18.21:621][  0]LogWindows:    6. 'Virtual Display Adapter' (P:0 D:1)
[2021.12.01-06.18.21:621][  0]LogWindows:    7. 'Virtual Display Adapter' (P:0 D:0)
[2021.12.01-06.18.21:622][  0]LogWindows:    8. 'Virtual Display Adapter' (P:0 D:0)
[2021.12.01-06.18.21:622][  0]LogWindows:    9. 'Virtual Display Adapter' (P:0 D:0)
[2021.12.01-06.18.21:623][  0]LogWindows:    10. 'Virtual Display Adapter' (P:0 D:0)
[2021.12.01-06.18.21:623][  0]LogWindows:    11. 'Virtual Display Adapter' (P:0 D:0)
[2021.12.01-06.18.21:623][  0]LogWindows:    12. 'Virtual Display Adapter' (P:0 D:0)
[2021.12.01-06.18.21:624][  0]LogWindows:    13. 'Virtual Display Adapter' (P:0 D:0)
[2021.12.01-06.18.21:624][  0]LogWindows:    14. 'Virtual Display Adapter' (P:0 D:0)
[2021.12.01-06.18.21:625][  0]LogWindows:    15. 'Virtual Display Adapter' (P:0 D:0)
[2021.12.01-06.18.21:625][  0]LogWindows:    16. 'Virtual Display Adapter' (P:0 D:0)
[2021.12.01-06.18.21:625][  0]LogWindows:    17. 'Virtual Display Adapter' (P:0 D:0)
[2021.12.01-06.18.21:626][  0]LogWindows:    18. 'Virtual Display Adapter' (P:0 D:0)
[2021.12.01-06.18.21:626][  0]LogWindows:    19. 'Virtual Display Adapter' (P:0 D:0)
[2021.12.01-06.18.21:626][  0]LogWindows: DebugString: GetVideoDriverDetailsInvalid PrimaryIsNotTheChoosenAdapter GetVideoDriverDetailsInvalid PrimaryIsNotTheChoosenAdapter GetVideoDriverDetailsInvalid PrimaryIsNotTheChoosenAdapter GetVideoDriverDetailsInvalid PrimaryIsNotTheChoosenAdapter GetVideoDriverDetailsInvalid PrimaryIsNotTheChoosenAdapter GetVideoDriverDetailsInvalid PrimaryIsNotTheChoosenAdapter GetVideoDriverDetailsInvalid PrimaryIsNotTheChoosenAdapter GetVideoDriverDetailsInvalid PrimaryIsNotTheChoosenAdapter GetVideoDriverDetailsInvalid PrimaryIsNotTheChoosenAdapter GetVideoDriverDetailsInvalid PrimaryIsNotTheChoosenAdapter GetVideoDriverDetailsInvalid PrimaryIsNotTheChoosenAdapter GetVideoDriverDetailsInvalid PrimaryIsNotTheChoosenAdapter GetVideoDriverDetailsInvalid PrimaryIsNotTheChoosenAdapter GetVideoDriverDetailsInvalid PrimaryIsNotTheChoosenAdapter GetVideoDriverDetailsInvalid PrimaryIsNotTheChoosenAdapter GetVideoDriverDetailsInvalid PrimaryIsNotTheChoosenAdapter FoundDriverCount:4 
[2021.12.01-06.18.21:627][  0]LogD3D11RHI:     Adapter Name: NVIDIA GeForce GTX 1080
[2021.12.01-06.18.21:627][  0]LogD3D11RHI:   Driver Version: 471.41 (internal:30.0.14.7141, unified:471.41)
[2021.12.01-06.18.21:627][  0]LogD3D11RHI:      Driver Date: 7-12-2021
[2021.12.01-06.18.21:627][  0]LogRHI: Texture pool is 5655 MB (70% of 8079 MB)
[2021.12.01-06.18.21:627][  0]LogD3D11RHI: Creating D3DDevice using adapter:
[2021.12.01-06.18.21:627][  0]LogD3D11RHI:     Description : NVIDIA GeForce GTX 1080
[2021.12.01-06.18.21:627][  0]LogD3D11RHI:     VendorId    : 10de
[2021.12.01-06.18.21:627][  0]LogD3D11RHI:     DeviceId    : 1b80
[2021.12.01-06.18.21:627][  0]LogD3D11RHI:     SubSysId    : 33631462
[2021.12.01-06.18.21:627][  0]LogD3D11RHI:     Revision    : 00a1
[2021.12.01-06.18.21:627][  0]LogD3D11RHI:     DedicatedVideoMemory : 8471445504 bytes
[2021.12.01-06.18.21:627][  0]LogD3D11RHI:     DedicatedSystemMemory : 0 bytes
[2021.12.01-06.18.21:627][  0]LogD3D11RHI:     SharedSystemMemory : 17147783168 bytes
[2021.12.01-06.18.21:627][  0]LogD3D11RHI:     AdapterLuid : 0 57507
[2021.12.01-06.18.21:789][  0]LogD3D11RHI: RHI has support for 64 bit atomics
[2021.12.01-06.18.21:789][  0]LogD3D11RHI: Async texture creation enabled
[2021.12.01-06.18.21:789][  0]LogD3D11RHI: Array index from any shader is supported
[2021.12.01-06.18.21:847][  0]LogD3D11RHI: GPU Timing Frequency: 1000.000000 (Debug: 2 2)
[2021.12.01-06.18.21:931][  0]LogRHI: GeForceNow SDK initialized: 1
[2021.12.01-06.18.22:820][  0]LogTargetPlatformManager: Display: Loaded TargetPlatform 'WindowsNoEditor'
[2021.12.01-06.18.22:825][  0]LogTargetPlatformManager: Display: Loaded TargetPlatform 'Windows'
[2021.12.01-06.18.22:832][  0]LogTargetPlatformManager: Display: Loaded TargetPlatform 'WindowsClient'
[2021.12.01-06.18.22:838][  0]LogTargetPlatformManager: Display: Loaded TargetPlatform 'WindowsServer'
[2021.12.01-06.18.22:839][  0]LogTargetPlatformManager: Display: Building Assets For Windows
[2021.12.01-06.18.22:854][  0]LogAudioDebug: Display: Lib vorbis DLL was dynamically loaded.
[2021.12.01-06.18.22:905][  0]LogTextureFormatOodle: Display: Oodle Texture 2.9.0 init RDO Off
[2021.12.01-06.18.22:960][  0]LogRendererCore: Ray tracing is disabled. Reason: r.RayTracing=0.
[2021.12.01-06.18.22:960][  0]LogShaderCompilers: Guid format shader working directory is -17 characters bigger than the processId version (C:/Users/judgementine/Documents/GitHub/VR-Flight-Fighter/FighterFlight/Intermediate/Shaders/WorkingDirectory/5108/).
[2021.12.01-06.18.22:961][  0]LogShaderCompilers: Cleaned the shader compiler working directory 'C:/Users/judgementine/AppData/Local/Temp/UnrealShaderWorkingDir/C5ECCFF84BF02539E8E70DAB3060044C/'.
[2021.12.01-06.18.22:961][  0]LogXGEController: Cannot use XGE Controller as Incredibuild is not installed on this machine.
[2021.12.01-06.18.22:961][  0]LogShaderCompilers: Cannot use XGE Shader Compiler as Incredibuild is not installed on this machine.
[2021.12.01-06.18.22:961][  0]LogShaderCompilers: Display: Using Local Shader Compiler.
[2021.12.01-06.18.23:880][  0]LogDerivedDataCache: Display: Max Cache Size: 512 MB
[2021.12.01-06.18.23:946][  0]LogDerivedDataCache: Loaded boot cache 0.06s 96MB C:/Users/judgementine/AppData/Local/UnrealEngine/4.27/DerivedDataCache/Boot.ddc.
[2021.12.01-06.18.23:946][  0]LogDerivedDataCache: Display: Loaded Boot cache: C:/Users/judgementine/AppData/Local/UnrealEngine/4.27/DerivedDataCache/Boot.ddc
[2021.12.01-06.18.23:946][  0]LogDerivedDataCache: FDerivedDataBackendGraph:  Pak pak cache file C:/Users/judgementine/Documents/GitHub/VR-Flight-Fighter/FighterFlight/DerivedDataCache/DDC.ddp not found, will not use a pak cache.
[2021.12.01-06.18.23:946][  0]LogDerivedDataCache: Unable to find inner node Pak for hierarchical cache Hierarchy.
[2021.12.01-06.18.23:946][  0]LogDerivedDataCache: FDerivedDataBackendGraph:  CompressedPak pak cache file C:/Users/judgementine/Documents/GitHub/VR-Flight-Fighter/FighterFlight/DerivedDataCache/Compressed.ddp not found, will not use a pak cache.
[2021.12.01-06.18.23:946][  0]LogDerivedDataCache: Unable to find inner node CompressedPak for hierarchical cache Hierarchy.
[2021.12.01-06.18.23:964][  0]LogDerivedDataCache: Display: Pak cache opened for reading ../../../Engine/DerivedDataCache/Compressed.ddp.
[2021.12.01-06.18.23:964][  0]LogDerivedDataCache: FDerivedDataBackendGraph:  EnterprisePak pak cache file ../../../Enterprise/DerivedDataCache/Compressed.ddp not found, will not use a pak cache.
[2021.12.01-06.18.23:964][  0]LogDerivedDataCache: Unable to find inner node EnterprisePak for hierarchical cache Hierarchy.
[2021.12.01-06.18.23:971][  0]LogDerivedDataCache: Speed tests for C:/Users/judgementine/AppData/Local/UnrealEngine/Common/DerivedDataCache took 0.01 seconds
[2021.12.01-06.18.23:971][  0]LogDerivedDataCache: Display: Performance to C:/Users/judgementine/AppData/Local/UnrealEngine/Common/DerivedDataCache: Latency=0.06ms. RandomReadSpeed=929.97MBs, RandomWriteSpeed=163.33MBs. Assigned SpeedClass 'Local'
[2021.12.01-06.18.23:972][  0]LogDerivedDataCache: Using Local data cache path C:/Users/judgementine/AppData/Local/UnrealEngine/Common/DerivedDataCache: Writable
[2021.12.01-06.18.23:972][  0]LogDerivedDataCache: Shared data cache path not found in *engine.ini, will not use an Shared cache.
[2021.12.01-06.18.23:972][  0]LogDerivedDataCache: Unable to find inner node Shared for hierarchical cache Hierarchy.
[2021.12.01-06.18.24:018][  0]LogSlate: Using FreeType 2.10.0
[2021.12.01-06.18.24:018][  0]LogSlate: SlateFontServices - WITH_FREETYPE: 1, WITH_HARFBUZZ: 1
[2021.12.01-06.18.24:542][  0]LogInit: Using OS detected language (en-US).
[2021.12.01-06.18.24:542][  0]LogInit: Using OS detected locale (en-US).
[2021.12.01-06.18.24:542][  0]LogTextLocalizationManager: No localization for 'en-US' exists, so 'en' will be used for the language.
[2021.12.01-06.18.24:543][  0]LogTextLocalizationManager: No localization for 'en-US' exists, so 'en' will be used for the locale.
[2021.12.01-06.18.24:543][  0]LogSlate: FontCache flush requested. Reason: Culture for localization was changed
[2021.12.01-06.18.24:543][  0]LogSlate: FontCache flush requested. Reason: Culture for localization was changed
[2021.12.01-06.18.24:550][  0]LogTextLocalizationManager: Compacting localization data took   0.00ms
[2021.12.01-06.18.24:550][  0]LogAssetRegistry: FAssetRegistry took 0.0040 seconds to start up
[2021.12.01-06.18.24:814][  0]LogPackageLocalizationCache: Processed 27 localized package path(s) for 1 prioritized culture(s) in 0.001491 seconds
[2021.12.01-06.18.24:919][  0]LogInit: Selected Device Profile: [Windows]
[2021.12.01-06.18.24:919][  0]LogInit: Active device profile: [000001E354766D00][000001E353081A80 49] Windows
[2021.12.01-06.18.24:919][  0]LogInit: Profiles: [000001E354766D00][000001E353081A80 49] Windows, [000001E357F21F00][000001E353085BC0 49] WindowsNoEditor, [000001E354767B00][000001E353088180 49] WindowsServer, [000001E357F21000][000001E352EEE300 49] WindowsClient, [000001E354765600][000001E352EF2480 49] IOS, [000001E357F23300][000001E352EF6600 49] iPadAir, [000001E354766800][000001E352EFA780 49] iPadAir2, [000001E357EC9300][000001E352F02A40 49] IPadPro, [000001E357EC9400][000001E352EFEA80 49] iPadAir3, [000001E357F23200][000001E352F06C00 49] iPadAir4, [000001E357ECA100][000001E352F0AD80 49] iPadMini2, [000001E357F21B00][000001E352F0EF00 49] iPadMini3, [000001E357ECAC00][000001E352F13080 49] iPadMini4, [000001E357F22100][000001E352F17200 49] iPadMini5, [000001E357EF8D00][000001E352F1F4C0 49] iPhone6, [000001E357EF8E00][000001E352F1B500 49] iPodTouch6, [000001E354765A00][000001E352F277C0 49] iPhone7, [000001E354765900][000001E352F23800 49] iPodTouch7, [000001E357EC9000][000001E352F2B980 49] iPhone5S, [000001E354766B00][000001E35308DAC0 49] iPhone6Plus, [000001E357ECAF00][000001E353123C00 49] iPhone6S, [000001E357EF8100][000001E3531261C0 49] iPhone6SPlus, [000001E354767200][000001E35312A300 49] iPhone7Plus, [000001E357EF8700][000001E353132480 49] iPhoneSE, [000001E354765400][000001E353136600 49] iPhone8, [000001E357EC9100][000001E35313A780 49] iPhone8Plus, [000001E357EF9700][000001E35313E900 49] iPhoneX, [000001E357ECAB00][000001E353142A80 49] iPhoneXS, [000001E357EF8500][000001E353146C00 49] iPhoneXSMax, [000001E357EC9200][000001E35314AD80 49] iPhoneXR, [000001E357EF9E00][000001E35314EF00 49] iPhone11, [000001E354766A00][000001E353153080 49] iPhone11Pro, [000001E357EF9000][000001E353157200 49] iPhone11ProMax, [000001E354767000][000001E35315B380 49] iPhoneSE2, [000001E357EFAF00][000001E35315F500 49] iPhone12Mini, [000001E354766200][000001E353163680 49] iPhone12, [000001E357EFB200][000001E353167800 49] iPhone12Pro, [000001E354767800][000001E35316B980 49] iPhone12ProMax, [000001E357EF9B00][000001E34FA63B00 49] iPadPro105, [000001E354765000][000001E34FA66100 49] iPadPro129, [000001E357EF9400][000001E35312E240 49] iPadPro97, [000001E354766C00][000001E34FA6A380 49] iPadPro2_129, [000001E357EF9600][000001E34FA6E4C0 49] iPad5, [000001E354765B00][000001E34FA76640 49] iPad6, [000001E357EFA800][000001E34FA7A7C0 49] iPad7, [000001E354764100][000001E34FA7E940 49] iPad8, [000001E357EFB000][000001E34FA82AC0 49] iPadPro11, [000001E354765200][000001E34FA86C40 49] iPadPro2_11, [000001E357EFBB00][000001E34FA8ADC0 49] iPadPro3_129, [000001E354766100][000001E34FA8EF40 49] iPadPro4_129, [000001E357EFB400][000001E34FA930C0 49] AppleTV, [000001E354765100][000001E34FA97240 49] AppleTV4K, [000001E357EF9800][000001E34FA9B3C0 49] TVOS, [000001E354764700][000001E34FA9F540 49] Mac, [000001E357EF9500][000001E34FAA36C0 49] MacClient, [000001E354765300][000001E34FAA7840 49] MacNoEditor, [000001E357EFAD00][000001E34FAAB9C0 49] MacServer, [000001E354765D00][000001E34FAAFB40 49] Linux, [000001E357EFA400][000001E34FAB2140 49] LinuxAArch64, [000001E354765E00][000001E34FAB62C0 49] LinuxNoEditor, [000001E357EFBC00][000001E34FA72400 49] LinuxAArch64NoEditor, [000001E354766300][000001E34FABA540 49] LinuxClient, [000001E357EF8600][000001E34FABE680 49] LinuxAArch64Client, [000001E354767600][000001E34FAC27C0 49] LinuxServer, [000001E357EFAE00][000001E34FACA940 49] LinuxAArch64Server, [000001E354764600][000001E34FACEAC0 49] Android, [000001E357EF9A00][000001E34FAD2C40 49] Android_Low, [000001E354764F00][000001E34FAD6DC0 49] Android_Mid, [000001E357EF9F00][000001E34FADAF40 49] Android_High, [000001E354767A00][000001E34FADF0C0 49] Android_Default, [000001E357EF9200][000001E34FAE3240 49] Android_Adreno4xx, [000001E354767E00][000001E34FAE73C0 49] Android_Adreno5xx_Low, [000001E357EF8C00][000001E34FAEB540 49] Android_Adreno5xx, [000001E354767300][000001E34FAEF6C0 49] Android_Adreno6xx, [000001E357EFA900][000001E34FAF3840 49] Android_Adreno6xx_Vulkan, [000001E354764E00][000001E34FAF79C0 49] Android_Mali_T6xx, [000001E357F21200][000001E34FAFBB40 49] Android_Mali_T7xx, [000001E357EC9800][000001E34FAFE140 49] Android_Mali_T8xx, [000001E357F21800][000001E34FB022C0 49] Android_Mali_G71, [000001E357EC8200][000001E34FB06440 49] Android_Mali_G72, [000001E357F22500][000001E34FAC6580 49] Android_Mali_G72_Vulkan, [000001E357ECA200][000001E34FB0A6C0 49] Android_Mali_G76, [000001E357F21A00][000001E34FB0E800 49] Android_Mali_G76_Vulkan, [000001E357EC9700][000001E34FB12940 49] Android_Mali_G77, [000001E357F21900][000001E34FB1AAC0 49] Android_Mali_G77_Vulkan, [000001E357EC8A00][000001E34FB1EC40 49] Android_Mali_G78, [000001E357F20E00][000001E34FB22DC0 49] Android_Mali_G78_Vulkan, [000001E357EC8700][000001E34FB26F40 49] Android_Mali_G710, [000001E357F23500][000001E34FB2B0C0 49] Android_Mali_G710_Vulkan, [000001E357EC8500][000001E34FB2F240 49] Android_Vulkan_SM5, [000001E357F22D00][000001E34FB333C0 49] Android_PowerVR_G6xxx, [000001E357ECA400][000001E34FB37540 49] Android_PowerVR_GT7xxx, [000001E357F22C00][000001E34FB3B6C0 49] Android_PowerVR_GE8xxx, [000001E357ECA000][000001E34FB3F840 49] Android_PowerVR_GM9xxx, [000001E357F22F00][000001E34FB439C0 49] Android_PowerVR_GM9xxx_Vulkan, [000001E357ECBD00][000001E34FB47B40 49] Android_TegraK1, [000001E357F21C00][000001E34FB4A140 49] Android_Unknown_Vulkan, [000001E357ECB100][000001E34FB4E2C0 49] Lumin, [000001E357F20100][000001E34FB52440 49] Lumin_Desktop, [000001E357ECB600][000001E34FB565C0 49] HoloLens, 
[2021.12.01-06.18.24:999][  0]LogMeshReduction: Using QuadricMeshReduction for automatic static mesh reduction
[2021.12.01-06.18.24:999][  0]LogMeshReduction: Using SimplygonMeshReduction for automatic skeletal mesh reduction
[2021.12.01-06.18.24:999][  0]LogMeshReduction: Using ProxyLODMeshReduction for automatic mesh merging
[2021.12.01-06.18.24:999][  0]LogMeshReduction: No distributed automatic mesh merging module available
[2021.12.01-06.18.24:999][  0]LogMeshMerging: No distributed automatic mesh merging module available
[2021.12.01-06.18.25:177][  0]LogNetVersion: FighterFlight 1.0.0, NetCL: 17155196, EngineNetVer: 17, GameNetVer: 0 (Checksum: 2687385895)
[2021.12.01-06.18.28:193][  0]LogTexture: Default maximum texture size for cubemaps generated from long-lat sources has been changed from 512 to unlimited. In order to preserve old behaiour for '/Engine/MapTemplates/Sky/DaylightAmbientCubemap.DaylightAmbientCubemap', its maximum texture size has been explicitly set to 512.
[2021.12.01-06.18.28:478][  0]LogMoviePlayer: Initializing movie player
[2021.12.01-06.18.28:829][  0]LogTcpMessaging: Initializing TcpMessaging bridge
[2021.12.01-06.18.28:836][  0]LogUdpMessaging: Initializing bridge on interface 0.0.0.0:0 to multicast group 230.0.0.1:6666.
[2021.12.01-06.18.28:855][  0]LogPython: Using Python 3.7.7
[2021.12.01-06.18.31:245][  0]LogNiagaraDebuggerClient: Niagara Debugger Client Initialized | Session: 229A51904557A524DCF8229ACC92B72E | Instance: CAF031AB482C124EF761C89C51D17751 (NOBILIS-5108).
[2021.12.01-06.18.31:314][  0]LogCollectionManager: Loaded 0 collections in 0.045867 seconds
[2021.12.01-06.18.31:320][  0]LogFileCache: Scanning file cache for directory 'C:/Users/judgementine/Documents/GitHub/VR-Flight-Fighter/FighterFlight/Saved/Collections/' took 0.00s
[2021.12.01-06.18.31:320][  0]LogFileCache: Scanning file cache for directory 'C:/Users/judgementine/Documents/GitHub/VR-Flight-Fighter/FighterFlight/Content/Developers/judgementine/Collections/' took 0.00s
[2021.12.01-06.18.31:320][  0]LogFileCache: Scanning file cache for directory 'C:/Users/judgementine/Documents/GitHub/VR-Flight-Fighter/FighterFlight/Content/Collections/' took 0.00s
[2021.12.01-06.18.31:320][  0]LogCollectionManager: Fixed up redirectors for 0 collections in 0.000003 seconds (updated 0 objects)
[2021.12.01-06.18.31:958][  0]LogImageWrapper: Warning: PNG Warning: Duplicate iCCP chunk
[2021.12.01-06.18.31:958][  0]LogImageWrapper: Warning: PNG Warning: Duplicate iCCP chunk
[2021.12.01-06.18.31:958][  0]SourceControl: Source control is disabled
[2021.12.01-06.18.31:958][  0]SourceControl: Source control is disabled
[2021.12.01-06.18.31:963][  0]SourceControl: Source control is disabled
[2021.12.01-06.18.31:972][  0]LogUProjectInfo: Found projects:
[2021.12.01-06.18.32:141][  0]LogOpenImageDenoise: OIDN starting up
[2021.12.01-06.18.32:154][  0]LogAndroidPermission: UAndroidPermissionCallbackProxy::GetInstance
[2021.12.01-06.18.32:177][  0]LogAudioCaptureCore: Display: No Audio Capture implementations found. Audio input will be silent.
[2021.12.01-06.18.32:177][  0]LogAudioCaptureCore: Display: No Audio Capture implementations found. Audio input will be silent.
[2021.12.01-06.18.32:343][  0]LogUObjectArray: 22893 objects as part of root set at end of initial load.
[2021.12.01-06.18.32:343][  0]LogUObjectAllocator: 6323952 out of 0 bytes used by permanent object pool.
[2021.12.01-06.18.32:344][  0]LogUObjectArray: CloseDisregardForGC: 0/0 objects in disregard for GC pool
[2021.12.01-06.18.32:417][  0]LogClass: Display: BoolProperty FBPSteamGroupOfficer::bIsOwner is not initialized properly. Module:AdvancedSteamSessions File:Classes/SteamRequestGroupOfficersCallbackProxy.h
[2021.12.01-06.18.32:417][  0]LogClass: Display: IntProperty FBPSteamGroupInfo::numOnline is not initialized properly. Module:AdvancedSteamSessions File:Classes/AdvancedSteamFriendsLibrary.h
[2021.12.01-06.18.32:417][  0]LogClass: Display: IntProperty FBPSteamGroupInfo::numInGame is not initialized properly. Module:AdvancedSteamSessions File:Classes/AdvancedSteamFriendsLibrary.h
[2021.12.01-06.18.32:417][  0]LogClass: Display: IntProperty FBPSteamGroupInfo::numChatting is not initialized properly. Module:AdvancedSteamSessions File:Classes/AdvancedSteamFriendsLibrary.h
[2021.12.01-06.18.32:418][  0]LogClass: Display: 4 Uninitialized script struct members found including 0 object properties
[2021.12.01-06.18.32:418][  0]LogEngine: Initializing Engine...
[2021.12.01-06.18.32:769][  0]LogStats: UGameplayTagsManager::InitializeManager -  0.000 s
[2021.12.01-06.18.32:878][  0]LogInit: Initializing FReadOnlyCVARCache
[2021.12.01-06.18.32:878][  0]LogAudio: Display: Initializing Audio Device Manager...
[2021.12.01-06.18.32:886][  0]LogAudio: Display: Loading Default Audio Settings Objects...
[2021.12.01-06.18.32:886][  0]LogAudio: Display: No default SoundConcurrencyObject specified (or failed to load).
[2021.12.01-06.18.32:887][  0]LogAudio: Display: Audio Device Manager Initialized
[2021.12.01-06.18.32:887][  0]LogAudio: Display: Creating Audio Device:                 Id: 1, Scope: Shared, Realtime: True
[2021.12.01-06.18.32:887][  0]LogAudioMixer: Display: Audio Mixer Platform Settings:
[2021.12.01-06.18.32:887][  0]LogAudioMixer: Display: 	Sample Rate:						  48000
[2021.12.01-06.18.32:887][  0]LogAudioMixer: Display: 	Callback Buffer Frame Size Requested: 1024
[2021.12.01-06.18.32:887][  0]LogAudioMixer: Display: 	Callback Buffer Frame Size To Use:	  1024
[2021.12.01-06.18.32:887][  0]LogAudioMixer: Display: 	Number of buffers to queue:			  1
[2021.12.01-06.18.32:887][  0]LogAudioMixer: Display: 	Max Channels (voices):				  0
[2021.12.01-06.18.32:887][  0]LogAudioMixer: Display: 	Number of Async Source Workers:		  4
[2021.12.01-06.18.32:887][  0]LogAudio: Display: AudioDevice MaxSources: 32
[2021.12.01-06.18.32:888][  0]LogAudio: Display: Audio Spatialization Plugin: Resonance Audio is external send: 1
[2021.12.01-06.18.32:888][  0]LogAudio: Display: Audio Reverb Plugin: Resonance Audio
[2021.12.01-06.18.32:888][  0]LogAudio: Display: Audio Occlusion Plugin: None (built-in).
[2021.12.01-06.18.32:888][  0]LogAudioMixer: Display: Initializing audio mixer.
[2021.12.01-06.18.32:922][  0]LogAudioMixer: Display: 0: FrontLeft
[2021.12.01-06.18.32:922][  0]LogAudioMixer: Display: 1: FrontRight
[2021.12.01-06.18.32:942][  0]LogAudioMixer: Display: Using Audio Device Headphones (Realtek USB2.0 Audio)
[2021.12.01-06.18.32:946][  0]LogAudioMixer: Display: Initializing Sound Submixes...
[2021.12.01-06.18.32:948][  0]LogAudioMixer: Display: Creating Master Submix 'MasterSubmixDefault'
[2021.12.01-06.18.32:948][  0]LogAudioMixer: Display: Creating Master Submix 'MasterReverbSubmixDefault'
[2021.12.01-06.18.32:949][  0]LogAudioMixer: Display: Creating Master Submix 'MasterEQSubmixDefault'
[2021.12.01-06.18.32:950][  0]LogAudioMixer: FMixerPlatformXAudio2::StartAudioStream() called
[2021.12.01-06.18.32:950][  0]LogAudioMixer: Display: Output buffers initialized: Frames=1024, Channels=2, Samples=2048
[2021.12.01-06.18.32:952][  0]LogAudioMixer: Display: Starting AudioMixerPlatformInterface::RunInternal()
[2021.12.01-06.18.32:952][  0]LogAudioMixer: Display: FMixerPlatformXAudio2::SubmitBuffer() called for the first time
[2021.12.01-06.18.32:952][  0]LogInit: FAudioDevice initialized.
[2021.12.01-06.18.32:953][  0]LogNetVersion: Set ProjectVersion to 1.0.0.0. Version Checksum will be recalculated on next use.
[2021.12.01-06.18.32:954][  0]LogInit: Texture streaming: Enabled
[2021.12.01-06.18.33:036][  0]LogAudio: Display: Audio Device (ID: 1) registered with world 'Untitled'.
[2021.12.01-06.18.33:036][  0]LogSlate: Updating window title bar state: overlay mode, drag disabled, window buttons hidden, title bar hidden
[2021.12.01-06.18.33:038][  0]LogInit: Display: Game Engine Initialized.
[2021.12.01-06.18.33:038][  0]LogNiagaraEditor: GEditor isn't valid! Particle reset commands will not work for Niagara components!
[2021.12.01-06.18.33:196][  0]LogInit: Display: Starting Game.
[2021.12.01-06.18.33:196][  0]LogNet: Browse: /Game/Maps/DemoMap?Name=Player?Listen
[2021.12.01-06.18.33:196][  0]LogLoad: LoadMap: /Game/Maps/DemoMap?Name=Player?Listen
[2021.12.01-06.18.33:196][  0]LogWorld: BeginTearingDown for /Temp/Untitled_0
[2021.12.01-06.18.33:197][  0]LogWorld: UWorld::CleanupWorld for Untitled, bSessionEnded=true, bCleanupResources=true
[2021.12.01-06.18.33:197][  0]LogSlate: InvalidateAllWidgets triggered.  All widgets were invalidated
[2021.12.01-06.18.33:201][  0]LogAudio: Display: Audio Device unregistered from world 'None'.
[2021.12.01-06.18.33:203][  0]LogUObjectHash: Compacting FUObjectHashTables data took   0.71ms
[2021.12.01-06.18.34:403][  0]LogAudio: Display: Audio Device (ID: 1) registered with world 'DemoMap'.
[2021.12.01-06.18.34:415][  0]LogAIModule: Creating AISystem for world DemoMap
[2021.12.01-06.18.34:415][  0]LogLoad: Game class is 'VRGameMode_C'
[2021.12.01-06.18.34:415][  0]LogNet: ReplicationDriverClass is null! Not using ReplicationDriver.
[2021.12.01-06.18.34:416][  0]LogNetCore: DDoS detection status: detection enabled: 0 analytics enabled: 0
[2021.12.01-06.18.34:416][  0]LogInit: WinSock: Socket queue. Rx: 131072 (config 131072) Tx: 131072 (config 131072)
[2021.12.01-06.18.34:416][  0]LogNet: Created socket for bind address: 0.0.0.0 on port 17777
[2021.12.01-06.18.34:416][  0]PacketHandlerLog: Loaded PacketHandler component: Engine.EngineHandlerComponentFactory (StatelessConnectHandlerComponent)
[2021.12.01-06.18.34:416][  0]LogNet: GameNetDriver SteamNetDriver_0 IpNetDriver listening on port 17777
[2021.12.01-06.18.34:434][  0]LogWorld: Bringing World /Game/Maps/DemoMap.DemoMap up for play (max tick rate 0) at 2021.12.01-00.18.34
[2021.12.01-06.18.34:435][  0]LogOnlineIdentity: STEAM: Obtained steam authticket
[2021.12.01-06.18.34:536][  0]LogWorld: Bringing up level for play took: 0.119457
[2021.12.01-06.18.34:537][  0]LogOnlineSession: Warning: STEAM: No game present to join for session (GameSession)
[2021.12.01-06.18.34:537][  0]LogSpawn: Warning: SpawnActor failed because no class was specified
[2021.12.01-06.18.34:538][  0]LogGameMode: Display: Match State Changed from EnteringMap to WaitingToStart
[2021.12.01-06.18.34:538][  0]LogGameState: Match State Changed from EnteringMap to WaitingToStart
[2021.12.01-06.18.34:538][  0]LogGameMode: Display: Match State Changed from WaitingToStart to InProgress
[2021.12.01-06.18.34:539][  0]LogSlate: New Slate User Created.  User Index 8, Is Virtual User: 1
[2021.12.01-06.18.34:540][  0]LogSlate: Slate User Registered.  User Index 8, Is Virtual User: 1
[2021.12.01-06.18.34:546][  0]LogGameState: Match State Changed from WaitingToStart to InProgress
[2021.12.01-06.18.34:546][  0]LogLoad: Took 1.349719 seconds to LoadMap(/Game/Maps/DemoMap)
[2021.12.01-06.18.34:689][  0]LogResonanceAudio: Display: Resonance Audio Listener is initialized
[2021.12.01-06.18.34:690][  0]LogSlate: Took 0.000166 seconds to synchronously load lazily loaded font '../../../Engine/Content/Slate/Fonts/Roboto-Regular.ttf' (155K)
[2021.12.01-06.18.34:706][  0]LogRenderer: Warning: Resizing VR buffer to 4112 by 2552
[2021.12.01-06.18.34:707][  0]LogRenderer: Reallocating scene render targets to support 4112x2552 Format 10 NumSamples 4 (Frame:1).
[2021.12.01-06.18.34:707][  0]LogInit: Display: Engine is initialized. Leaving FEngineLoop::Init()
[2021.12.01-06.18.34:707][  0]LogLoad: (Engine Initialization) Total time: 20.63 seconds
[2021.12.01-06.18.34:707][  0]LogLoad: (Engine Initialization) Total Blueprint compile time: 0.00 seconds
[2021.12.01-06.18.34:792][  0]LogContentStreaming: Texture pool size now 1000 MB
[2021.12.01-06.18.34:796][  0]LogSlate: InvalidateAllWidgets triggered.  All widgets were invalidated
[2021.12.01-06.18.34:926][  1]LogSlate: Took 0.000135 seconds to synchronously load lazily loaded font '../../../Engine/Content/Slate/Fonts/Roboto-Regular.ttf' (155K)
[2021.12.01-06.19.12:828][214]LogWindowsDesktop: Alt-F4 pressed!
[2021.12.01-06.19.12:843][214]LogSlate: Window 'FighterFlight (64-bit Development PCD3D_SM5) ' being destroyed
[2021.12.01-06.19.12:845][214]LogWindowsTextInputMethodSystem: Display: IME system deactivated.
[2021.12.01-06.19.12:854][214]LogOnlineSession: Warning: STEAM: No game present to leave for session (GameSession)
[2021.12.01-06.19.12:854][214]LogSlate: Updating window title bar state: overlay mode, drag disabled, window buttons hidden, title bar hidden
[2021.12.01-06.19.12:854][214]LogEngine: All Windows Closed
[2021.12.01-06.19.12:854][214]LogWindows: FPlatformMisc::RequestExit(0)
[2021.12.01-06.19.12:855][214]LogWindows: FPlatformMisc::RequestExitWithStatus(0, 0)
[2021.12.01-06.19.12:855][214]LogCore: Engine exit requested (reason: Win RequestExit)
[2021.12.01-06.19.12:855][215]LogCore: Engine exit requested (reason: EngineExit() was called; note: exit was already requested)
[2021.12.01-06.19.12:855][215]LogInit: Display: PreExit Game.
[2021.12.01-06.19.12:870][215]LogWorld: BeginTearingDown for /Game/Maps/DemoMap
[2021.12.01-06.19.12:870][215]LogNet: World NetDriver shutdown SteamNetDriver_0 [GameNetDriver]
[2021.12.01-06.19.12:870][215]LogNet: DestroyNamedNetDriver SteamNetDriver_0 [GameNetDriver]
[2021.12.01-06.19.12:870][215]LogExit: GameNetDriver SteamNetDriver_0 shut down
[2021.12.01-06.19.12:871][215]LogWorld: UWorld::CleanupWorld for DemoMap, bSessionEnded=true, bCleanupResources=true
[2021.12.01-06.19.12:872][215]LogSlate: InvalidateAllWidgets triggered.  All widgets were invalidated
[2021.12.01-06.19.13:871][215]LogAudio: Display: Beginning Audio Device Manager Shutdown (Module: AudioMixerXAudio2)...
[2021.12.01-06.19.13:872][215]LogAudio: Display: Destroying 1 Remaining Audio Device(s)...
[2021.12.01-06.19.13:872][215]LogAudio: Display: Audio Device unregistered from world 'DemoMap'.
[2021.12.01-06.19.13:875][215]LogResonanceAudio: Display: Resonance Audio Listener is shutdown
[2021.12.01-06.19.13:875][215]LogAudioMixer: FMixerPlatformXAudio2::StopAudioStream() called
[2021.12.01-06.19.13:876][215]LogAudioMixer: FMixerPlatformXAudio2::StopAudioStream() called
[2021.12.01-06.19.13:880][215]LogAudio: Display: Audio Device Manager Shutdown
[2021.12.01-06.19.13:884][215]LogExit: Preparing to exit.
[2021.12.01-06.19.13:890][215]LogSlate: Updating window title bar state: overlay mode, drag disabled, window buttons hidden, title bar hidden
[2021.12.01-06.19.13:899][215]LogUObjectHash: Compacting FUObjectHashTables data took   1.39ms
[2021.12.01-06.19.14:864][215]LogMoviePlayer: Shutting down movie player
