Log file open, 12/02/21 14:35:08
LogWindows: Failed to load 'aqProf.dll' (GetLastError=126)
LogWindows: File 'aqProf.dll' does not exist
LogWindows: Failed to load 'VtuneApi.dll' (GetLastError=126)
LogWindows: File 'VtuneApi.dll' does not exist
LogWindows: Failed to load 'VtuneApi32e.dll' (GetLastError=126)
LogWindows: File 'VtuneApi32e.dll' does not exist
LogConsoleResponse: Display: Failed to find resolution value strings in scalability ini. Falling back to default.
LogConsoleResponse: Display: Failed to find resolution value strings in scalability ini. Falling back to default.
LogInit: Display: Running engine for game: FighterFlight
LogPlatformFile: Not using cached read wrapper
LogTaskGraph: Started task graph with 5 named threads and 11 total threads with 3 sets of task threads.
LogStats: Stats thread started at 0.351850
LogICUInternationalization: ICU TimeZone Detection - Raw Offset: -6:00, Platform Override: ''
LogInit: Display: Loading text-based GConfig....
LogPluginManager: Mounting plugin MeshPainting
LogPluginManager: Mounting plugin XGEController
LogPluginManager: Mounting plugin Paper2D
LogPluginManager: Mounting plugin EnvironmentQueryEditor
LogPluginManager: Mounting plugin AISupport
LogPluginManager: Mounting plugin LiveLink
LogPluginManager: Mounting plugin LightPropagationVolume
LogPluginManager: Mounting plugin GameplayCameras
LogPluginManager: Mounting plugin OodleNetwork
LogPluginManager: Mounting plugin OodleData
LogPluginManager: Mounting plugin AnimationSharing
LogPluginManager: Mounting plugin CLionSourceCodeAccess
LogPluginManager: Mounting plugin CodeLiteSourceCodeAccess
LogPluginManager: Mounting plugin GitSourceControl
LogPluginManager: Mounting plugin KDevelopSourceCodeAccess
LogPluginManager: Mounting plugin NullSourceCodeAccess
LogPluginManager: Mounting plugin PerforceSourceControl
LogPluginManager: Mounting plugin PixWinPlugin
LogPluginManager: Mounting plugin PlasticSourceControl
LogPluginManager: Mounting plugin PluginUtils
LogPluginManager: Mounting plugin PropertyAccessNode
LogPluginManager: Mounting plugin RiderSourceCodeAccess
LogPluginManager: Mounting plugin SubversionSourceControl
LogPluginManager: Mounting plugin TextureFormatOodle
LogPluginManager: Mounting plugin UObjectPlugin
LogPluginManager: Mounting plugin VisualStudioCodeSourceCodeAccess
LogPluginManager: Mounting plugin VisualStudioSourceCodeAccess
LogPluginManager: Mounting plugin XCodeSourceCodeAccess
LogPluginManager: Mounting plugin DatasmithContent
LogPluginManager: Mounting plugin VariantManagerContent
LogPluginManager: Mounting plugin AssetManagerEditor
LogPluginManager: Mounting plugin CryptoKeys
LogPluginManager: Mounting plugin CurveEditorTools
LogPluginManager: Mounting plugin DataValidation
LogPluginManager: Mounting plugin FacialAnimation
LogPluginManager: Mounting plugin GameplayTagsEditor
LogPluginManager: Mounting plugin GeometryMode
LogPluginManager: Mounting plugin MacGraphicsSwitching
LogPluginManager: Mounting plugin MaterialAnalyzer
LogPluginManager: Mounting plugin PluginBrowser
LogPluginManager: Mounting plugin MobileLauncherProfileWizard
LogPluginManager: Mounting plugin SpeedTreeImporter
LogPluginManager: Mounting plugin Niagara
LogPluginManager: Mounting plugin AlembicImporter
LogPluginManager: Mounting plugin AutomationUtils
LogPluginManager: Mounting plugin BackChannel
LogPluginManager: Mounting plugin ChaosCloth
LogPluginManager: Mounting plugin ChaosClothEditor
LogPluginManager: Mounting plugin ChaosEditor
LogPluginManager: Mounting plugin ChaosNiagara
LogPluginManager: Mounting plugin ChaosSolverPlugin
LogPluginManager: Mounting plugin CharacterAI
LogPluginManager: Mounting plugin GeometryCache
LogPluginManager: Mounting plugin GeometryCollectionPlugin
LogPluginManager: Mounting plugin GeometryProcessing
LogPluginManager: Mounting plugin MotoSynth
LogPluginManager: Mounting plugin OpenImageDenoise
LogPluginManager: Mounting plugin LuminPlatformFeatures
LogPluginManager: Mounting plugin PlanarCut
LogPluginManager: Mounting plugin PlatformCrypto
LogPluginManager: Mounting plugin MagicLeap
LogPluginManager: Mounting plugin ProxyLODPlugin
LogPluginManager: Mounting plugin PythonScriptPlugin
LogPluginManager: Mounting plugin MagicLeapLightEstimation
LogPluginManager: Mounting plugin MagicLeapMedia
LogPluginManager: Mounting plugin MagicLeapPassableWorld
LogPluginManager: Mounting plugin MLSDK
LogPluginManager: Mounting plugin SkeletalReduction
LogPluginManager: Mounting plugin CameraShakePreviewer
LogPluginManager: Mounting plugin AvfMedia
LogPluginManager: Mounting plugin ImgMedia
LogPluginManager: Mounting plugin MediaCompositing
LogPluginManager: Mounting plugin MediaPlayerEditor
LogPluginManager: Mounting plugin WebMMedia
LogPluginManager: Mounting plugin WmfMedia
LogPluginManager: Mounting plugin TcpMessaging
LogPluginManager: Mounting plugin UdpMessaging
LogPluginManager: Mounting plugin ActorSequence
LogPluginManager: Mounting plugin LevelSequenceEditor
LogPluginManager: Mounting plugin MatineeToLevelSequence
LogPluginManager: Mounting plugin TemplateSequence
LogPluginManager: Mounting plugin OnlineSubsystem
LogPluginManager: Mounting plugin OnlineSubsystemNull
LogPluginManager: Mounting plugin OnlineSubsystemSteam
LogPluginManager: Mounting plugin AndroidMedia
LogPluginManager: Mounting plugin LauncherChunkInstaller
LogPluginManager: Mounting plugin ScreenshotTools
LogPluginManager: Mounting plugin ActorLayerUtilities
LogPluginManager: Mounting plugin AndroidDeviceProfileSelector
LogPluginManager: Mounting plugin AndroidMoviePlayer
LogPluginManager: Mounting plugin AndroidPermission
LogPluginManager: Mounting plugin AppleImageUtils
LogPluginManager: Mounting plugin AppleMoviePlayer
LogPluginManager: Mounting plugin ArchVisCharacter
LogPluginManager: Mounting plugin AssetTags
LogPluginManager: Mounting plugin AudioCapture
LogPluginManager: Mounting plugin AudioSynesthesia
LogPluginManager: Mounting plugin CableComponent
LogPluginManager: Mounting plugin ChunkDownloader
LogPluginManager: Mounting plugin CustomMeshComponent
LogPluginManager: Mounting plugin EditableMesh
LogPluginManager: Mounting plugin ExampleDeviceProfileSelector
LogPluginManager: Mounting plugin Takes
LogPluginManager: Mounting plugin GoogleCloudMessaging
LogPluginManager: Mounting plugin GooglePAD
LogPluginManager: Mounting plugin IOSDeviceProfileSelector
LogPluginManager: Mounting plugin LinuxDeviceProfileSelector
LogPluginManager: Mounting plugin OnlineSubsystemUtils
LogPluginManager: Mounting plugin LocationServicesBPLibrary
LogPluginManager: Mounting plugin MobilePatchingUtils
LogPluginManager: Mounting plugin OpenXR
LogPluginManager: Mounting plugin OpenXREyeTracker
LogPluginManager: Mounting plugin OpenXRHandTracking
LogPluginManager: Mounting plugin PhysXVehicles
LogPluginManager: Mounting plugin PostSplashScreen
LogPluginManager: Mounting plugin ProceduralMeshComponent
LogPluginManager: Mounting plugin PropertyAccessEditor
LogPluginManager: Mounting plugin ResonanceAudio
LogPluginManager: Mounting plugin RuntimePhysXCooking
LogPluginManager: Mounting plugin SignificanceManager
LogPluginManager: Mounting plugin SoundFields
LogPluginManager: Mounting plugin Synthesis
LogPluginManager: Mounting plugin WebMMoviePlayer
LogPluginManager: Mounting plugin WindowsMoviePlayer
LogPluginManager: Mounting plugin ContentBrowserAssetDataSource
LogPluginManager: Mounting plugin ContentBrowserClassDataSource
LogPluginManager: Mounting plugin ContentBrowserFileDataSource
LogPluginManager: Mounting plugin OnlineSubsystemGooglePlay
LogPluginManager: Mounting plugin OnlineSubsystemIOS
LogPluginManager: Mounting plugin OculusOpenXR
LogPluginManager: Mounting plugin SteamShared
LogPluginManager: Mounting plugin AdvancedSessions
LogPluginManager: Mounting plugin AdvancedSteamSessions
LogPluginManager: Mounting plugin OpenXRExpansionPlugin
LogPluginManager: Mounting plugin VRExpansionPlugin
LogPluginManager: Mounting plugin OpenVRExpansionPlugin
PixWinPlugin: PIX capture plugin failed to initialize! Check that the process is launched from PIX.
LogInit: Using libcurl 7.55.1-DEV
LogInit:  - built for x86_64-pc-win32
LogInit:  - supports SSL with OpenSSL/1.1.1
LogInit:  - supports HTTP deflate (compression) using libz 1.2.8
LogInit:  - other features:
LogInit:      CURL_VERSION_SSL
LogInit:      CURL_VERSION_LIBZ
LogInit:      CURL_VERSION_IPV6
LogInit:      CURL_VERSION_ASYNCHDNS
LogInit:      CURL_VERSION_LARGEFILE
LogInit:      CURL_VERSION_IDN
LogInit:  CurlRequestOptions (configurable via config and command line):
LogInit:  - bVerifyPeer = true  - Libcurl will verify peer certificate
LogInit:  - bUseHttpProxy = false  - Libcurl will NOT use HTTP proxy
LogInit:  - bDontReuseConnections = false  - Libcurl will reuse connections
LogInit:  - MaxHostConnections = 16  - Libcurl will limit the number of connections to a host
LogInit:  - LocalHostAddr = Default
LogInit:  - BufferSize = 65536
LogSteamShared: Display: Loading Steam SDK 1.51
LogSteamShared: Steam SDK Loaded!
LogOnline: OSS: Creating online subsystem instance for: Steam
LogOnline: Display: STEAM: OnlineSubsystemSteam::Shutdown()
LogOnline: OSS: Unable to create OnlineSubsystem module Steam
LogOnline: OSS: Creating online subsystem instance for: NULL
LogInit: WinSock: version 1.1 (2.2), MaxSocks=32767, MaxUdp=65467
LogOnline: OSS: TryLoadSubsystemAndSetDefault: Loaded subsystem for module [NULL]
LogInit: Build: ++UE4+Release-4.27-CL-17155196
LogInit: Engine Version: 4.27.0-17155196+++UE4+Release-4.27
LogInit: Compatible Engine Version: 4.27.0-17155196+++UE4+Release-4.27
LogInit: Net CL: 17155196
LogInit: OS: Windows 10 (Release 2009) (), CPU: Intel(R) Core(TM) i7-7500U CPU @ 2.70GHz, GPU: Intel(R) HD Graphics 620
LogInit: Compiled (64-bit): Aug 13 2021 06:13:13
LogInit: Compiled with Visual C++: 19.24.28315.00
LogInit: Build Configuration: Development
LogInit: Branch Name: ++UE4+Release-4.27
LogInit: Command Line: 
LogInit: Base Directory: C:/Program Files/Epic Games/UE_4.27/Engine/Binaries/Win64/
LogInit: Allocator: TBB
LogInit: Installed Engine Build: 1
LogDevObjectVersion: Number of dev versions registered: 29
LogDevObjectVersion:   Dev-Blueprints (B0D832E4-1F89-4F0D-ACCF-7EB736FD4AA2): 10
LogDevObjectVersion:   Dev-Build (E1C64328-A22C-4D53-A36C-8E866417BD8C): 0
LogDevObjectVersion:   Dev-Core (375EC13C-06E4-48FB-B500-84F0262A717E): 4
LogDevObjectVersion:   Dev-Editor (E4B068ED-F494-42E9-A231-DA0B2E46BB41): 40
LogDevObjectVersion:   Dev-Framework (CFFC743F-43B0-4480-9391-14DF171D2073): 37
LogDevObjectVersion:   Dev-Mobile (B02B49B5-BB20-44E9-A304-32B752E40360): 3
LogDevObjectVersion:   Dev-Networking (A4E4105C-59A1-49B5-A7C5-40C4547EDFEE): 0
LogDevObjectVersion:   Dev-Online (39C831C9-5AE6-47DC-9A44-9C173E1C8E7C): 0
LogDevObjectVersion:   Dev-Physics (78F01B33-EBEA-4F98-B9B4-84EACCB95AA2): 14
LogDevObjectVersion:   Dev-Platform (6631380F-2D4D-43E0-8009-CF276956A95A): 0
LogDevObjectVersion:   Dev-Rendering (12F88B9F-8875-4AFC-A67C-D90C383ABD29): 45
LogDevObjectVersion:   Dev-Sequencer (7B5AE74C-D270-4C10-A958-57980B212A5A): 13
LogDevObjectVersion:   Dev-VR (D7296918-1DD6-4BDD-9DE2-64A83CC13884): 3
LogDevObjectVersion:   Dev-LoadTimes (C2A15278-BFE7-4AFE-6C17-90FF531DF755): 1
LogDevObjectVersion:   Private-Geometry (6EACA3D4-40EC-4CC1-B786-8BED09428FC5): 3
LogDevObjectVersion:   Dev-AnimPhys (29E575DD-E0A3-4627-9D10-D276232CDCEA): 17
LogDevObjectVersion:   Dev-Anim (AF43A65D-7FD3-4947-9873-3E8ED9C1BB05): 15
LogDevObjectVersion:   Dev-ReflectionCapture (6B266CEC-1EC7-4B8F-A30B-E4D90942FC07): 1
LogDevObjectVersion:   Dev-Automation (0DF73D61-A23F-47EA-B727-89E90C41499A): 1
LogDevObjectVersion:   FortniteMain (601D1886-AC64-4F84-AA16-D3DE0DEAC7D6): 47
LogDevObjectVersion:   FortniteRelease (E7086368-6B23-4C58-8439-1B7016265E91): 1
LogDevObjectVersion:   Dev-Enterprise (9DFFBCD6-494F-0158-E221-12823C92A888): 10
LogDevObjectVersion:   Dev-Niagara (F2AED0AC-9AFE-416F-8664-AA7FFA26D6FC): 1
LogDevObjectVersion:   Dev-Destruction (174F1F0B-B4C6-45A5-B13F-2EE8D0FB917D): 10
LogDevObjectVersion:   Dev-Physics-Ext (35F94A83-E258-406C-A318-09F59610247C): 41
LogDevObjectVersion:   Dev-PhysicsMaterial-Chaos (B68FC16E-8B1B-42E2-B453-215C058844FE): 1
LogDevObjectVersion:   Dev-CineCamera (B2E18506-4273-CFC2-A54E-F4BB758BBA07): 1
LogDevObjectVersion:   Dev-VirtualProduction (64F58936-FD1B-42BA-BA96-7289D5D0FA4E): 1
LogDevObjectVersion:   Dev-MediaFramework (6F0ED827-A609-4895-9C91-998D90180EA4): 2
LogInit: Presizing for max 25165824 objects, including 0 objects not considered by GC, pre-allocating 0 bytes for permanent pool.
LogConfig: Applying CVar settings from Section [/Script/Engine.StreamingSettings] File [C:/Users/Alexander/Documents/GitHub/VR-Flight-Fighter/FighterFlight/Saved/Config/Windows/Engine.ini]
LogConfig: Setting CVar [[s.MinBulkDataSizeForAsyncLoading:131072]]
LogConfig: Setting CVar [[s.AsyncLoadingThreadEnabled:0]]
LogConfig: Setting CVar [[s.EventDrivenLoaderEnabled:1]]
LogConfig: Setting CVar [[s.WarnIfTimeLimitExceeded:0]]
LogConfig: Setting CVar [[s.TimeLimitExceededMultiplier:1.5]]
LogConfig: Setting CVar [[s.TimeLimitExceededMinTime:0.005]]
LogConfig: Setting CVar [[s.UseBackgroundLevelStreaming:1]]
LogConfig: Setting CVar [[s.PriorityAsyncLoadingExtraTime:15.0]]
LogConfig: Setting CVar [[s.LevelStreamingActorsUpdateTimeLimit:5.0]]
LogConfig: Setting CVar [[s.PriorityLevelStreamingActorsUpdateExtraTime:5.0]]
LogConfig: Setting CVar [[s.LevelStreamingComponentsRegistrationGranularity:10]]
LogConfig: Setting CVar [[s.UnregisterComponentsTimeLimit:1.0]]
LogConfig: Setting CVar [[s.LevelStreamingComponentsUnregistrationGranularity:5]]
LogConfig: Setting CVar [[s.FlushStreamingOnExit:1]]
LogInit: Object subsystem initialized
LogConfig: Setting CVar [[con.DebugEarlyDefault:1]]
LogConfig: Setting CVar [[r.setres:1280x720]]
[2021.12.02-20.35.09:982][  0]LogConfig: Setting CVar [[r.VSync:0]]
[2021.12.02-20.35.09:982][  0]LogConfig: Setting CVar [[r.RHICmdBypass:0]]
[2021.12.02-20.35.09:982][  0]LogConfig: Applying CVar settings from Section [/Script/Engine.RendererSettings] File [C:/Users/Alexander/Documents/GitHub/VR-Flight-Fighter/FighterFlight/Saved/Config/Windows/Engine.ini]
[2021.12.02-20.35.09:982][  0]LogConfig: Setting CVar [[r.GPUCrashDebugging:0]]
[2021.12.02-20.35.09:982][  0]LogConfig: Setting CVar [[r.Mobile.DisableVertexFog:1]]
[2021.12.02-20.35.09:982][  0]LogConfig: Setting CVar [[r.Shadow.CSM.MaxMobileCascades:2]]
[2021.12.02-20.35.09:982][  0]LogConfig: Setting CVar [[r.MobileMSAA:4]]
[2021.12.02-20.35.09:982][  0]LogConfig: Setting CVar [[r.Mobile.AllowDitheredLODTransition:0]]
[2021.12.02-20.35.09:982][  0]LogConfig: Setting CVar [[r.Mobile.AllowSoftwareOcclusion:0]]
[2021.12.02-20.35.09:982][  0]LogConfig: Setting CVar [[r.Mobile.VirtualTextures:0]]
[2021.12.02-20.35.09:982][  0]LogConfig: Setting CVar [[r.DiscardUnusedQuality:0]]
[2021.12.02-20.35.09:982][  0]LogConfig: Setting CVar [[r.AllowOcclusionQueries:1]]
[2021.12.02-20.35.09:982][  0]LogConfig: Setting CVar [[r.MinScreenRadiusForLights:0.030000]]
[2021.12.02-20.35.09:983][  0]LogConfig: Setting CVar [[r.MinScreenRadiusForDepthPrepass:0.030000]]
[2021.12.02-20.35.09:983][  0]LogConfig: Setting CVar [[r.MinScreenRadiusForCSMDepth:0.010000]]
[2021.12.02-20.35.09:983][  0]LogConfig: Setting CVar [[r.PrecomputedVisibilityWarning:0]]
[2021.12.02-20.35.09:983][  0]LogConfig: Setting CVar [[r.TextureStreaming:1]]
[2021.12.02-20.35.09:983][  0]LogConfig: Setting CVar [[Compat.UseDXT5NormalMaps:0]]
[2021.12.02-20.35.09:983][  0]LogConfig: Setting CVar [[r.VirtualTextures:0]]
[2021.12.02-20.35.09:983][  0]LogConfig: Setting CVar [[r.VirtualTexturedLightmaps:0]]
[2021.12.02-20.35.09:983][  0]LogConfig: Setting CVar [[r.VT.TileSize:128]]
[2021.12.02-20.35.09:983][  0]LogConfig: Setting CVar [[r.VT.TileBorderSize:4]]
[2021.12.02-20.35.09:983][  0]LogConfig: Setting CVar [[r.vt.FeedbackFactor:16]]
[2021.12.02-20.35.09:983][  0]LogConfig: Setting CVar [[r.VT.EnableCompressZlib:1]]
[2021.12.02-20.35.09:983][  0]LogConfig: Setting CVar [[r.VT.EnableCompressCrunch:0]]
[2021.12.02-20.35.09:983][  0]LogConfig: Setting CVar [[r.ClearCoatNormal:0]]
[2021.12.02-20.35.09:983][  0]LogConfig: Setting CVar [[r.ReflectionCaptureResolution:128]]
[2021.12.02-20.35.09:983][  0]LogConfig: Setting CVar [[r.Mobile.ReflectionCaptureCompression:0]]
[2021.12.02-20.35.09:983][  0]LogConfig: Setting CVar [[r.ReflectionEnvironmentLightmapMixBasedOnRoughness:1]]
[2021.12.02-20.35.09:983][  0]LogConfig: Setting CVar [[r.ForwardShading:1]]
[2021.12.02-20.35.09:983][  0]LogConfig: Setting CVar [[r.VertexFoggingForOpaque:1]]
[2021.12.02-20.35.09:983][  0]LogConfig: Setting CVar [[r.AllowStaticLighting:1]]
[2021.12.02-20.35.09:983][  0]LogConfig: Setting CVar [[r.NormalMapsForStaticLighting:0]]
[2021.12.02-20.35.09:983][  0]LogConfig: Setting CVar [[r.GenerateMeshDistanceFields:0]]
[2021.12.02-20.35.09:983][  0]LogConfig: Setting CVar [[r.DistanceFieldBuild.EightBit:0]]
[2021.12.02-20.35.09:983][  0]LogConfig: Setting CVar [[r.GenerateLandscapeGIData:0]]
[2021.12.02-20.35.09:983][  0]LogConfig: Setting CVar [[r.DistanceFieldBuild.Compress:0]]
[2021.12.02-20.35.09:983][  0]LogConfig: Setting CVar [[r.TessellationAdaptivePixelsPerTriangle:48.000000]]
[2021.12.02-20.35.09:983][  0]LogConfig: Setting CVar [[r.SeparateTranslucency:0]]
[2021.12.02-20.35.09:983][  0]LogConfig: Setting CVar [[r.TranslucentSortPolicy:0]]
[2021.12.02-20.35.09:983][  0]LogConfig: Setting CVar [[r.CustomDepth:1]]
[2021.12.02-20.35.09:983][  0]LogConfig: Setting CVar [[r.CustomDepthTemporalAAJitter:1]]
[2021.12.02-20.35.09:983][  0]LogConfig: Setting CVar [[r.PostProcessing.PropagateAlpha:0]]
[2021.12.02-20.35.09:983][  0]LogConfig: Setting CVar [[r.DefaultFeature.Bloom:0]]
[2021.12.02-20.35.09:983][  0]LogConfig: Setting CVar [[r.DefaultFeature.AmbientOcclusion:0]]
[2021.12.02-20.35.09:983][  0]LogConfig: Setting CVar [[r.DefaultFeature.AmbientOcclusionStaticFraction:1]]
[2021.12.02-20.35.09:983][  0]LogConfig: Setting CVar [[r.DefaultFeature.AutoExposure:0]]
[2021.12.02-20.35.09:983][  0]LogConfig: Setting CVar [[r.DefaultFeature.AutoExposure.Method:0]]
[2021.12.02-20.35.09:983][  0]LogConfig: Setting CVar [[r.DefaultFeature.AutoExposure.Bias:1.000000]]
[2021.12.02-20.35.09:983][  0]LogConfig: Setting CVar [[r.DefaultFeature.AutoExposure.ExtendDefaultLuminanceRange:1]]
[2021.12.02-20.35.09:983][  0]LogConfig: Setting CVar [[r.UsePreExposure:1]]
[2021.12.02-20.35.09:983][  0]LogConfig: Setting CVar [[r.EyeAdaptation.EditorOnly:0]]
[2021.12.02-20.35.09:983][  0]LogConfig: Setting CVar [[r.DefaultFeature.MotionBlur:0]]
[2021.12.02-20.35.09:983][  0]LogConfig: Setting CVar [[r.DefaultFeature.LensFlare:0]]
[2021.12.02-20.35.09:983][  0]LogConfig: Setting CVar [[r.TemporalAA.Upsampling:0]]
[2021.12.02-20.35.09:983][  0]LogConfig: Setting CVar [[r.SSGI.Enable:0]]
[2021.12.02-20.35.09:983][  0]LogConfig: Setting CVar [[r.DefaultFeature.AntiAliasing:3]]
[2021.12.02-20.35.09:983][  0]LogConfig: Setting CVar [[r.DefaultFeature.LightUnits:1]]
[2021.12.02-20.35.09:983][  0]LogConfig: Setting CVar [[r.DefaultBackBufferPixelFormat:4]]
[2021.12.02-20.35.09:983][  0]LogConfig: Setting CVar [[r.Shadow.UnbuiltPreviewInGame:1]]
[2021.12.02-20.35.09:983][  0]LogConfig: Setting CVar [[r.StencilForLODDither:0]]
[2021.12.02-20.35.09:983][  0]LogConfig: Setting CVar [[r.EarlyZPass:3]]
[2021.12.02-20.35.09:983][  0]LogConfig: Setting CVar [[r.EarlyZPassOnlyMaterialMasking:0]]
[2021.12.02-20.35.09:983][  0]LogConfig: Setting CVar [[r.DBuffer:1]]
[2021.12.02-20.35.09:983][  0]LogConfig: Setting CVar [[r.ClearSceneMethod:1]]
[2021.12.02-20.35.09:983][  0]LogConfig: Setting CVar [[r.BasePassOutputsVelocity:0]]
[2021.12.02-20.35.09:983][  0]LogConfig: Setting CVar [[r.VertexDeformationOutputsVelocity:0]]
[2021.12.02-20.35.09:983][  0]LogConfig: Setting CVar [[r.SelectiveBasePassOutputs:0]]
[2021.12.02-20.35.09:983][  0]LogConfig: Setting CVar [[fx.GPUSimulationTextureSizeX:1024]]
[2021.12.02-20.35.09:983][  0]LogConfig: Setting CVar [[fx.GPUSimulationTextureSizeY:1024]]
[2021.12.02-20.35.09:983][  0]LogConfig: Setting CVar [[r.AllowGlobalClipPlane:0]]
[2021.12.02-20.35.09:983][  0]LogConfig: Setting CVar [[r.GBufferFormat:1]]
[2021.12.02-20.35.09:983][  0]LogConfig: Setting CVar [[r.MorphTarget.Mode:1]]
[2021.12.02-20.35.09:983][  0]LogConfig: Setting CVar [[vr.InstancedStereo:1]]
[2021.12.02-20.35.09:983][  0]LogConfig: Setting CVar [[r.MobileHDR:0]]
[2021.12.02-20.35.09:983][  0]LogConfig: Setting CVar [[vr.MobileMultiView:1]]
[2021.12.02-20.35.09:983][  0]LogConfig: Setting CVar [[r.Mobile.UseHWsRGBEncoding:1]]
[2021.12.02-20.35.09:983][  0]LogConfig: Setting CVar [[vr.RoundRobinOcclusion:0]]
[2021.12.02-20.35.09:983][  0]LogConfig: Setting CVar [[vr.ODSCapture:0]]
[2021.12.02-20.35.09:983][  0]LogConfig: Setting CVar [[r.MeshStreaming:0]]
[2021.12.02-20.35.09:983][  0]LogConfig: Setting CVar [[r.WireframeCullThreshold:5.000000]]
[2021.12.02-20.35.09:983][  0]LogConfig: Setting CVar [[r.RayTracing:0]]
[2021.12.02-20.35.09:983][  0]LogConfig: Setting CVar [[r.RayTracing.UseTextureLod:0]]
[2021.12.02-20.35.09:983][  0]LogConfig: Setting CVar [[r.SupportStationarySkylight:1]]
[2021.12.02-20.35.09:983][  0]LogConfig: Setting CVar [[r.SupportLowQualityLightmaps:1]]
[2021.12.02-20.35.09:983][  0]LogConfig: Setting CVar [[r.SupportPointLightWholeSceneShadows:1]]
[2021.12.02-20.35.09:983][  0]LogConfig: Setting CVar [[r.SupportAtmosphericFog:1]]
[2021.12.02-20.35.09:984][  0]LogConfig: Setting CVar [[r.SupportSkyAtmosphere:1]]
[2021.12.02-20.35.09:984][  0]LogConfig: Setting CVar [[r.SupportSkyAtmosphereAffectsHeightFog:0]]
[2021.12.02-20.35.09:984][  0]LogConfig: Setting CVar [[r.SkinCache.CompileShaders:0]]
[2021.12.02-20.35.09:984][  0]LogConfig: Setting CVar [[r.SkinCache.DefaultBehavior:1]]
[2021.12.02-20.35.09:984][  0]LogConfig: Setting CVar [[r.SkinCache.SceneMemoryLimitInMB:128.000000]]
[2021.12.02-20.35.09:984][  0]LogConfig: Setting CVar [[r.Mobile.EnableStaticAndCSMShadowReceivers:1]]
[2021.12.02-20.35.09:984][  0]LogConfig: Setting CVar [[r.Mobile.EnableMovableLightCSMShaderCulling:1]]
[2021.12.02-20.35.09:984][  0]LogConfig: Setting CVar [[r.Mobile.AllowDistanceFieldShadows:1]]
[2021.12.02-20.35.09:984][  0]LogConfig: Setting CVar [[r.Mobile.AllowMovableDirectionalLights:1]]
[2021.12.02-20.35.09:984][  0]LogConfig: Setting CVar [[r.MobileNumDynamicPointLights:4]]
[2021.12.02-20.35.09:984][  0]LogConfig: Setting CVar [[r.MobileDynamicPointLightsUseStaticBranch:1]]
[2021.12.02-20.35.09:984][  0]LogConfig: Setting CVar [[r.Mobile.EnableMovableSpotlights:0]]
[2021.12.02-20.35.09:984][  0]LogConfig: Setting CVar [[r.Mobile.EnableMovableSpotlightsShadow:0]]
[2021.12.02-20.35.09:984][  0]LogConfig: Setting CVar [[r.GPUSkin.Support16BitBoneIndex:0]]
[2021.12.02-20.35.09:984][  0]LogConfig: Setting CVar [[r.GPUSkin.Limit2BoneInfluences:0]]
[2021.12.02-20.35.09:984][  0]LogConfig: Setting CVar [[r.SupportDepthOnlyIndexBuffers:1]]
[2021.12.02-20.35.09:984][  0]LogConfig: Setting CVar [[r.SupportReversedIndexBuffers:1]]
[2021.12.02-20.35.09:984][  0]LogConfig: Setting CVar [[r.LightPropagationVolume:0]]
[2021.12.02-20.35.09:984][  0]LogConfig: Setting CVar [[r.Mobile.AmbientOcclusion:0]]
[2021.12.02-20.35.09:984][  0]LogConfig: Setting CVar [[r.GPUSkin.UnlimitedBoneInfluences:0]]
[2021.12.02-20.35.09:984][  0]LogConfig: Setting CVar [[r.GPUSkin.UnlimitedBoneInfluencesThreshold:8]]
[2021.12.02-20.35.09:984][  0]LogConfig: Setting CVar [[r.Mobile.PlanarReflectionMode:0]]
[2021.12.02-20.35.09:984][  0]LogConfig: Setting CVar [[r.Mobile.SupportGPUScene:1]]
[2021.12.02-20.35.09:984][  0]LogConfig: Applying CVar settings from Section [/Script/Engine.RendererOverrideSettings] File [C:/Users/Alexander/Documents/GitHub/VR-Flight-Fighter/FighterFlight/Saved/Config/Windows/Engine.ini]
[2021.12.02-20.35.09:984][  0]LogConfig: Applying CVar settings from Section [/Script/Engine.StreamingSettings] File [C:/Users/Alexander/Documents/GitHub/VR-Flight-Fighter/FighterFlight/Saved/Config/Windows/Engine.ini]
[2021.12.02-20.35.09:984][  0]LogConfig: Setting CVar [[s.MinBulkDataSizeForAsyncLoading:131072]]
[2021.12.02-20.35.09:984][  0]LogConfig: Setting CVar [[s.AsyncLoadingThreadEnabled:0]]
[2021.12.02-20.35.09:984][  0]LogConfig: Setting CVar [[s.EventDrivenLoaderEnabled:1]]
[2021.12.02-20.35.09:984][  0]LogConfig: Setting CVar [[s.WarnIfTimeLimitExceeded:0]]
[2021.12.02-20.35.09:984][  0]LogConfig: Setting CVar [[s.TimeLimitExceededMultiplier:1.5]]
[2021.12.02-20.35.09:984][  0]LogConfig: Setting CVar [[s.TimeLimitExceededMinTime:0.005]]
[2021.12.02-20.35.09:984][  0]LogConfig: Setting CVar [[s.UseBackgroundLevelStreaming:1]]
[2021.12.02-20.35.09:984][  0]LogConfig: Setting CVar [[s.PriorityAsyncLoadingExtraTime:15.0]]
[2021.12.02-20.35.09:984][  0]LogConfig: Setting CVar [[s.LevelStreamingActorsUpdateTimeLimit:5.0]]
[2021.12.02-20.35.09:984][  0]LogConfig: Setting CVar [[s.PriorityLevelStreamingActorsUpdateExtraTime:5.0]]
[2021.12.02-20.35.09:984][  0]LogConfig: Setting CVar [[s.LevelStreamingComponentsRegistrationGranularity:10]]
[2021.12.02-20.35.09:984][  0]LogConfig: Setting CVar [[s.UnregisterComponentsTimeLimit:1.0]]
[2021.12.02-20.35.09:984][  0]LogConfig: Setting CVar [[s.LevelStreamingComponentsUnregistrationGranularity:5]]
[2021.12.02-20.35.09:984][  0]LogConfig: Setting CVar [[s.FlushStreamingOnExit:1]]
[2021.12.02-20.35.09:984][  0]LogConfig: Applying CVar settings from Section [/Script/Engine.GarbageCollectionSettings] File [C:/Users/Alexander/Documents/GitHub/VR-Flight-Fighter/FighterFlight/Saved/Config/Windows/Engine.ini]
[2021.12.02-20.35.09:984][  0]LogConfig: Setting CVar [[gc.MaxObjectsNotConsideredByGC:1]]
[2021.12.02-20.35.09:984][  0]LogConfig: Setting CVar [[gc.SizeOfPermanentObjectPool:0]]
[2021.12.02-20.35.09:984][  0]LogConfig: Setting CVar [[gc.FlushStreamingOnGC:0]]
[2021.12.02-20.35.09:984][  0]LogConfig: Setting CVar [[gc.NumRetriesBeforeForcingGC:10]]
[2021.12.02-20.35.09:984][  0]LogConfig: Setting CVar [[gc.AllowParallelGC:1]]
[2021.12.02-20.35.09:984][  0]LogConfig: Setting CVar [[gc.TimeBetweenPurgingPendingKillObjects:61.1]]
[2021.12.02-20.35.09:984][  0]LogConfig: Setting CVar [[gc.MaxObjectsInEditor:25165824]]
[2021.12.02-20.35.09:984][  0]LogConfig: Setting CVar [[gc.IncrementalBeginDestroyEnabled:1]]
[2021.12.02-20.35.09:984][  0]LogConfig: Setting CVar [[gc.CreateGCClusters:1]]
[2021.12.02-20.35.09:984][  0]LogConfig: Setting CVar [[gc.MinGCClusterSize:5]]
[2021.12.02-20.35.09:984][  0]LogConfig: Setting CVar [[gc.ActorClusteringEnabled:0]]
[2021.12.02-20.35.09:984][  0]LogConfig: Setting CVar [[gc.BlueprintClusteringEnabled:0]]
[2021.12.02-20.35.09:984][  0]LogConfig: Setting CVar [[gc.UseDisregardForGCOnDedicatedServers:0]]
[2021.12.02-20.35.09:984][  0]LogConfig: Setting CVar [[gc.MultithreadedDestructionEnabled:1]]
[2021.12.02-20.35.09:984][  0]LogConfig: Applying CVar settings from Section [/Script/Engine.NetworkSettings] File [C:/Users/Alexander/Documents/GitHub/VR-Flight-Fighter/FighterFlight/Saved/Config/Windows/Engine.ini]
[2021.12.02-20.35.09:984][  0]LogConfig: Applying CVar settings from Section [/Script/UnrealEd.CookerSettings] File [C:/Users/Alexander/Documents/GitHub/VR-Flight-Fighter/FighterFlight/Saved/Config/Windows/Engine.ini]
[2021.12.02-20.35.10:003][  0]LogConfig: Applying CVar settings from Section [ViewDistanceQuality@3] File [C:/Users/Alexander/Documents/GitHub/VR-Flight-Fighter/FighterFlight/Saved/Config/Windows/Scalability.ini]
[2021.12.02-20.35.10:003][  0]LogConfig: Setting CVar [[r.SkeletalMeshLODBias:0]]
[2021.12.02-20.35.10:003][  0]LogConfig: Setting CVar [[r.ViewDistanceScale:1.0]]
[2021.12.02-20.35.10:003][  0]LogConfig: Applying CVar settings from Section [AntiAliasingQuality@3] File [C:/Users/Alexander/Documents/GitHub/VR-Flight-Fighter/FighterFlight/Saved/Config/Windows/Scalability.ini]
[2021.12.02-20.35.10:003][  0]LogConfig: Setting CVar [[r.PostProcessAAQuality:4]]
[2021.12.02-20.35.10:003][  0]LogConfig: Applying CVar settings from Section [ShadowQuality@3] File [C:/Users/Alexander/Documents/GitHub/VR-Flight-Fighter/FighterFlight/Saved/Config/Windows/Scalability.ini]
[2021.12.02-20.35.10:003][  0]LogConfig: Setting CVar [[r.LightFunctionQuality:1]]
[2021.12.02-20.35.10:003][  0]LogConfig: Setting CVar [[r.ShadowQuality:5]]
[2021.12.02-20.35.10:003][  0]LogConfig: Setting CVar [[r.Shadow.CSM.MaxCascades:10]]
[2021.12.02-20.35.10:003][  0]LogConfig: Setting CVar [[r.Shadow.MaxResolution:2048]]
[2021.12.02-20.35.10:003][  0]LogConfig: Setting CVar [[r.Shadow.MaxCSMResolution:2048]]
[2021.12.02-20.35.10:003][  0]LogConfig: Setting CVar [[r.Shadow.RadiusThreshold:0.01]]
[2021.12.02-20.35.10:003][  0]LogConfig: Setting CVar [[r.Shadow.DistanceScale:1.0]]
[2021.12.02-20.35.10:003][  0]LogConfig: Setting CVar [[r.Shadow.CSM.TransitionScale:1.0]]
[2021.12.02-20.35.10:003][  0]LogConfig: Setting CVar [[r.Shadow.PreShadowResolutionFactor:1.0]]
[2021.12.02-20.35.10:003][  0]LogConfig: Setting CVar [[r.DistanceFieldShadowing:1]]
[2021.12.02-20.35.10:003][  0]LogConfig: Setting CVar [[r.DistanceFieldAO:1]]
[2021.12.02-20.35.10:003][  0]LogConfig: Setting CVar [[r.AOQuality:2]]
[2021.12.02-20.35.10:003][  0]LogConfig: Setting CVar [[r.VolumetricFog:1]]
[2021.12.02-20.35.10:003][  0]LogConfig: Setting CVar [[r.VolumetricFog.GridPixelSize:8]]
[2021.12.02-20.35.10:003][  0]LogConfig: Setting CVar [[r.VolumetricFog.GridSizeZ:128]]
[2021.12.02-20.35.10:003][  0]LogConfig: Setting CVar [[r.VolumetricFog.HistoryMissSupersampleCount:4]]
[2021.12.02-20.35.10:003][  0]LogConfig: Setting CVar [[r.LightMaxDrawDistanceScale:1]]
[2021.12.02-20.35.10:003][  0]LogConfig: Setting CVar [[r.CapsuleShadows:1]]
[2021.12.02-20.35.10:003][  0]LogConfig: Applying CVar settings from Section [PostProcessQuality@3] File [C:/Users/Alexander/Documents/GitHub/VR-Flight-Fighter/FighterFlight/Saved/Config/Windows/Scalability.ini]
[2021.12.02-20.35.10:003][  0]LogConfig: Setting CVar [[r.MotionBlurQuality:4]]
[2021.12.02-20.35.10:003][  0]LogConfig: Setting CVar [[r.AmbientOcclusionMipLevelFactor:0.4]]
[2021.12.02-20.35.10:003][  0]LogConfig: Setting CVar [[r.AmbientOcclusionMaxQuality:100]]
[2021.12.02-20.35.10:003][  0]LogConfig: Setting CVar [[r.AmbientOcclusionLevels:-1]]
[2021.12.02-20.35.10:003][  0]LogConfig: Setting CVar [[r.AmbientOcclusionRadiusScale:1.0]]
[2021.12.02-20.35.10:003][  0]LogConfig: Setting CVar [[r.DepthOfFieldQuality:2]]
[2021.12.02-20.35.10:003][  0]LogConfig: Setting CVar [[r.RenderTargetPoolMin:400]]
[2021.12.02-20.35.10:003][  0]LogConfig: Setting CVar [[r.LensFlareQuality:2]]
[2021.12.02-20.35.10:003][  0]LogConfig: Setting CVar [[r.SceneColorFringeQuality:1]]
[2021.12.02-20.35.10:003][  0]LogConfig: Setting CVar [[r.EyeAdaptationQuality:2]]
[2021.12.02-20.35.10:003][  0]LogConfig: Setting CVar [[r.BloomQuality:5]]
[2021.12.02-20.35.10:003][  0]LogConfig: Setting CVar [[r.FastBlurThreshold:100]]
[2021.12.02-20.35.10:004][  0]LogConfig: Setting CVar [[r.Upscale.Quality:3]]
[2021.12.02-20.35.10:004][  0]LogConfig: Setting CVar [[r.Tonemapper.GrainQuantization:1]]
[2021.12.02-20.35.10:004][  0]LogConfig: Setting CVar [[r.LightShaftQuality:1]]
[2021.12.02-20.35.10:004][  0]LogConfig: Setting CVar [[r.Filter.SizeScale:1]]
[2021.12.02-20.35.10:004][  0]LogConfig: Setting CVar [[r.Tonemapper.Quality:5]]
[2021.12.02-20.35.10:004][  0]LogConfig: Setting CVar [[r.DOF.Gather.AccumulatorQuality:1        ; higher gathering accumulator quality]]
[2021.12.02-20.35.10:004][  0]LogConfig: Setting CVar [[r.DOF.Gather.PostfilterMethod:1          ; Median3x3 postfilering method]]
[2021.12.02-20.35.10:004][  0]LogConfig: Setting CVar [[r.DOF.Gather.EnableBokehSettings:0       ; no bokeh simulation when gathering]]
[2021.12.02-20.35.10:004][  0]LogConfig: Setting CVar [[r.DOF.Gather.RingCount:4                 ; medium number of samples when gathering]]
[2021.12.02-20.35.10:004][  0]LogConfig: Setting CVar [[r.DOF.Scatter.ForegroundCompositing:1    ; additive foreground scattering]]
[2021.12.02-20.35.10:004][  0]LogConfig: Setting CVar [[r.DOF.Scatter.BackgroundCompositing:2    ; additive background scattering]]
[2021.12.02-20.35.10:004][  0]LogConfig: Setting CVar [[r.DOF.Scatter.EnableBokehSettings:1      ; bokeh simulation when scattering]]
[2021.12.02-20.35.10:004][  0]LogConfig: Setting CVar [[r.DOF.Scatter.MaxSpriteRatio:0.1         ; only a maximum of 10% of scattered bokeh]]
[2021.12.02-20.35.10:004][  0]LogConfig: Setting CVar [[r.DOF.Recombine.Quality:1                ; cheap slight out of focus]]
[2021.12.02-20.35.10:004][  0]LogConfig: Setting CVar [[r.DOF.Recombine.EnableBokehSettings:0    ; no bokeh simulation on slight out of focus]]
[2021.12.02-20.35.10:004][  0]LogConfig: Setting CVar [[r.DOF.TemporalAAQuality:1                ; more stable temporal accumulation]]
[2021.12.02-20.35.10:004][  0]LogConfig: Setting CVar [[r.DOF.Kernel.MaxForegroundRadius:0.025]]
[2021.12.02-20.35.10:004][  0]LogConfig: Setting CVar [[r.DOF.Kernel.MaxBackgroundRadius:0.025]]
[2021.12.02-20.35.10:004][  0]LogConfig: Applying CVar settings from Section [TextureQuality@3] File [C:/Users/Alexander/Documents/GitHub/VR-Flight-Fighter/FighterFlight/Saved/Config/Windows/Scalability.ini]
[2021.12.02-20.35.10:004][  0]LogConfig: Setting CVar [[r.Streaming.MipBias:0]]
[2021.12.02-20.35.10:004][  0]LogConfig: Setting CVar [[r.Streaming.AmortizeCPUToGPUCopy:0]]
[2021.12.02-20.35.10:004][  0]LogConfig: Setting CVar [[r.Streaming.MaxNumTexturesToStreamPerFrame:0]]
[2021.12.02-20.35.10:004][  0]LogConfig: Setting CVar [[r.Streaming.Boost:1]]
[2021.12.02-20.35.10:004][  0]LogConfig: Setting CVar [[r.MaxAnisotropy:8]]
[2021.12.02-20.35.10:004][  0]LogConfig: Setting CVar [[r.VT.MaxAnisotropy:8]]
[2021.12.02-20.35.10:004][  0]LogConfig: Setting CVar [[r.Streaming.LimitPoolSizeToVRAM:0]]
[2021.12.02-20.35.10:004][  0]LogConfig: Setting CVar [[r.Streaming.PoolSize:1000]]
[2021.12.02-20.35.10:004][  0]LogConfig: Setting CVar [[r.Streaming.MaxEffectiveScreenSize:0]]
[2021.12.02-20.35.10:004][  0]LogConfig: Applying CVar settings from Section [EffectsQuality@3] File [C:/Users/Alexander/Documents/GitHub/VR-Flight-Fighter/FighterFlight/Saved/Config/Windows/Scalability.ini]
[2021.12.02-20.35.10:004][  0]LogConfig: Setting CVar [[r.TranslucencyLightingVolumeDim:64]]
[2021.12.02-20.35.10:004][  0]LogConfig: Setting CVar [[r.RefractionQuality:2]]
[2021.12.02-20.35.10:004][  0]LogConfig: Setting CVar [[r.SSR.Quality:3]]
[2021.12.02-20.35.10:004][  0]LogConfig: Setting CVar [[r.SSR.HalfResSceneColor:0]]
[2021.12.02-20.35.10:004][  0]LogConfig: Setting CVar [[r.SceneColorFormat:4]]
[2021.12.02-20.35.10:004][  0]LogConfig: Setting CVar [[r.DetailMode:2]]
[2021.12.02-20.35.10:004][  0]LogConfig: Setting CVar [[r.TranslucencyVolumeBlur:1]]
[2021.12.02-20.35.10:004][  0]LogConfig: Setting CVar [[r.MaterialQualityLevel:1 ; High quality]]
[2021.12.02-20.35.10:004][  0]LogConfig: Setting CVar [[r.AnisotropicMaterials:1]]
[2021.12.02-20.35.10:004][  0]LogConfig: Setting CVar [[r.SSS.Scale:1]]
[2021.12.02-20.35.10:004][  0]LogConfig: Setting CVar [[r.SSS.SampleSet:2]]
[2021.12.02-20.35.10:004][  0]LogConfig: Setting CVar [[r.SSS.Quality:1]]
[2021.12.02-20.35.10:004][  0]LogConfig: Setting CVar [[r.SSS.HalfRes:0]]
[2021.12.02-20.35.10:004][  0]LogConfig: Setting CVar [[r.SSGI.Quality:3]]
[2021.12.02-20.35.10:004][  0]LogConfig: Setting CVar [[r.EmitterSpawnRateScale:1.0]]
[2021.12.02-20.35.10:004][  0]LogConfig: Setting CVar [[r.ParticleLightQuality:2]]
[2021.12.02-20.35.10:004][  0]LogConfig: Setting CVar [[r.SkyAtmosphere.AerialPerspectiveLUT.FastApplyOnOpaque:1 ; Always have FastSkyLUT 1 in this case to avoid wrong sky]]
[2021.12.02-20.35.10:004][  0]LogConfig: Setting CVar [[r.SkyAtmosphere.AerialPerspectiveLUT.SampleCountMaxPerSlice:4]]
[2021.12.02-20.35.10:004][  0]LogConfig: Setting CVar [[r.SkyAtmosphere.AerialPerspectiveLUT.DepthResolution:16.0]]
[2021.12.02-20.35.10:004][  0]LogConfig: Setting CVar [[r.SkyAtmosphere.FastSkyLUT:1]]
[2021.12.02-20.35.10:004][  0]LogConfig: Setting CVar [[r.SkyAtmosphere.FastSkyLUT.SampleCountMin:4.0]]
[2021.12.02-20.35.10:004][  0]LogConfig: Setting CVar [[r.SkyAtmosphere.FastSkyLUT.SampleCountMax:128.0]]
[2021.12.02-20.35.10:004][  0]LogConfig: Setting CVar [[r.SkyAtmosphere.SampleCountMin:4.0]]
[2021.12.02-20.35.10:004][  0]LogConfig: Setting CVar [[r.SkyAtmosphere.SampleCountMax:128.0]]
[2021.12.02-20.35.10:004][  0]LogConfig: Setting CVar [[r.SkyAtmosphere.TransmittanceLUT.UseSmallFormat:0]]
[2021.12.02-20.35.10:004][  0]LogConfig: Setting CVar [[r.SkyAtmosphere.TransmittanceLUT.SampleCount:10.0]]
[2021.12.02-20.35.10:004][  0]LogConfig: Setting CVar [[r.SkyAtmosphere.MultiScatteringLUT.SampleCount:15.0]]
[2021.12.02-20.35.10:004][  0]LogConfig: Setting CVar [[r.SkyLight.RealTimeReflectionCapture:1]]
[2021.12.02-20.35.10:004][  0]LogConfig: Applying CVar settings from Section [FoliageQuality@3] File [C:/Users/Alexander/Documents/GitHub/VR-Flight-Fighter/FighterFlight/Saved/Config/Windows/Scalability.ini]
[2021.12.02-20.35.10:004][  0]LogConfig: Setting CVar [[foliage.DensityScale:1.0]]
[2021.12.02-20.35.10:004][  0]LogConfig: Setting CVar [[grass.DensityScale:1.0]]
[2021.12.02-20.35.10:005][  0]LogConfig: Applying CVar settings from Section [ShadingQuality@3] File [C:/Users/Alexander/Documents/GitHub/VR-Flight-Fighter/FighterFlight/Saved/Config/Windows/Scalability.ini]
[2021.12.02-20.35.10:005][  0]LogConfig: Setting CVar [[r.HairStrands.SkyLighting.IntegrationType:2]]
[2021.12.02-20.35.10:005][  0]LogConfig: Setting CVar [[r.HairStrands.SkyAO.SampleCount:4]]
[2021.12.02-20.35.10:005][  0]LogConfig: Setting CVar [[r.HairStrands.Visibility.MSAA.SamplePerPixel:4]]
[2021.12.02-20.35.10:005][  0]LogInit: Selected Device Profile: [Windows]
[2021.12.02-20.35.10:005][  0]LogInit: Applying CVar settings loaded from the selected device profile: [Windows]
[2021.12.02-20.35.10:005][  0]LogHAL: Display: Platform has ~ 16 GB [17043189760 / 17179869184 / 16], which maps to Larger [LargestMinGB=32, LargerMinGB=12, DefaultMinGB=8, SmallerMinGB=6, SmallestMinGB=0)
[2021.12.02-20.35.10:005][  0]LogInit: Going up to parent DeviceProfile []
[2021.12.02-20.35.10:005][  0]LogConfig: Applying CVar settings from Section [ViewDistanceQuality@3] File [C:/Users/Alexander/Documents/GitHub/VR-Flight-Fighter/FighterFlight/Saved/Config/Windows/Scalability.ini]
[2021.12.02-20.35.10:005][  0]LogConfig: Setting CVar [[r.SkeletalMeshLODBias:0]]
[2021.12.02-20.35.10:005][  0]LogConfig: Setting CVar [[r.ViewDistanceScale:1.0]]
[2021.12.02-20.35.10:005][  0]LogConfig: Applying CVar settings from Section [AntiAliasingQuality@3] File [C:/Users/Alexander/Documents/GitHub/VR-Flight-Fighter/FighterFlight/Saved/Config/Windows/Scalability.ini]
[2021.12.02-20.35.10:005][  0]LogConfig: Setting CVar [[r.PostProcessAAQuality:4]]
[2021.12.02-20.35.10:005][  0]LogConfig: Applying CVar settings from Section [ShadowQuality@3] File [C:/Users/Alexander/Documents/GitHub/VR-Flight-Fighter/FighterFlight/Saved/Config/Windows/Scalability.ini]
[2021.12.02-20.35.10:005][  0]LogConfig: Setting CVar [[r.LightFunctionQuality:1]]
[2021.12.02-20.35.10:005][  0]LogConfig: Setting CVar [[r.ShadowQuality:5]]
[2021.12.02-20.35.10:005][  0]LogConfig: Setting CVar [[r.Shadow.CSM.MaxCascades:10]]
[2021.12.02-20.35.10:005][  0]LogConfig: Setting CVar [[r.Shadow.MaxResolution:2048]]
[2021.12.02-20.35.10:005][  0]LogConfig: Setting CVar [[r.Shadow.MaxCSMResolution:2048]]
[2021.12.02-20.35.10:005][  0]LogConfig: Setting CVar [[r.Shadow.RadiusThreshold:0.01]]
[2021.12.02-20.35.10:005][  0]LogConfig: Setting CVar [[r.Shadow.DistanceScale:1.0]]
[2021.12.02-20.35.10:005][  0]LogConfig: Setting CVar [[r.Shadow.CSM.TransitionScale:1.0]]
[2021.12.02-20.35.10:005][  0]LogConfig: Setting CVar [[r.Shadow.PreShadowResolutionFactor:1.0]]
[2021.12.02-20.35.10:005][  0]LogConfig: Setting CVar [[r.DistanceFieldShadowing:1]]
[2021.12.02-20.35.10:006][  0]LogConfig: Setting CVar [[r.DistanceFieldAO:1]]
[2021.12.02-20.35.10:006][  0]LogConfig: Setting CVar [[r.AOQuality:2]]
[2021.12.02-20.35.10:006][  0]LogConfig: Setting CVar [[r.VolumetricFog:1]]
[2021.12.02-20.35.10:006][  0]LogConfig: Setting CVar [[r.VolumetricFog.GridPixelSize:8]]
[2021.12.02-20.35.10:006][  0]LogConfig: Setting CVar [[r.VolumetricFog.GridSizeZ:128]]
[2021.12.02-20.35.10:006][  0]LogConfig: Setting CVar [[r.VolumetricFog.HistoryMissSupersampleCount:4]]
[2021.12.02-20.35.10:006][  0]LogConfig: Setting CVar [[r.LightMaxDrawDistanceScale:1]]
[2021.12.02-20.35.10:006][  0]LogConfig: Setting CVar [[r.CapsuleShadows:1]]
[2021.12.02-20.35.10:006][  0]LogConfig: Applying CVar settings from Section [PostProcessQuality@3] File [C:/Users/Alexander/Documents/GitHub/VR-Flight-Fighter/FighterFlight/Saved/Config/Windows/Scalability.ini]
[2021.12.02-20.35.10:006][  0]LogConfig: Setting CVar [[r.MotionBlurQuality:4]]
[2021.12.02-20.35.10:006][  0]LogConfig: Setting CVar [[r.AmbientOcclusionMipLevelFactor:0.4]]
[2021.12.02-20.35.10:006][  0]LogConfig: Setting CVar [[r.AmbientOcclusionMaxQuality:100]]
[2021.12.02-20.35.10:006][  0]LogConfig: Setting CVar [[r.AmbientOcclusionLevels:-1]]
[2021.12.02-20.35.10:006][  0]LogConfig: Setting CVar [[r.AmbientOcclusionRadiusScale:1.0]]
[2021.12.02-20.35.10:006][  0]LogConfig: Setting CVar [[r.DepthOfFieldQuality:2]]
[2021.12.02-20.35.10:006][  0]LogConfig: Setting CVar [[r.RenderTargetPoolMin:400]]
[2021.12.02-20.35.10:006][  0]LogConfig: Setting CVar [[r.LensFlareQuality:2]]
[2021.12.02-20.35.10:006][  0]LogConfig: Setting CVar [[r.SceneColorFringeQuality:1]]
[2021.12.02-20.35.10:006][  0]LogConfig: Setting CVar [[r.EyeAdaptationQuality:2]]
[2021.12.02-20.35.10:006][  0]LogConfig: Setting CVar [[r.BloomQuality:5]]
[2021.12.02-20.35.10:006][  0]LogConfig: Setting CVar [[r.FastBlurThreshold:100]]
[2021.12.02-20.35.10:006][  0]LogConfig: Setting CVar [[r.Upscale.Quality:3]]
[2021.12.02-20.35.10:006][  0]LogConfig: Setting CVar [[r.Tonemapper.GrainQuantization:1]]
[2021.12.02-20.35.10:006][  0]LogConfig: Setting CVar [[r.LightShaftQuality:1]]
[2021.12.02-20.35.10:006][  0]LogConfig: Setting CVar [[r.Filter.SizeScale:1]]
[2021.12.02-20.35.10:006][  0]LogConfig: Setting CVar [[r.Tonemapper.Quality:5]]
[2021.12.02-20.35.10:006][  0]LogConfig: Setting CVar [[r.DOF.Gather.AccumulatorQuality:1        ; higher gathering accumulator quality]]
[2021.12.02-20.35.10:006][  0]LogConfig: Setting CVar [[r.DOF.Gather.PostfilterMethod:1          ; Median3x3 postfilering method]]
[2021.12.02-20.35.10:006][  0]LogConfig: Setting CVar [[r.DOF.Gather.EnableBokehSettings:0       ; no bokeh simulation when gathering]]
[2021.12.02-20.35.10:006][  0]LogConfig: Setting CVar [[r.DOF.Gather.RingCount:4                 ; medium number of samples when gathering]]
[2021.12.02-20.35.10:006][  0]LogConfig: Setting CVar [[r.DOF.Scatter.ForegroundCompositing:1    ; additive foreground scattering]]
[2021.12.02-20.35.10:006][  0]LogConfig: Setting CVar [[r.DOF.Scatter.BackgroundCompositing:2    ; additive background scattering]]
[2021.12.02-20.35.10:007][  0]LogConfig: Setting CVar [[r.DOF.Scatter.EnableBokehSettings:1      ; bokeh simulation when scattering]]
[2021.12.02-20.35.10:007][  0]LogConfig: Setting CVar [[r.DOF.Scatter.MaxSpriteRatio:0.1         ; only a maximum of 10% of scattered bokeh]]
[2021.12.02-20.35.10:007][  0]LogConfig: Setting CVar [[r.DOF.Recombine.Quality:1                ; cheap slight out of focus]]
[2021.12.02-20.35.10:007][  0]LogConfig: Setting CVar [[r.DOF.Recombine.EnableBokehSettings:0    ; no bokeh simulation on slight out of focus]]
[2021.12.02-20.35.10:007][  0]LogConfig: Setting CVar [[r.DOF.TemporalAAQuality:1                ; more stable temporal accumulation]]
[2021.12.02-20.35.10:007][  0]LogConfig: Setting CVar [[r.DOF.Kernel.MaxForegroundRadius:0.025]]
[2021.12.02-20.35.10:007][  0]LogConfig: Setting CVar [[r.DOF.Kernel.MaxBackgroundRadius:0.025]]
[2021.12.02-20.35.10:007][  0]LogConfig: Applying CVar settings from Section [TextureQuality@3] File [C:/Users/Alexander/Documents/GitHub/VR-Flight-Fighter/FighterFlight/Saved/Config/Windows/Scalability.ini]
[2021.12.02-20.35.10:007][  0]LogConfig: Setting CVar [[r.Streaming.MipBias:0]]
[2021.12.02-20.35.10:007][  0]LogConfig: Setting CVar [[r.Streaming.AmortizeCPUToGPUCopy:0]]
[2021.12.02-20.35.10:007][  0]LogConfig: Setting CVar [[r.Streaming.MaxNumTexturesToStreamPerFrame:0]]
[2021.12.02-20.35.10:007][  0]LogConfig: Setting CVar [[r.Streaming.Boost:1]]
[2021.12.02-20.35.10:007][  0]LogConfig: Setting CVar [[r.MaxAnisotropy:8]]
[2021.12.02-20.35.10:007][  0]LogConfig: Setting CVar [[r.VT.MaxAnisotropy:8]]
[2021.12.02-20.35.10:007][  0]LogConfig: Setting CVar [[r.Streaming.LimitPoolSizeToVRAM:0]]
[2021.12.02-20.35.10:007][  0]LogConfig: Setting CVar [[r.Streaming.PoolSize:1000]]
[2021.12.02-20.35.10:007][  0]LogConfig: Setting CVar [[r.Streaming.MaxEffectiveScreenSize:0]]
[2021.12.02-20.35.10:007][  0]LogConfig: Applying CVar settings from Section [EffectsQuality@3] File [C:/Users/Alexander/Documents/GitHub/VR-Flight-Fighter/FighterFlight/Saved/Config/Windows/Scalability.ini]
[2021.12.02-20.35.10:007][  0]LogConfig: Setting CVar [[r.TranslucencyLightingVolumeDim:64]]
[2021.12.02-20.35.10:007][  0]LogConfig: Setting CVar [[r.RefractionQuality:2]]
[2021.12.02-20.35.10:007][  0]LogConfig: Setting CVar [[r.SSR.Quality:3]]
[2021.12.02-20.35.10:007][  0]LogConfig: Setting CVar [[r.SSR.HalfResSceneColor:0]]
[2021.12.02-20.35.10:007][  0]LogConfig: Setting CVar [[r.SceneColorFormat:4]]
[2021.12.02-20.35.10:007][  0]LogConfig: Setting CVar [[r.DetailMode:2]]
[2021.12.02-20.35.10:007][  0]LogConfig: Setting CVar [[r.TranslucencyVolumeBlur:1]]
[2021.12.02-20.35.10:007][  0]LogConfig: Setting CVar [[r.MaterialQualityLevel:1 ; High quality]]
[2021.12.02-20.35.10:007][  0]LogConfig: Setting CVar [[r.AnisotropicMaterials:1]]
[2021.12.02-20.35.10:007][  0]LogConfig: Setting CVar [[r.SSS.Scale:1]]
[2021.12.02-20.35.10:007][  0]LogConfig: Setting CVar [[r.SSS.SampleSet:2]]
[2021.12.02-20.35.10:007][  0]LogConfig: Setting CVar [[r.SSS.Quality:1]]
[2021.12.02-20.35.10:007][  0]LogConfig: Setting CVar [[r.SSS.HalfRes:0]]
[2021.12.02-20.35.10:007][  0]LogConfig: Setting CVar [[r.SSGI.Quality:3]]
[2021.12.02-20.35.10:007][  0]LogConfig: Setting CVar [[r.EmitterSpawnRateScale:1.0]]
[2021.12.02-20.35.10:007][  0]LogConfig: Setting CVar [[r.ParticleLightQuality:2]]
[2021.12.02-20.35.10:007][  0]LogConfig: Setting CVar [[r.SkyAtmosphere.AerialPerspectiveLUT.FastApplyOnOpaque:1 ; Always have FastSkyLUT 1 in this case to avoid wrong sky]]
[2021.12.02-20.35.10:007][  0]LogConfig: Setting CVar [[r.SkyAtmosphere.AerialPerspectiveLUT.SampleCountMaxPerSlice:4]]
[2021.12.02-20.35.10:007][  0]LogConfig: Setting CVar [[r.SkyAtmosphere.AerialPerspectiveLUT.DepthResolution:16.0]]
[2021.12.02-20.35.10:007][  0]LogConfig: Setting CVar [[r.SkyAtmosphere.FastSkyLUT:1]]
[2021.12.02-20.35.10:007][  0]LogConfig: Setting CVar [[r.SkyAtmosphere.FastSkyLUT.SampleCountMin:4.0]]
[2021.12.02-20.35.10:008][  0]LogConfig: Setting CVar [[r.SkyAtmosphere.FastSkyLUT.SampleCountMax:128.0]]
[2021.12.02-20.35.10:008][  0]LogConfig: Setting CVar [[r.SkyAtmosphere.SampleCountMin:4.0]]
[2021.12.02-20.35.10:008][  0]LogConfig: Setting CVar [[r.SkyAtmosphere.SampleCountMax:128.0]]
[2021.12.02-20.35.10:008][  0]LogConfig: Setting CVar [[r.SkyAtmosphere.TransmittanceLUT.UseSmallFormat:0]]
[2021.12.02-20.35.10:008][  0]LogConfig: Setting CVar [[r.SkyAtmosphere.TransmittanceLUT.SampleCount:10.0]]
[2021.12.02-20.35.10:008][  0]LogConfig: Setting CVar [[r.SkyAtmosphere.MultiScatteringLUT.SampleCount:15.0]]
[2021.12.02-20.35.10:008][  0]LogConfig: Setting CVar [[r.SkyLight.RealTimeReflectionCapture:1]]
[2021.12.02-20.35.10:008][  0]LogConfig: Applying CVar settings from Section [FoliageQuality@3] File [C:/Users/Alexander/Documents/GitHub/VR-Flight-Fighter/FighterFlight/Saved/Config/Windows/Scalability.ini]
[2021.12.02-20.35.10:008][  0]LogConfig: Setting CVar [[foliage.DensityScale:1.0]]
[2021.12.02-20.35.10:008][  0]LogConfig: Setting CVar [[grass.DensityScale:1.0]]
[2021.12.02-20.35.10:008][  0]LogConfig: Applying CVar settings from Section [ShadingQuality@3] File [C:/Users/Alexander/Documents/GitHub/VR-Flight-Fighter/FighterFlight/Saved/Config/Windows/Scalability.ini]
[2021.12.02-20.35.10:008][  0]LogConfig: Setting CVar [[r.HairStrands.SkyLighting.IntegrationType:2]]
[2021.12.02-20.35.10:008][  0]LogConfig: Setting CVar [[r.HairStrands.SkyAO.SampleCount:4]]
[2021.12.02-20.35.10:008][  0]LogConfig: Setting CVar [[r.HairStrands.Visibility.MSAA.SamplePerPixel:4]]
[2021.12.02-20.35.10:008][  0]LogConfig: Applying CVar settings from Section [Startup] File [../../../Engine/Config/ConsoleVariables.ini]
[2021.12.02-20.35.10:122][  0]LogConfig: Setting CVar [[net.UseAdaptiveNetUpdateFrequency:0]]
[2021.12.02-20.35.10:122][  0]LogConfig: Setting CVar [[p.chaos.AllowCreatePhysxBodies:1]]
[2021.12.02-20.35.10:122][  0]LogConfig: Setting CVar [[fx.SkipVectorVMBackendOptimizations:1]]
[2021.12.02-20.35.10:122][  0]LogConfig: Applying CVar settings from Section [ConsoleVariables] File [C:/Users/Alexander/Documents/GitHub/VR-Flight-Fighter/FighterFlight/Saved/Config/Windows/Engine.ini]
[2021.12.02-20.35.10:122][  0]LogConfig: Applying CVar settings from Section [ConsoleVariables] File [C:/Users/Alexander/Documents/GitHub/VR-Flight-Fighter/FighterFlight/Saved/Config/Windows/Editor.ini]
[2021.12.02-20.35.10:122][  0]LogInit: Computer: DESKTOP-17PFU3T
[2021.12.02-20.35.10:122][  0]LogInit: User: Alexander
[2021.12.02-20.35.10:122][  0]LogInit: CPU Page size=4096, Cores=2
[2021.12.02-20.35.10:122][  0]LogInit: High frequency timer resolution =10.000000 MHz
[2021.12.02-20.35.10:123][  0]LogMemory: Memory total: Physical=15.9GB (16GB approx)
[2021.12.02-20.35.10:123][  0]LogMemory: Platform Memory Stats for Windows
[2021.12.02-20.35.10:123][  0]LogMemory: Process Physical Memory: 137.25 MB used, 137.26 MB peak
[2021.12.02-20.35.10:123][  0]LogMemory: Process Virtual Memory: 116.75 MB used, 116.75 MB peak
[2021.12.02-20.35.10:123][  0]LogMemory: Physical Memory: 6985.21 MB used,  9268.45 MB free, 16253.65 MB total
[2021.12.02-20.35.10:123][  0]LogMemory: Virtual Memory: 134207088.00 MB used,  10642.48 MB free, 134217728.00 MB total
[2021.12.02-20.35.10:129][  0]LogWindows: WindowsPlatformFeatures enabled
[2021.12.02-20.35.10:214][  0]LogInit: Physics initialised using underlying interface: PhysX
[2021.12.02-20.35.10:216][  0]LogInit: Using OS detected language (en-US).
[2021.12.02-20.35.10:216][  0]LogInit: Using OS detected locale (en-US).
[2021.12.02-20.35.10:225][  0]LogTextLocalizationManager: No specific localization for 'en-US' exists, so the 'en' localization will be used.
[2021.12.02-20.35.10:882][  0]LogInit: Setting process to per monitor DPI aware
[2021.12.02-20.35.10:929][  0]LogWindowsTextInputMethodSystem: Display: IME system deactivated.
[2021.12.02-20.35.11:079][  0]LogSlate: New Slate User Created.  User Index 0, Is Virtual User: 0
[2021.12.02-20.35.11:079][  0]LogSlate: Slate User Registered.  User Index 0, Is Virtual User: 0
[2021.12.02-20.35.16:214][  0]LogD3D11RHI: Loaded GFSDK_Aftermath_Lib.x64.dll
[2021.12.02-20.35.16:488][  0]LogHMD: Optional extension XR_VARJO_quad_views is not available
[2021.12.02-20.35.16:488][  0]LogHMD: Warning: Required extension XR_EXT_eye_gaze_interaction is not available
[2021.12.02-20.35.16:488][  0]LogHMD: Could not enable all required OpenXR extensions for OpenXREyeTracker on current system. This plugin will be loaded but ignored, but will be enabled on a target platform that supports the required extension.
[2021.12.02-20.35.19:172][  0]LogHMD: Failed to create an OpenXR instance, result is XR_ERROR_RUNTIME_FAILURE. Please check if you have an OpenXR runtime installed. The following extensions were enabled:
[2021.12.02-20.35.19:172][  0]LogHMD: - XR_KHR_D3D11_enable
[2021.12.02-20.35.19:172][  0]LogHMD: - XR_KHR_D3D12_enable
[2021.12.02-20.35.19:172][  0]LogHMD: - XR_KHR_opengl_enable
[2021.12.02-20.35.19:172][  0]LogHMD: - XR_KHR_vulkan_enable
[2021.12.02-20.35.19:172][  0]LogHMD: - XR_KHR_composition_layer_depth
[2021.12.02-20.35.19:172][  0]LogHMD: - XR_KHR_visibility_mask
[2021.12.02-20.35.19:172][  0]LogHMD: - XR_EXT_hand_tracking
[2021.12.02-20.35.19:172][  0]LogD3D11RHI: D3D11 min allowed feature level: 11_0
[2021.12.02-20.35.19:172][  0]LogD3D11RHI: D3D11 max allowed feature level: 11_0
[2021.12.02-20.35.19:172][  0]LogD3D11RHI: D3D11 adapters:
[2021.12.02-20.35.19:425][  0]LogD3D11RHI:    0. 'NVIDIA GeForce 940MX' (Feature Level 11_0)
[2021.12.02-20.35.19:425][  0]LogD3D11RHI:       2010/0/8126 MB DedicatedVideo/DedicatedSystem/SharedSystem, Outputs:1, VendorId:0x10de
[2021.12.02-20.35.19:449][  0]LogD3D11RHI:    1. 'Intel(R) HD Graphics 620' (Feature Level 11_0)
[2021.12.02-20.35.19:449][  0]LogD3D11RHI:       128/0/8126 MB DedicatedVideo/DedicatedSystem/SharedSystem, Outputs:0, VendorId:0x8086
[2021.12.02-20.35.19:452][  0]LogD3D11RHI:    2. 'Microsoft Basic Render Driver' (Feature Level 11_0)
[2021.12.02-20.35.19:452][  0]LogD3D11RHI:       0/0/8126 MB DedicatedVideo/DedicatedSystem/SharedSystem, Outputs:0, VendorId:0x1414
[2021.12.02-20.35.19:452][  0]LogD3D11RHI: Chosen D3D11 Adapter: 0
[2021.12.02-20.35.19:459][  0]LogD3D11RHI: Creating new Direct3DDevice
[2021.12.02-20.35.19:459][  0]LogD3D11RHI:     GPU DeviceId: 0x134d (for the marketing name, search the web for "GPU Device Id")
[2021.12.02-20.35.19:459][  0]LogWindows: EnumDisplayDevices:
[2021.12.02-20.35.19:459][  0]LogWindows:    0. 'Intel(R) HD Graphics 620' (P:1 D:1)
[2021.12.02-20.35.19:460][  0]LogWindows:    1. 'Intel(R) HD Graphics 620' (P:0 D:0)
[2021.12.02-20.35.19:460][  0]LogWindows:    2. 'Intel(R) HD Graphics 620' (P:0 D:0)
[2021.12.02-20.35.19:460][  0]LogWindows: DebugString: PrimaryIsNotTheChoosenAdapter PrimaryIsNotTheChoosenAdapter PrimaryIsNotTheChoosenAdapter FoundDriverCount:0 
[2021.12.02-20.35.19:460][  0]LogD3D11RHI:     Adapter Name: NVIDIA GeForce 940MX
[2021.12.02-20.35.19:460][  0]LogD3D11RHI:   Driver Version: Unknown (internal:Unknown, unified:Unknown)
[2021.12.02-20.35.19:460][  0]LogD3D11RHI:      Driver Date: Unknown
[2021.12.02-20.35.19:460][  0]LogRHI: Texture pool is 1407 MB (70% of 2010 MB)
[2021.12.02-20.35.19:559][  0]LogD3D11RHI: RHI has support for 64 bit atomics
[2021.12.02-20.35.19:559][  0]LogD3D11RHI: Async texture creation enabled
[2021.12.02-20.35.19:582][  0]LogD3D11RHI: GPU Timing Frequency: 1000.000000 (Debug: 2 1)
[2021.12.02-20.35.19:654][  0]LogRHI: GeForceNow SDK initialized: 1
[2021.12.02-20.35.20:319][  0]LogTargetPlatformManager: Display: Loaded TargetPlatform 'AllDesktop'
[2021.12.02-20.35.20:345][  0]LogTargetPlatformManager: Display: Loaded TargetPlatform 'Android'
[2021.12.02-20.35.20:345][  0]LogTargetPlatformManager: Display: Loaded TargetPlatform 'Android_ASTC'
[2021.12.02-20.35.20:345][  0]LogTargetPlatformManager: Display: Loaded TargetPlatform 'Android_DXT'
[2021.12.02-20.35.20:345][  0]LogTargetPlatformManager: Display: Loaded TargetPlatform 'Android_ETC2'
[2021.12.02-20.35.20:345][  0]LogTargetPlatformManager: Display: Loaded TargetPlatform 'AndroidClient'
[2021.12.02-20.35.20:345][  0]LogTargetPlatformManager: Display: Loaded TargetPlatform 'Android_ASTCClient'
[2021.12.02-20.35.20:345][  0]LogTargetPlatformManager: Display: Loaded TargetPlatform 'Android_DXTClient'
[2021.12.02-20.35.20:346][  0]LogTargetPlatformManager: Display: Loaded TargetPlatform 'Android_ETC2Client'
[2021.12.02-20.35.20:346][  0]LogTargetPlatformManager: Display: Loaded TargetPlatform 'Android_Multi'
[2021.12.02-20.35.20:346][  0]LogTargetPlatformManager: Display: Loaded TargetPlatform 'Android_MultiClient'
[2021.12.02-20.35.20:369][  0]LogTargetPlatformManager: Display: Loaded TargetPlatform 'IOSClient'
[2021.12.02-20.35.20:369][  0]LogTargetPlatformManager: Display: Loaded TargetPlatform 'IOS'
[2021.12.02-20.35.20:422][  0]LogTargetPlatformManager: Display: Loaded TargetPlatform 'Linux'
[2021.12.02-20.35.20:427][  0]LogTargetPlatformManager: Display: Loaded TargetPlatform 'LinuxNoEditor'
[2021.12.02-20.35.20:433][  0]LogTargetPlatformManager: Display: Loaded TargetPlatform 'LinuxClient'
[2021.12.02-20.35.20:438][  0]LogTargetPlatformManager: Display: Loaded TargetPlatform 'LinuxServer'
[2021.12.02-20.35.20:464][  0]LogTargetPlatformManager: Display: Loaded TargetPlatform 'LinuxAArch64NoEditor'
[2021.12.02-20.35.20:473][  0]LogTargetPlatformManager: Display: Loaded TargetPlatform 'LinuxAArch64Client'
[2021.12.02-20.35.20:478][  0]LogTargetPlatformManager: Display: Loaded TargetPlatform 'LinuxAArch64Server'
[2021.12.02-20.35.20:530][  0]LogTargetPlatformManager: Display: Loaded TargetPlatform 'Lumin'
[2021.12.02-20.35.20:530][  0]LogTargetPlatformManager: Display: Loaded TargetPlatform 'LuminClient'
[2021.12.02-20.35.20:549][  0]LogTargetPlatformManager: Display: Loaded TargetPlatform 'MacNoEditor'
[2021.12.02-20.35.20:556][  0]LogTargetPlatformManager: Display: Loaded TargetPlatform 'Mac'
[2021.12.02-20.35.20:560][  0]LogTargetPlatformManager: Display: Loaded TargetPlatform 'MacClient'
[2021.12.02-20.35.20:566][  0]LogTargetPlatformManager: Display: Loaded TargetPlatform 'MacServer'
[2021.12.02-20.35.20:578][  0]LogTargetPlatformManager: Display: Loaded TargetPlatform 'TVOSClient'
[2021.12.02-20.35.20:578][  0]LogTargetPlatformManager: Display: Loaded TargetPlatform 'TVOS'
[2021.12.02-20.35.20:590][  0]LogTargetPlatformManager: Display: Loaded TargetPlatform 'WindowsNoEditor'
[2021.12.02-20.35.20:595][  0]LogTargetPlatformManager: Display: Loaded TargetPlatform 'Windows'
[2021.12.02-20.35.20:601][  0]LogTargetPlatformManager: Display: Loaded TargetPlatform 'WindowsClient'
[2021.12.02-20.35.20:608][  0]LogTargetPlatformManager: Display: Loaded TargetPlatform 'WindowsServer'
[2021.12.02-20.35.20:608][  0]LogTargetPlatformManager: Display: Building Assets For Windows
[2021.12.02-20.35.20:618][  0]LogAudioDebug: Display: Lib vorbis DLL was dynamically loaded.
[2021.12.02-20.35.20:665][  0]LogTextureFormatOodle: Display: Oodle Texture 2.9.0 init RDO Off
[2021.12.02-20.35.20:709][  0]LogRendererCore: Ray tracing is disabled. Reason: r.RayTracing=0.
[2021.12.02-20.35.20:709][  0]LogShaderCompilers: Guid format shader working directory is -33 characters bigger than the processId version (../../../../../../Users/Alexander/Documents/GitHub/VR-Flight-Fighter/FighterFlight/Intermediate/Shaders/WorkingDirectory/19356/).
[2021.12.02-20.35.20:709][  0]LogShaderCompilers: Cleaned the shader compiler working directory 'C:/Users/Alexander/AppData/Local/Temp/UnrealShaderWorkingDir/7E978C6F4EDED6B5FF7F3293198B1685/'.
[2021.12.02-20.35.20:709][  0]LogXGEController: Cannot use XGE Controller as Incredibuild is not installed on this machine.
[2021.12.02-20.35.20:709][  0]LogShaderCompilers: Cannot use XGE Shader Compiler as Incredibuild is not installed on this machine.
[2021.12.02-20.35.20:709][  0]LogShaderCompilers: Display: Using Local Shader Compiler.
[2021.12.02-20.35.22:863][  0]LogDerivedDataCache: Display: Max Cache Size: 512 MB
[2021.12.02-20.35.22:944][  0]LogDerivedDataCache: Loaded boot cache 0.08s 97MB C:/Users/Alexander/AppData/Local/UnrealEngine/4.27/DerivedDataCache/Boot.ddc.
[2021.12.02-20.35.22:944][  0]LogDerivedDataCache: Display: Loaded Boot cache: C:/Users/Alexander/AppData/Local/UnrealEngine/4.27/DerivedDataCache/Boot.ddc
[2021.12.02-20.35.22:944][  0]LogDerivedDataCache: FDerivedDataBackendGraph:  Pak pak cache file ../../../../../../Users/Alexander/Documents/GitHub/VR-Flight-Fighter/FighterFlight/DerivedDataCache/DDC.ddp not found, will not use a pak cache.
[2021.12.02-20.35.22:944][  0]LogDerivedDataCache: Unable to find inner node Pak for hierarchical cache Hierarchy.
[2021.12.02-20.35.22:944][  0]LogDerivedDataCache: FDerivedDataBackendGraph:  CompressedPak pak cache file ../../../../../../Users/Alexander/Documents/GitHub/VR-Flight-Fighter/FighterFlight/DerivedDataCache/Compressed.ddp not found, will not use a pak cache.
[2021.12.02-20.35.22:944][  0]LogDerivedDataCache: Unable to find inner node CompressedPak for hierarchical cache Hierarchy.
[2021.12.02-20.35.22:963][  0]LogDerivedDataCache: Display: Pak cache opened for reading ../../../Engine/DerivedDataCache/Compressed.ddp.
[2021.12.02-20.35.22:963][  0]LogDerivedDataCache: FDerivedDataBackendGraph:  EnterprisePak pak cache file ../../../Enterprise/DerivedDataCache/Compressed.ddp not found, will not use a pak cache.
[2021.12.02-20.35.22:963][  0]LogDerivedDataCache: Unable to find inner node EnterprisePak for hierarchical cache Hierarchy.
[2021.12.02-20.35.23:141][  0]LogDerivedDataCache: Speed tests for C:/Users/Alexander/AppData/Local/UnrealEngine/Common/DerivedDataCache took 0.18 seconds
[2021.12.02-20.35.23:141][  0]LogDerivedDataCache: Display: Performance to C:/Users/Alexander/AppData/Local/UnrealEngine/Common/DerivedDataCache: Latency=0.07ms. RandomReadSpeed=5.43MBs, RandomWriteSpeed=139.11MBs. Assigned SpeedClass 'Local'
[2021.12.02-20.35.23:142][  0]LogDerivedDataCache: Using Local data cache path C:/Users/Alexander/AppData/Local/UnrealEngine/Common/DerivedDataCache: Writable
[2021.12.02-20.35.23:142][  0]LogDerivedDataCache: Shared data cache path not found in *engine.ini, will not use an Shared cache.
[2021.12.02-20.35.23:142][  0]LogDerivedDataCache: Unable to find inner node Shared for hierarchical cache Hierarchy.
[2021.12.02-20.35.23:198][  0]LogSlate: Using FreeType 2.10.0
[2021.12.02-20.35.23:216][  0]LogSlate: SlateFontServices - WITH_FREETYPE: 1, WITH_HARFBUZZ: 1
[2021.12.02-20.35.23:235][  0]LogHMD: Optional extension XR_VARJO_quad_views is not available
[2021.12.02-20.35.23:235][  0]LogHMD: Warning: Required extension XR_EXT_eye_gaze_interaction is not available
[2021.12.02-20.35.23:235][  0]LogHMD: Could not enable all required OpenXR extensions for OpenXREyeTracker on current system. This plugin will be loaded but ignored, but will be enabled on a target platform that supports the required extension.
[2021.12.02-20.35.25:843][  0]LogHMD: Failed to create an OpenXR instance, result is XR_ERROR_RUNTIME_FAILURE. Please check if you have an OpenXR runtime installed. The following extensions were enabled:
[2021.12.02-20.35.25:843][  0]LogHMD: - XR_KHR_D3D11_enable
[2021.12.02-20.35.25:843][  0]LogHMD: - XR_KHR_D3D12_enable
[2021.12.02-20.35.25:843][  0]LogHMD: - XR_KHR_opengl_enable
[2021.12.02-20.35.25:843][  0]LogHMD: - XR_KHR_vulkan_enable
[2021.12.02-20.35.25:843][  0]LogHMD: - XR_KHR_composition_layer_depth
[2021.12.02-20.35.25:843][  0]LogHMD: - XR_KHR_visibility_mask
[2021.12.02-20.35.25:843][  0]LogHMD: - XR_EXT_hand_tracking
[2021.12.02-20.35.27:295][  0]LogAssetRegistry: FAssetRegistry took 0.0039 seconds to start up
[2021.12.02-20.35.27:658][  0]LogInit: Selected Device Profile: [Windows]
[2021.12.02-20.35.27:658][  0]LogInit: Active device profile: [000002133E1BAD00][0000021335204B40 49] Windows
[2021.12.02-20.35.27:658][  0]LogInit: Profiles: [000002133E1BAD00][0000021335204B40 49] Windows, [000002133E151900][000002131BACECC0 49] WindowsNoEditor, [000002133E1BA100][000002131BAD2E40 49] WindowsServer, [000002133E152400][000002131BACAF80 49] WindowsClient, [000002133E1BB600][000002131BAD70C0 49] IOS, [000002133E153E00][000002131BADB200 49] iPadAir, [000002133E1B8900][000002131BADF340 49] iPadAir2, [000002133E101000][00000213348EB600 49] IPadPro, [000002133E101100][00000213348E7640 49] iPadAir3, [000002133E1B8800][00000213348EF7C0 49] iPadAir4, [000002133E103100][00000213348F3940 49] iPadMini2, [000002133E100800][00000213348F7AC0 49] iPadMini3, [000002133E152000][00000213348FA0C0 49] iPadMini4, [000002133E103F00][00000213348FE240 49] iPadMini5, [000002133E108900][0000021334906500 49] iPhone6, [000002133E108A00][0000021334902540 49] iPodTouch6, [000002133E1B8700][000002133490E800 49] iPhone7, [000002133E1B9400][000002133490A840 49] iPodTouch7, [000002133E108300][00000213349129C0 49] iPhone5S, [000002133E152C00][0000021334916B40 49] iPhone6Plus, [000002133E10BB00][000002133491ACC0 49] iPhone6S, [000002133E150A00][000002133491EE40 49] iPhone6SPlus, [000002133E10B500][0000021334922FC0 49] iPhone7Plus, [000002133E150800][0000021334927140 49] iPhoneSE, [000002133E10A100][000002131BAE3280 49] iPhone8, [000002133E153600][000002133AD193C0 49] iPhone8Plus, [000002133E108400][000002133D0C3500 49] iPhoneX, [000002133E153100][000002133D0CB680 49] iPhoneXS, [000002133E1B9800][000002133D0CF800 49] iPhoneXSMax, [000002133E150300][000002133D0D3980 49] iPhoneXR, [000002133E1BB300][000002133E829B00 49] iPhone11, [000002133E151700][000002133E834100 49] iPhone11Pro, [000002133E1B9000][000002133E838280 49] iPhone11ProMax, [000002133E150F00][000002133E83C400 49] iPhoneSE2, [000002133E1BA700][000002133E840580 49] iPhone12Mini, [000002133E151600][000002133E844700 49] iPhone12, [000002133E1B9D00][000002133E848880 49] iPhone12Pro, [000002133E153000][000002133E858A00 49] iPhone12ProMax, [000002133E1B8E00][000002133E84CB80 49] iPadPro105, [000002133E153500][000002133E85CD00 49] iPadPro129, [000002133E1BAA00][000002133E5A6E80 49] iPadPro97, [000002133E151100][000002133E5AB000 49] iPadPro2_129, [000002133E1B8100][00000213351CB180 49] iPad5, [000002133E152800][00000213351CF300 49] iPad6, [000002133E1B9500][000002133D0C7440 49] iPad7, [000002133E150E00][0000021334CA7580 49] iPad8, [000002133E1B8F00][0000021334CAB6C0 49] iPadPro11, [000002133E150700][00000213351DB840 49] iPadPro2_11, [000002133E1B9600][000002133E7D79C0 49] iPadPro3_129, [000002133E153800][000002133E81FB40 49] iPadPro4_129, [000002133E1B9200][000002133E9B6140 49] AppleTV, [000002133E153300][000002133E9BE2C0 49] AppleTV4K, [000002133E1BAF00][000002133E9CC440 49] TVOS, [000002133E152500][000002133E9D05C0 49] Mac, [000002133E1B9E00][000002133EA52740 49] MacClient, [000002133E152300][000002133EF388C0 49] MacNoEditor, [000002133E1BB800][000002133EFBAA40 49] MacServer, [000002133E153400][000002133F076BC0 49] Linux, [000002133E1BAB00][000002133F0FCD40 49] LinuxAArch64, [000002133E150B00][0000021334C3CEC0 49] LinuxNoEditor, [000002133E1BB700][0000021334C41040 49] LinuxAArch64NoEditor, [000002133E151C00][0000021334C451C0 49] LinuxClient, [000002133E1B9B00][0000021334C49340 49] LinuxAArch64Client, [000002133E153F00][0000021334C4D4C0 49] LinuxServer, [000002133E1B8200][00000213351D7600 49] LinuxAArch64Server, [000002133E152100][0000021334C73740 49] Android, [000002133E1B8500][000002133E74D880 49] Android_Low, [000002133E152F00][000002133E7579C0 49] Android_Mid, [000002133E1BA400][000002133E75FB40 49] Android_High, [000002133E10A000][000002133E762140 49] Android_Default, [000002133E101800][000002133E7662C0 49] Android_Adreno4xx, [000002133E10AA00][0000021335198440 49] Android_Adreno5xx_Low, [000002133E101900][000002133E7705C0 49] Android_Adreno5xx, [000002133E108100][000002133E774740 49] Android_Adreno6xx, [000002133E101A00][000002133519C8C0 49] Android_Adreno6xx_Vulkan, [000002133E109100][000002133D166A40 49] Android_Mali_T6xx, [000002133E102600][00000213351A0BC0 49] Android_Mali_T7xx, [000002133E10B200][00000213351A4D40 49] Android_Mali_T8xx, [000002133E103E00][00000213351A8EC0 49] Android_Mali_G71, [000002133E108500][00000213351AD040 49] Android_Mali_G72, [000002133E102E00][00000213351B11C0 49] Android_Mali_G72_Vulkan, [000002133E109E00][00000213351B5340 49] Android_Mali_G76, [000002133E101300][00000213351B94C0 49] Android_Mali_G76_Vulkan, [000002133E108800][00000213351C5640 49] Android_Mali_G77, [000002133E100100][000002133E75B780 49] Android_Mali_G77_Vulkan, [000002133E10BC00][000002133E99D8C0 49] Android_Mali_G78, [000002133E100A00][000002133E9BBA00 49] Android_Mali_G78_Vulkan, [000002133E10B800][000002133EC3BB40 49] Android_Mali_G710, [000002133E101E00][000002133EC42140 49] Android_Mali_G710_Vulkan, [000002133E10AD00][000002133EC462C0 49] Android_Vulkan_SM5, [000002133E100200][000002133EC4A440 49] Android_PowerVR_G6xxx, [000002133E10BD00][000002133EFB25C0 49] Android_PowerVR_GT7xxx, [000002133E102500][000002133EF10740 49] Android_PowerVR_GE8xxx, [000002133E10AB00][000002133EED68C0 49] Android_PowerVR_GM9xxx, [000002133E102200][000002133EEBCA40 49] Android_PowerVR_GM9xxx_Vulkan, [000002133E109300][000002133E850BC0 49] Android_TegraK1, [000002133E102800][000002133E9B2D40 49] Android_Unknown_Vulkan, [000002133E109500][000002133E81AEC0 49] Lumin, [000002133E153C00][000002133E7EF040 49] Lumin_Desktop, [000002133E10A900][000002133E7EB1C0 49] HoloLens, 
[2021.12.02-20.35.27:840][  0]LogMeshReduction: Using QuadricMeshReduction for automatic static mesh reduction
[2021.12.02-20.35.27:840][  0]LogMeshReduction: Using SimplygonMeshReduction for automatic skeletal mesh reduction
[2021.12.02-20.35.27:840][  0]LogMeshReduction: Using ProxyLODMeshReduction for automatic mesh merging
[2021.12.02-20.35.27:840][  0]LogMeshReduction: No distributed automatic mesh merging module available
[2021.12.02-20.35.27:840][  0]LogMeshMerging: No distributed automatic mesh merging module available
[2021.12.02-20.35.27:933][  0]LogNetVersion: FighterFlight 1.0.0, NetCL: 17155196, EngineNetVer: 17, GameNetVer: 0 (Checksum: 2687385895)
